[2026-06-08T12:32:18.637+0000] {local_task_job_runner.py:120} INFO - ::group::Pre task execution logs
[2026-06-08T12:32:18.695+0000] {taskinstance.py:2076} INFO - Dependencies all met for dep_context=non-requeueable deps ti=<TaskInstance: weather_pipeline.fetch_weather scheduled__2026-06-07T06:00:00+00:00 [queued]>
[2026-06-08T12:32:18.705+0000] {taskinstance.py:2076} INFO - Dependencies all met for dep_context=requeueable deps ti=<TaskInstance: weather_pipeline.fetch_weather scheduled__2026-06-07T06:00:00+00:00 [queued]>
[2026-06-08T12:32:18.705+0000] {taskinstance.py:2306} INFO - Starting attempt 1 of 2
[2026-06-08T12:32:18.720+0000] {taskinstance.py:2330} INFO - Executing <Task(PythonOperator): fetch_weather> on 2026-06-07 06:00:00+00:00
[2026-06-08T12:32:18.726+0000] {logging_mixin.py:188} WARNING - /home/***/.local/lib/python3.12/site-packages/***/task/task_runner/standard_task_runner.py:61 DeprecationWarning: This process (pid=320) is multi-threaded, use of fork() may lead to deadlocks in the child.
[2026-06-08T12:32:18.726+0000] {standard_task_runner.py:90} INFO - Running: ['***', 'tasks', 'run', 'weather_pipeline', 'fetch_weather', 'scheduled__2026-06-07T06:00:00+00:00', '--job-id', '2', '--raw', '--subdir', 'DAGS_FOLDER/weather_pipeline_dag.py', '--cfg-path', '/tmp/tmpuyv_i4gh']
[2026-06-08T12:32:18.727+0000] {standard_task_runner.py:63} INFO - Started process 321 to run task
[2026-06-08T12:32:18.728+0000] {standard_task_runner.py:91} INFO - Job 2: Subtask fetch_weather
[2026-06-08T12:32:18.767+0000] {task_command.py:426} INFO - Running <TaskInstance: weather_pipeline.fetch_weather scheduled__2026-06-07T06:00:00+00:00 [running]> on host fd3e023a14c0
[2026-06-08T12:32:18.857+0000] {taskinstance.py:2648} INFO - Exporting env vars: AIRFLOW_CTX_DAG_OWNER='data-team' AIRFLOW_CTX_DAG_ID='weather_pipeline' AIRFLOW_CTX_TASK_ID='fetch_weather' AIRFLOW_CTX_EXECUTION_DATE='2026-06-07T06:00:00+00:00' AIRFLOW_CTX_TRY_NUMBER='1' AIRFLOW_CTX_DAG_RUN_ID='scheduled__2026-06-07T06:00:00+00:00'
[2026-06-08T12:32:18.857+0000] {taskinstance.py:430} INFO - ::endgroup::
[2026-06-08T12:32:18.887+0000] {weather_pipeline_dag.py:76} INFO - Démarrage de la récupération météo — 3 villes
[2026-06-08T12:32:18.888+0000] {weather_pipeline_dag.py:85} INFO - Appel API pour Paris (lat=48.8566, lon=2.3522)
[2026-06-08T12:32:19.097+0000] {weather_pipeline_dag.py:95} INFO - Données reçues pour Paris : température=21.6°C  humidité=54%  vent=15.9 km/h
[2026-06-08T12:32:19.097+0000] {weather_pipeline_dag.py:85} INFO - Appel API pour Lyon (lat=45.7640, lon=4.8357)
[2026-06-08T12:32:19.190+0000] {weather_pipeline_dag.py:95} INFO - Données reçues pour Lyon : température=26.2°C  humidité=49%  vent=12.2 km/h
[2026-06-08T12:32:19.190+0000] {weather_pipeline_dag.py:85} INFO - Appel API pour Marseille (lat=43.2965, lon=5.3698)
[2026-06-08T12:32:19.281+0000] {weather_pipeline_dag.py:95} INFO - Données reçues pour Marseille : température=26.0°C  humidité=46%  vent=13.5 km/h
[2026-06-08T12:32:19.281+0000] {weather_pipeline_dag.py:103} INFO - Récupération terminée pour 3 villes
[2026-06-08T12:32:19.283+0000] {python.py:237} INFO - Done. Returned value was: None
[2026-06-08T12:32:19.284+0000] {taskinstance.py:441} INFO - ::group::Post task execution logs
[2026-06-08T12:32:19.294+0000] {taskinstance.py:1206} INFO - Marking task as SUCCESS. dag_id=weather_pipeline, task_id=fetch_weather, run_id=scheduled__2026-06-07T06:00:00+00:00, execution_date=20260607T060000, start_date=20260608T123218, end_date=20260608T123219
[2026-06-08T12:32:19.342+0000] {local_task_job_runner.py:240} INFO - Task exited with return code 0
[2026-06-08T12:32:19.367+0000] {taskinstance.py:3498} INFO - 1 downstream tasks scheduled from follow-on schedule check
[2026-06-08T12:32:19.369+0000] {local_task_job_runner.py:222} INFO - ::endgroup::
