[2026-06-09T13:22:16.974+0000] {manager.py:470} INFO - Processing files using up to 2 processes at a time 
[2026-06-09T13:22:16.976+0000] {manager.py:471} INFO - Process each file at most once every 30 seconds
[2026-06-09T13:22:16.976+0000] {manager.py:472} INFO - Checking for new files in /opt/airflow/dags every 300 seconds
[2026-06-09T13:22:16.977+0000] {manager.py:737} INFO - Searching for files in /opt/airflow/dags
[2026-06-09T13:22:16.980+0000] {manager.py:740} INFO - There are 0 files in /opt/airflow/dags
[2026-06-09T13:25:13.321+0000] {manager.py:452} INFO - Exiting gracefully upon receiving signal 15
[2026-06-09T13:25:55.122+0000] {manager.py:470} INFO - Processing files using up to 2 processes at a time 
[2026-06-09T13:25:55.123+0000] {manager.py:471} INFO - Process each file at most once every 30 seconds
[2026-06-09T13:25:55.124+0000] {manager.py:472} INFO - Checking for new files in /opt/airflow/dags every 300 seconds
[2026-06-09T13:25:55.125+0000] {manager.py:737} INFO - Searching for files in /opt/airflow/dags
[2026-06-09T13:25:55.141+0000] {manager.py:740} INFO - There are 1 files in /opt/airflow/dags
[2026-06-09T13:25:55.312+0000] {manager.py:878} INFO - 
================================================================================
DAG File Processing Stats

File Path                                PID  Runtime      # DAGs    # Errors  Last Runtime    Last Run
-------------------------------------  -----  ---------  --------  ----------  --------------  ----------
/opt/airflow/dags/weather_pipeline.py    213  0.05s             0           0
================================================================================
[2026-06-09T13:26:26.923+0000] {manager.py:878} INFO - 
================================================================================
DAG File Processing Stats

File Path                                PID  Runtime      # DAGs    # Errors  Last Runtime    Last Run
-------------------------------------  -----  ---------  --------  ----------  --------------  -------------------
/opt/airflow/dags/weather_pipeline.py    235  0.01s             1           0  0.13s           2026-06-09T13:25:55
================================================================================
[2026-06-09T13:26:58.554+0000] {manager.py:878} INFO - 
================================================================================
DAG File Processing Stats

File Path                                PID  Runtime      # DAGs    # Errors  Last Runtime    Last Run
-------------------------------------  -----  ---------  --------  ----------  --------------  -------------------
/opt/airflow/dags/weather_pipeline.py    258  0.00s             1           0  0.24s           2026-06-09T13:26:27
================================================================================
[2026-06-09T13:27:30.152+0000] {manager.py:878} INFO - 
================================================================================
DAG File Processing Stats

File Path                                PID  Runtime      # DAGs    # Errors  Last Runtime    Last Run
-------------------------------------  -----  ---------  --------  ----------  --------------  -------------------
/opt/airflow/dags/weather_pipeline.py    284  0.00s             1           0  0.10s           2026-06-09T13:26:58
================================================================================
[2026-06-09T13:28:01.846+0000] {manager.py:878} INFO - 
================================================================================
DAG File Processing Stats

File Path                              PID    Runtime      # DAGs    # Errors  Last Runtime    Last Run
-------------------------------------  -----  ---------  --------  ----------  --------------  -------------------
/opt/airflow/dags/weather_pipeline.py                           1           0  0.10s           2026-06-09T13:28:00
================================================================================
[2026-06-09T13:28:33.516+0000] {manager.py:878} INFO - 
================================================================================
DAG File Processing Stats

File Path                              PID    Runtime      # DAGs    # Errors  Last Runtime    Last Run
-------------------------------------  -----  ---------  --------  ----------  --------------  -------------------
/opt/airflow/dags/weather_pipeline.py                           1           0  0.11s           2026-06-09T13:28:32
================================================================================
[2026-06-09T13:29:05.108+0000] {manager.py:878} INFO - 
================================================================================
DAG File Processing Stats

File Path                              PID    Runtime      # DAGs    # Errors  Last Runtime    Last Run
-------------------------------------  -----  ---------  --------  ----------  --------------  -------------------
/opt/airflow/dags/weather_pipeline.py                           1           0  0.10s           2026-06-09T13:29:04
================================================================================
[2026-06-09T13:29:36.764+0000] {manager.py:878} INFO - 
================================================================================
DAG File Processing Stats

File Path                              PID    Runtime      # DAGs    # Errors  Last Runtime    Last Run
-------------------------------------  -----  ---------  --------  ----------  --------------  -------------------
/opt/airflow/dags/weather_pipeline.py                           1           0  0.11s           2026-06-09T13:29:35
================================================================================
[2026-06-09T13:30:08.382+0000] {manager.py:878} INFO - 
================================================================================
DAG File Processing Stats

File Path                              PID    Runtime      # DAGs    # Errors  Last Runtime    Last Run
-------------------------------------  -----  ---------  --------  ----------  --------------  -------------------
/opt/airflow/dags/weather_pipeline.py                           1           0  0.10s           2026-06-09T13:30:07
================================================================================
[2026-06-09T13:30:40.035+0000] {manager.py:878} INFO - 
================================================================================
DAG File Processing Stats

File Path                              PID    Runtime      # DAGs    # Errors  Last Runtime    Last Run
-------------------------------------  -----  ---------  --------  ----------  --------------  -------------------
/opt/airflow/dags/weather_pipeline.py                           1           0  0.11s           2026-06-09T13:30:39
================================================================================
[2026-06-09T13:30:55.125+0000] {manager.py:737} INFO - Searching for files in /opt/airflow/dags
[2026-06-09T13:30:55.142+0000] {manager.py:740} INFO - There are 1 files in /opt/airflow/dags
[2026-06-09T13:31:11.652+0000] {manager.py:878} INFO - 
================================================================================
DAG File Processing Stats

File Path                              PID    Runtime      # DAGs    # Errors  Last Runtime    Last Run
-------------------------------------  -----  ---------  --------  ----------  --------------  -------------------
/opt/airflow/dags/weather_pipeline.py                           1           0  0.10s           2026-06-09T13:31:09
================================================================================
[2026-06-09T13:31:43.274+0000] {manager.py:878} INFO - 
================================================================================
DAG File Processing Stats

File Path                              PID    Runtime      # DAGs    # Errors  Last Runtime    Last Run
-------------------------------------  -----  ---------  --------  ----------  --------------  -------------------
/opt/airflow/dags/weather_pipeline.py                           1           0  0.10s           2026-06-09T13:31:41
================================================================================
[2026-06-09T13:32:14.895+0000] {manager.py:878} INFO - 
================================================================================
DAG File Processing Stats

File Path                              PID    Runtime      # DAGs    # Errors  Last Runtime    Last Run
-------------------------------------  -----  ---------  --------  ----------  --------------  -------------------
/opt/airflow/dags/weather_pipeline.py                           1           0  0.10s           2026-06-09T13:32:12
================================================================================
[2026-06-09T13:32:46.538+0000] {manager.py:878} INFO - 
================================================================================
DAG File Processing Stats

File Path                              PID    Runtime      # DAGs    # Errors  Last Runtime    Last Run
-------------------------------------  -----  ---------  --------  ----------  --------------  -------------------
/opt/airflow/dags/weather_pipeline.py                           1           0  0.13s           2026-06-09T13:32:44
================================================================================
[2026-06-09T13:33:18.191+0000] {manager.py:878} INFO - 
================================================================================
DAG File Processing Stats

File Path                              PID    Runtime      # DAGs    # Errors  Last Runtime    Last Run
-------------------------------------  -----  ---------  --------  ----------  --------------  -------------------
/opt/airflow/dags/weather_pipeline.py                           1           0  0.12s           2026-06-09T13:33:16
================================================================================
[2026-06-09T13:33:49.058+0000] {manager.py:878} INFO - 
================================================================================
DAG File Processing Stats

File Path                              PID    Runtime      # DAGs    # Errors  Last Runtime    Last Run
-------------------------------------  -----  ---------  --------  ----------  --------------  -------------------
/opt/airflow/dags/weather_pipeline.py                           1           0  0.11s           2026-06-09T13:33:47
================================================================================
[2026-06-09T13:34:21.416+0000] {manager.py:878} INFO - 
================================================================================
DAG File Processing Stats

File Path                              PID    Runtime      # DAGs    # Errors  Last Runtime    Last Run
-------------------------------------  -----  ---------  --------  ----------  --------------  -------------------
/opt/airflow/dags/weather_pipeline.py                           1           0  0.11s           2026-06-09T13:34:18
================================================================================
[2026-06-09T13:34:53.052+0000] {manager.py:878} INFO - 
================================================================================
DAG File Processing Stats

File Path                              PID    Runtime      # DAGs    # Errors  Last Runtime    Last Run
-------------------------------------  -----  ---------  --------  ----------  --------------  -------------------
/opt/airflow/dags/weather_pipeline.py                           1           0  0.23s           2026-06-09T13:34:50
================================================================================
[2026-06-09T13:35:24.638+0000] {manager.py:878} INFO - 
================================================================================
DAG File Processing Stats

File Path                              PID    Runtime      # DAGs    # Errors  Last Runtime    Last Run
-------------------------------------  -----  ---------  --------  ----------  --------------  -------------------
/opt/airflow/dags/weather_pipeline.py                           1           0  0.10s           2026-06-09T13:35:21
================================================================================
[2026-06-09T13:35:55.277+0000] {manager.py:737} INFO - Searching for files in /opt/airflow/dags
[2026-06-09T13:35:55.293+0000] {manager.py:740} INFO - There are 1 files in /opt/airflow/dags
[2026-06-09T13:35:56.306+0000] {manager.py:878} INFO - 
================================================================================
DAG File Processing Stats

File Path                              PID    Runtime      # DAGs    # Errors  Last Runtime    Last Run
-------------------------------------  -----  ---------  --------  ----------  --------------  -------------------
/opt/airflow/dags/weather_pipeline.py                           1           0  0.11s           2026-06-09T13:35:53
================================================================================
[2026-06-09T13:36:27.898+0000] {manager.py:878} INFO - 
================================================================================
DAG File Processing Stats

File Path                              PID    Runtime      # DAGs    # Errors  Last Runtime    Last Run
-------------------------------------  -----  ---------  --------  ----------  --------------  -------------------
/opt/airflow/dags/weather_pipeline.py                           1           0  0.12s           2026-06-09T13:36:24
================================================================================
[2026-06-09T13:36:59.587+0000] {manager.py:878} INFO - 
================================================================================
DAG File Processing Stats

File Path                              PID    Runtime      # DAGs    # Errors  Last Runtime    Last Run
-------------------------------------  -----  ---------  --------  ----------  --------------  -------------------
/opt/airflow/dags/weather_pipeline.py                           1           0  0.11s           2026-06-09T13:36:55
================================================================================
[2026-06-09T13:37:31.267+0000] {manager.py:878} INFO - 
================================================================================
DAG File Processing Stats

File Path                              PID    Runtime      # DAGs    # Errors  Last Runtime    Last Run
-------------------------------------  -----  ---------  --------  ----------  --------------  -------------------
/opt/airflow/dags/weather_pipeline.py                           1           0  0.13s           2026-06-09T13:37:27
================================================================================
[2026-06-09T13:38:02.858+0000] {manager.py:878} INFO - 
================================================================================
DAG File Processing Stats

File Path                              PID    Runtime      # DAGs    # Errors  Last Runtime    Last Run
-------------------------------------  -----  ---------  --------  ----------  --------------  -------------------
/opt/airflow/dags/weather_pipeline.py                           1           0  0.10s           2026-06-09T13:37:58
================================================================================
[2026-06-09T13:38:34.507+0000] {manager.py:878} INFO - 
================================================================================
DAG File Processing Stats

File Path                              PID    Runtime      # DAGs    # Errors  Last Runtime    Last Run
-------------------------------------  -----  ---------  --------  ----------  --------------  -------------------
/opt/airflow/dags/weather_pipeline.py                           1           0  0.11s           2026-06-09T13:38:30
================================================================================
[2026-06-09T13:39:06.117+0000] {manager.py:878} INFO - 
================================================================================
DAG File Processing Stats

File Path                              PID    Runtime      # DAGs    # Errors  Last Runtime    Last Run
-------------------------------------  -----  ---------  --------  ----------  --------------  -------------------
/opt/airflow/dags/weather_pipeline.py                           1           0  0.11s           2026-06-09T13:39:02
================================================================================
[2026-06-09T13:39:37.779+0000] {manager.py:878} INFO - 
================================================================================
DAG File Processing Stats

File Path                              PID    Runtime      # DAGs    # Errors  Last Runtime    Last Run
-------------------------------------  -----  ---------  --------  ----------  --------------  -------------------
/opt/airflow/dags/weather_pipeline.py                           1           0  0.10s           2026-06-09T13:39:33
================================================================================
[2026-06-09T13:40:09.351+0000] {manager.py:878} INFO - 
================================================================================
DAG File Processing Stats

File Path                              PID    Runtime      # DAGs    # Errors  Last Runtime    Last Run
-------------------------------------  -----  ---------  --------  ----------  --------------  -------------------
/opt/airflow/dags/weather_pipeline.py                           1           0  0.10s           2026-06-09T13:40:04
================================================================================
[2026-06-09T13:40:40.990+0000] {manager.py:878} INFO - 
================================================================================
DAG File Processing Stats

File Path                              PID    Runtime      # DAGs    # Errors  Last Runtime    Last Run
-------------------------------------  -----  ---------  --------  ----------  --------------  -------------------
/opt/airflow/dags/weather_pipeline.py                           1           0  0.11s           2026-06-09T13:40:36
================================================================================
[2026-06-09T13:40:56.052+0000] {manager.py:737} INFO - Searching for files in /opt/airflow/dags
[2026-06-09T13:40:56.068+0000] {manager.py:740} INFO - There are 1 files in /opt/airflow/dags
[2026-06-09T13:41:12.616+0000] {manager.py:878} INFO - 
================================================================================
DAG File Processing Stats

File Path                              PID    Runtime      # DAGs    # Errors  Last Runtime    Last Run
-------------------------------------  -----  ---------  --------  ----------  --------------  -------------------
/opt/airflow/dags/weather_pipeline.py                           1           0  0.17s           2026-06-09T13:41:07
================================================================================
[2026-06-09T13:41:44.206+0000] {manager.py:878} INFO - 
================================================================================
DAG File Processing Stats

File Path                              PID    Runtime      # DAGs    # Errors  Last Runtime    Last Run
-------------------------------------  -----  ---------  --------  ----------  --------------  -------------------
/opt/airflow/dags/weather_pipeline.py                           1           0  0.10s           2026-06-09T13:41:39
================================================================================
[2026-06-09T13:42:15.847+0000] {manager.py:878} INFO - 
================================================================================
DAG File Processing Stats

File Path                              PID    Runtime      # DAGs    # Errors  Last Runtime    Last Run
-------------------------------------  -----  ---------  --------  ----------  --------------  -------------------
/opt/airflow/dags/weather_pipeline.py                           1           0  0.14s           2026-06-09T13:42:10
================================================================================
[2026-06-09T13:42:47.467+0000] {manager.py:878} INFO - 
================================================================================
DAG File Processing Stats

File Path                              PID    Runtime      # DAGs    # Errors  Last Runtime    Last Run
-------------------------------------  -----  ---------  --------  ----------  --------------  -------------------
/opt/airflow/dags/weather_pipeline.py                           1           0  0.10s           2026-06-09T13:42:42
================================================================================
[2026-06-09T13:43:19.068+0000] {manager.py:878} INFO - 
================================================================================
DAG File Processing Stats

File Path                              PID    Runtime      # DAGs    # Errors  Last Runtime    Last Run
-------------------------------------  -----  ---------  --------  ----------  --------------  -------------------
/opt/airflow/dags/weather_pipeline.py                           1           0  0.11s           2026-06-09T13:43:13
================================================================================
[2026-06-09T13:43:50.715+0000] {manager.py:878} INFO - 
================================================================================
DAG File Processing Stats

File Path                              PID    Runtime      # DAGs    # Errors  Last Runtime    Last Run
-------------------------------------  -----  ---------  --------  ----------  --------------  -------------------
/opt/airflow/dags/weather_pipeline.py                           1           0  0.12s           2026-06-09T13:43:44
================================================================================
[2026-06-09T13:44:12.471+0000] {manager.py:452} INFO - Exiting gracefully upon receiving signal 15
