[2026-06-10T09:21:57.622+0000] {local_task_job_runner.py:120} INFO - ::group::Pre task execution logs
[2026-06-10T09:21:57.650+0000] {taskinstance.py:2076} INFO - Dependencies all met for dep_context=non-requeueable deps ti=<TaskInstance: weather_pipeline.transform_payload manual__2026-06-10T09:21:54.375089+00:00 [queued]>
[2026-06-10T09:21:57.658+0000] {taskinstance.py:2076} INFO - Dependencies all met for dep_context=requeueable deps ti=<TaskInstance: weather_pipeline.transform_payload manual__2026-06-10T09:21:54.375089+00:00 [queued]>
[2026-06-10T09:21:57.659+0000] {taskinstance.py:2306} INFO - Starting attempt 1 of 3
[2026-06-10T09:21:57.669+0000] {taskinstance.py:2330} INFO - Executing <Task(PythonOperator): transform_payload> on 2026-06-10 09:21:54.375089+00:00
[2026-06-10T09:21:57.675+0000] {logging_mixin.py:188} WARNING - /home/***/.local/lib/python3.12/site-packages/***/task/task_runner/standard_task_runner.py:61 DeprecationWarning: This process (pid=1178) is multi-threaded, use of fork() may lead to deadlocks in the child.
[2026-06-10T09:21:57.675+0000] {standard_task_runner.py:90} INFO - Running: ['***', 'tasks', 'run', 'weather_pipeline', 'transform_payload', 'manual__2026-06-10T09:21:54.375089+00:00', '--job-id', '14', '--raw', '--subdir', 'DAGS_FOLDER/weather_pipeline.py', '--cfg-path', '/tmp/tmpk20wp3he']
[2026-06-10T09:21:57.676+0000] {standard_task_runner.py:63} INFO - Started process 1179 to run task
[2026-06-10T09:21:57.677+0000] {standard_task_runner.py:91} INFO - Job 14: Subtask transform_payload
[2026-06-10T09:21:57.711+0000] {task_command.py:426} INFO - Running <TaskInstance: weather_pipeline.transform_payload manual__2026-06-10T09:21:54.375089+00:00 [running]> on host 4c04ba30613b
[2026-06-10T09:21:57.789+0000] {taskinstance.py:2648} INFO - Exporting env vars: AIRFLOW_CTX_DAG_OWNER='data-team' AIRFLOW_CTX_DAG_ID='weather_pipeline' AIRFLOW_CTX_TASK_ID='transform_payload' AIRFLOW_CTX_EXECUTION_DATE='2026-06-10T09:21:54.375089+00:00' AIRFLOW_CTX_TRY_NUMBER='1' AIRFLOW_CTX_DAG_RUN_ID='manual__2026-06-10T09:21:54.375089+00:00'
[2026-06-10T09:21:57.790+0000] {taskinstance.py:430} INFO - ::endgroup::
[2026-06-10T09:21:57.810+0000] {transform.py:30} INFO - Transformation OK — Paris : 15.8°C | 54% | 12.2 km/h | 0.0 mm
[2026-06-10T09:21:57.811+0000] {transform.py:30} INFO - Transformation OK — Lyon : 17.5°C | 52% | 12.3 km/h | 0.0 mm
[2026-06-10T09:21:57.811+0000] {transform.py:30} INFO - Transformation OK — Marseille : 22.3°C | 39% | 28.3 km/h | 0.0 mm
[2026-06-10T09:21:57.812+0000] {transform.py:48} INFO - Transformation terminée — 3 observations
[2026-06-10T09:21:57.823+0000] {python.py:237} INFO - Done. Returned value was: None
[2026-06-10T09:21:57.823+0000] {taskinstance.py:441} INFO - ::group::Post task execution logs
[2026-06-10T09:21:57.831+0000] {taskinstance.py:1206} INFO - Marking task as SUCCESS. dag_id=weather_pipeline, task_id=transform_payload, run_id=manual__2026-06-10T09:21:54.375089+00:00, execution_date=20260610T092154, start_date=20260610T092157, end_date=20260610T092157
[2026-06-10T09:21:57.849+0000] {local_task_job_runner.py:240} INFO - Task exited with return code 0
[2026-06-10T09:21:57.872+0000] {taskinstance.py:3498} INFO - 1 downstream tasks scheduled from follow-on schedule check
[2026-06-10T09:21:57.874+0000] {local_task_job_runner.py:222} INFO - ::endgroup::
