[2026-06-10T09:33:15.489+0000] {local_task_job_runner.py:120} INFO - ::group::Pre task execution logs
[2026-06-10T09:33:15.521+0000] {taskinstance.py:2076} INFO - Dependencies all met for dep_context=non-requeueable deps ti=<TaskInstance: weather_pipeline.transform_payload manual__2026-06-10T09:02:04.494817+00:00 [queued]>
[2026-06-10T09:33:15.529+0000] {taskinstance.py:2076} INFO - Dependencies all met for dep_context=requeueable deps ti=<TaskInstance: weather_pipeline.transform_payload manual__2026-06-10T09:02:04.494817+00:00 [queued]>
[2026-06-10T09:33:15.530+0000] {taskinstance.py:2306} INFO - Starting attempt 2 of 4
[2026-06-10T09:33:15.542+0000] {taskinstance.py:2330} INFO - Executing <Task(PythonOperator): transform_payload> on 2026-06-10 09:02:04.494817+00:00
[2026-06-10T09:33:15.551+0000] {logging_mixin.py:188} WARNING - /home/***/.local/lib/python3.12/site-packages/***/task/task_runner/standard_task_runner.py:61 DeprecationWarning: This process (pid=1664) is multi-threaded, use of fork() may lead to deadlocks in the child.
[2026-06-10T09:33:15.550+0000] {standard_task_runner.py:90} INFO - Running: ['***', 'tasks', 'run', 'weather_pipeline', 'transform_payload', 'manual__2026-06-10T09:02:04.494817+00:00', '--job-id', '20', '--raw', '--subdir', 'DAGS_FOLDER/weather_pipeline.py', '--cfg-path', '/tmp/tmprbna5vx3']
[2026-06-10T09:33:15.552+0000] {standard_task_runner.py:63} INFO - Started process 1665 to run task
[2026-06-10T09:33:15.552+0000] {standard_task_runner.py:91} INFO - Job 20: Subtask transform_payload
[2026-06-10T09:33:15.599+0000] {task_command.py:426} INFO - Running <TaskInstance: weather_pipeline.transform_payload manual__2026-06-10T09:02:04.494817+00:00 [running]> on host 4c04ba30613b
[2026-06-10T09:33:15.710+0000] {taskinstance.py:2648} INFO - Exporting env vars: AIRFLOW_CTX_DAG_OWNER='data-team' AIRFLOW_CTX_DAG_ID='weather_pipeline' AIRFLOW_CTX_TASK_ID='transform_payload' AIRFLOW_CTX_EXECUTION_DATE='2026-06-10T09:02:04.494817+00:00' AIRFLOW_CTX_TRY_NUMBER='2' AIRFLOW_CTX_DAG_RUN_ID='manual__2026-06-10T09:02:04.494817+00:00'
[2026-06-10T09:33:15.711+0000] {taskinstance.py:430} INFO - ::endgroup::
[2026-06-10T09:33:15.730+0000] {transform.py:30} INFO - Transformation OK — Paris : 15.8°C | 54% | 12.6 km/h | 0.0 mm
[2026-06-10T09:33:15.730+0000] {transform.py:30} INFO - Transformation OK — Lyon : 17.7°C | 51% | 13.6 km/h | 0.0 mm
[2026-06-10T09:33:15.731+0000] {transform.py:30} INFO - Transformation OK — Marseille : 22.6°C | 38% | 29.9 km/h | 0.0 mm
[2026-06-10T09:33:15.731+0000] {transform.py:48} INFO - Transformation terminée — 3 observations
[2026-06-10T09:33:15.744+0000] {python.py:237} INFO - Done. Returned value was: None
[2026-06-10T09:33:15.744+0000] {taskinstance.py:441} INFO - ::group::Post task execution logs
[2026-06-10T09:33:15.754+0000] {taskinstance.py:1206} INFO - Marking task as SUCCESS. dag_id=weather_pipeline, task_id=transform_payload, run_id=manual__2026-06-10T09:02:04.494817+00:00, execution_date=20260610T090204, start_date=20260610T093315, end_date=20260610T093315
[2026-06-10T09:33:15.805+0000] {local_task_job_runner.py:240} INFO - Task exited with return code 0
[2026-06-10T09:33:15.831+0000] {taskinstance.py:3498} INFO - 1 downstream tasks scheduled from follow-on schedule check
[2026-06-10T09:33:15.833+0000] {local_task_job_runner.py:222} INFO - ::endgroup::
