[2026-06-10T09:02:06.989+0000] {local_task_job_runner.py:120} INFO - ::group::Pre task execution logs
[2026-06-10T09:02:07.017+0000] {taskinstance.py:2076} INFO - Dependencies all met for dep_context=non-requeueable deps ti=<TaskInstance: weather_pipeline.transform_payload manual__2026-06-10T09:02:04.494817+00:00 [queued]>
[2026-06-10T09:02:07.024+0000] {taskinstance.py:2076} INFO - Dependencies all met for dep_context=requeueable deps ti=<TaskInstance: weather_pipeline.transform_payload manual__2026-06-10T09:02:04.494817+00:00 [queued]>
[2026-06-10T09:02:07.025+0000] {taskinstance.py:2306} INFO - Starting attempt 1 of 3
[2026-06-10T09:02:07.036+0000] {taskinstance.py:2330} INFO - Executing <Task(PythonOperator): transform_payload> on 2026-06-10 09:02:04.494817+00:00
[2026-06-10T09:02:07.041+0000] {logging_mixin.py:188} WARNING - /home/***/.local/lib/python3.12/site-packages/***/task/task_runner/standard_task_runner.py:61 DeprecationWarning: This process (pid=344) is multi-threaded, use of fork() may lead to deadlocks in the child.
[2026-06-10T09:02:07.041+0000] {standard_task_runner.py:90} INFO - Running: ['***', 'tasks', 'run', 'weather_pipeline', 'transform_payload', 'manual__2026-06-10T09:02:04.494817+00:00', '--job-id', '7', '--raw', '--subdir', 'DAGS_FOLDER/weather_pipeline.py', '--cfg-path', '/tmp/tmpkuga_nsa']
[2026-06-10T09:02:07.042+0000] {standard_task_runner.py:63} INFO - Started process 345 to run task
[2026-06-10T09:02:07.043+0000] {standard_task_runner.py:91} INFO - Job 7: Subtask transform_payload
[2026-06-10T09:02:07.084+0000] {task_command.py:426} INFO - Running <TaskInstance: weather_pipeline.transform_payload manual__2026-06-10T09:02:04.494817+00:00 [running]> on host 4c04ba30613b
[2026-06-10T09:02:07.152+0000] {taskinstance.py:2648} INFO - Exporting env vars: AIRFLOW_CTX_DAG_OWNER='data-team' AIRFLOW_CTX_DAG_ID='weather_pipeline' AIRFLOW_CTX_TASK_ID='transform_payload' AIRFLOW_CTX_EXECUTION_DATE='2026-06-10T09:02:04.494817+00:00' AIRFLOW_CTX_TRY_NUMBER='1' AIRFLOW_CTX_DAG_RUN_ID='manual__2026-06-10T09:02:04.494817+00:00'
[2026-06-10T09:02:07.153+0000] {taskinstance.py:430} INFO - ::endgroup::
[2026-06-10T09:02:07.171+0000] {transform.py:30} INFO - Transformation OK — Paris : 15.8°C | 55% | 11.9 km/h | 0.0 mm
[2026-06-10T09:02:07.172+0000] {transform.py:30} INFO - Transformation OK — Lyon : 17.4°C | 53% | 11.2 km/h | 0.0 mm
[2026-06-10T09:02:07.172+0000] {transform.py:30} INFO - Transformation OK — Marseille : 22.0°C | 39% | 28.6 km/h | 0.0 mm
[2026-06-10T09:02:07.172+0000] {transform.py:48} INFO - Transformation terminée — 3 observations
[2026-06-10T09:02:07.184+0000] {python.py:237} INFO - Done. Returned value was: None
[2026-06-10T09:02:07.184+0000] {taskinstance.py:441} INFO - ::group::Post task execution logs
[2026-06-10T09:02:07.192+0000] {taskinstance.py:1206} INFO - Marking task as SUCCESS. dag_id=weather_pipeline, task_id=transform_payload, run_id=manual__2026-06-10T09:02:04.494817+00:00, execution_date=20260610T090204, start_date=20260610T090207, end_date=20260610T090207
[2026-06-10T09:02:07.215+0000] {local_task_job_runner.py:240} INFO - Task exited with return code 0
[2026-06-10T09:02:07.238+0000] {taskinstance.py:3498} INFO - 1 downstream tasks scheduled from follow-on schedule check
[2026-06-10T09:02:07.239+0000] {local_task_job_runner.py:222} INFO - ::endgroup::
