[2026-06-10T09:33:18.472+0000] {local_task_job_runner.py:120} INFO - ::group::Pre task execution logs
[2026-06-10T09:33:18.505+0000] {taskinstance.py:2076} INFO - Dependencies all met for dep_context=non-requeueable deps ti=<TaskInstance: weather_pipeline.load_silver manual__2026-06-10T09:02:04.494817+00:00 [queued]>
[2026-06-10T09:33:18.513+0000] {taskinstance.py:2076} INFO - Dependencies all met for dep_context=requeueable deps ti=<TaskInstance: weather_pipeline.load_silver manual__2026-06-10T09:02:04.494817+00:00 [queued]>
[2026-06-10T09:33:18.514+0000] {taskinstance.py:2306} INFO - Starting attempt 2 of 4
[2026-06-10T09:33:18.525+0000] {taskinstance.py:2330} INFO - Executing <Task(PythonOperator): load_silver> on 2026-06-10 09:02:04.494817+00:00
[2026-06-10T09:33:18.531+0000] {logging_mixin.py:188} WARNING - /home/***/.local/lib/python3.12/site-packages/***/task/task_runner/standard_task_runner.py:61 DeprecationWarning: This process (pid=1670) is multi-threaded, use of fork() may lead to deadlocks in the child.
[2026-06-10T09:33:18.532+0000] {standard_task_runner.py:63} INFO - Started process 1671 to run task
[2026-06-10T09:33:18.541+0000] {standard_task_runner.py:90} INFO - Running: ['***', 'tasks', 'run', 'weather_pipeline', 'load_silver', 'manual__2026-06-10T09:02:04.494817+00:00', '--job-id', '23', '--raw', '--subdir', 'DAGS_FOLDER/weather_pipeline.py', '--cfg-path', '/tmp/tmppowbopgm']
[2026-06-10T09:33:18.542+0000] {standard_task_runner.py:91} INFO - Job 23: Subtask load_silver
[2026-06-10T09:33:18.579+0000] {task_command.py:426} INFO - Running <TaskInstance: weather_pipeline.load_silver manual__2026-06-10T09:02:04.494817+00:00 [running]> on host 4c04ba30613b
[2026-06-10T09:33:18.650+0000] {taskinstance.py:2648} INFO - Exporting env vars: AIRFLOW_CTX_DAG_OWNER='data-team' AIRFLOW_CTX_DAG_ID='weather_pipeline' AIRFLOW_CTX_TASK_ID='load_silver' AIRFLOW_CTX_EXECUTION_DATE='2026-06-10T09:02:04.494817+00:00' AIRFLOW_CTX_TRY_NUMBER='2' AIRFLOW_CTX_DAG_RUN_ID='manual__2026-06-10T09:02:04.494817+00:00'
[2026-06-10T09:33:18.651+0000] {taskinstance.py:430} INFO - ::endgroup::
[2026-06-10T09:33:18.677+0000] {base.py:84} INFO - Using connection ID '***_postgres' for task execution.
[2026-06-10T09:33:18.681+0000] {sql.py:470} INFO - Running statement: DELETE FROM silver.***_observations WHERE run_id = %s, parameters: ('manual__2026-06-10T09:02:04.494817+00:00',)
[2026-06-10T09:33:18.682+0000] {sql.py:479} INFO - Rows affected: 3
[2026-06-10T09:33:18.692+0000] {base.py:84} INFO - Using connection ID '***_postgres' for task execution.
[2026-06-10T09:33:18.695+0000] {sql.py:470} INFO - Running statement: -- Upsert idempotent : si une ligne existe déjà pour (city, observed_at),
-- elle est mise à jour plutôt que dupliquée.
INSERT INTO silver.***_observations
    (city, observed_at, temperature_celsius, humidity_pct,
     wind_speed_kmh, precipitation_mm, run_id)
VALUES (%s, %s, %s, %s, %s, %s, %s)
ON CONFLICT (city, observed_at)
DO UPDATE SET
    temperature_celsius = EXCLUDED.temperature_celsius,
    humidity_pct        = EXCLUDED.humidity_pct,
    wind_speed_kmh      = EXCLUDED.wind_speed_kmh,
    precipitation_mm    = EXCLUDED.precipitation_mm,
    run_id              = EXCLUDED.run_id,
    inserted_at         = NOW();, parameters: ('Paris', '2026-06-10T09:30', 15.8, 54, 12.6, 0.0, 'manual__2026-06-10T09:02:04.494817+00:00')
[2026-06-10T09:33:18.698+0000] {sql.py:479} INFO - Rows affected: 1
[2026-06-10T09:33:18.704+0000] {base.py:84} INFO - Using connection ID '***_postgres' for task execution.
[2026-06-10T09:33:18.708+0000] {sql.py:470} INFO - Running statement: -- Upsert idempotent : si une ligne existe déjà pour (city, observed_at),
-- elle est mise à jour plutôt que dupliquée.
INSERT INTO silver.***_observations
    (city, observed_at, temperature_celsius, humidity_pct,
     wind_speed_kmh, precipitation_mm, run_id)
VALUES (%s, %s, %s, %s, %s, %s, %s)
ON CONFLICT (city, observed_at)
DO UPDATE SET
    temperature_celsius = EXCLUDED.temperature_celsius,
    humidity_pct        = EXCLUDED.humidity_pct,
    wind_speed_kmh      = EXCLUDED.wind_speed_kmh,
    precipitation_mm    = EXCLUDED.precipitation_mm,
    run_id              = EXCLUDED.run_id,
    inserted_at         = NOW();, parameters: ('Lyon', '2026-06-10T09:30', 17.7, 51, 13.6, 0.0, 'manual__2026-06-10T09:02:04.494817+00:00')
[2026-06-10T09:33:18.710+0000] {sql.py:479} INFO - Rows affected: 1
[2026-06-10T09:33:18.716+0000] {base.py:84} INFO - Using connection ID '***_postgres' for task execution.
[2026-06-10T09:33:18.720+0000] {sql.py:470} INFO - Running statement: -- Upsert idempotent : si une ligne existe déjà pour (city, observed_at),
-- elle est mise à jour plutôt que dupliquée.
INSERT INTO silver.***_observations
    (city, observed_at, temperature_celsius, humidity_pct,
     wind_speed_kmh, precipitation_mm, run_id)
VALUES (%s, %s, %s, %s, %s, %s, %s)
ON CONFLICT (city, observed_at)
DO UPDATE SET
    temperature_celsius = EXCLUDED.temperature_celsius,
    humidity_pct        = EXCLUDED.humidity_pct,
    wind_speed_kmh      = EXCLUDED.wind_speed_kmh,
    precipitation_mm    = EXCLUDED.precipitation_mm,
    run_id              = EXCLUDED.run_id,
    inserted_at         = NOW();, parameters: ('Marseille', '2026-06-10T09:30', 22.6, 38, 29.9, 0.0, 'manual__2026-06-10T09:02:04.494817+00:00')
[2026-06-10T09:33:18.722+0000] {sql.py:479} INFO - Rows affected: 1
[2026-06-10T09:33:18.723+0000] {db.py:87} INFO - Silver — 3 observations insérées (run_id=manual__2026-06-10T09:02:04.494817+00:00)
[2026-06-10T09:33:18.735+0000] {python.py:237} INFO - Done. Returned value was: None
[2026-06-10T09:33:18.736+0000] {taskinstance.py:441} INFO - ::group::Post task execution logs
[2026-06-10T09:33:18.743+0000] {taskinstance.py:1206} INFO - Marking task as SUCCESS. dag_id=***_pipeline, task_id=load_silver, run_id=manual__2026-06-10T09:02:04.494817+00:00, execution_date=20260610T090204, start_date=20260610T093318, end_date=20260610T093318
[2026-06-10T09:33:18.785+0000] {local_task_job_runner.py:240} INFO - Task exited with return code 0
[2026-06-10T09:33:18.809+0000] {taskinstance.py:3498} INFO - 1 downstream tasks scheduled from follow-on schedule check
[2026-06-10T09:33:18.811+0000] {local_task_job_runner.py:222} INFO - ::endgroup::
