[2026-06-08T13:01:19.925+0000] {local_task_job_runner.py:120} INFO - ::group::Pre task execution logs
[2026-06-08T13:01:19.951+0000] {taskinstance.py:2076} INFO - Dependencies all met for dep_context=non-requeueable deps ti=<TaskInstance: weather_pipeline.load_weather manual__2026-06-08T13:01:16.669653+00:00 [queued]>
[2026-06-08T13:01:19.958+0000] {taskinstance.py:2076} INFO - Dependencies all met for dep_context=requeueable deps ti=<TaskInstance: weather_pipeline.load_weather manual__2026-06-08T13:01:16.669653+00:00 [queued]>
[2026-06-08T13:01:19.959+0000] {taskinstance.py:2306} INFO - Starting attempt 1 of 2
[2026-06-08T13:01:19.971+0000] {taskinstance.py:2330} INFO - Executing <Task(PythonOperator): load_weather> on 2026-06-08 13:01:16.669653+00:00
[2026-06-08T13:01:19.977+0000] {logging_mixin.py:188} WARNING - /home/***/.local/lib/python3.12/site-packages/***/task/task_runner/standard_task_runner.py:61 DeprecationWarning: This process (pid=332) is multi-threaded, use of fork() may lead to deadlocks in the child.
[2026-06-08T13:01:19.977+0000] {standard_task_runner.py:90} INFO - Running: ['***', 'tasks', 'run', 'weather_pipeline', 'load_weather', 'manual__2026-06-08T13:01:16.669653+00:00', '--job-id', '12', '--raw', '--subdir', 'DAGS_FOLDER/weather_pipeline_dag.py', '--cfg-path', '/tmp/tmp3s9rjmy9']
[2026-06-08T13:01:19.978+0000] {standard_task_runner.py:63} INFO - Started process 333 to run task
[2026-06-08T13:01:19.978+0000] {standard_task_runner.py:91} INFO - Job 12: Subtask load_weather
[2026-06-08T13:01:20.013+0000] {task_command.py:426} INFO - Running <TaskInstance: weather_pipeline.load_weather manual__2026-06-08T13:01:16.669653+00:00 [running]> on host 9c2f2ad65d0a
[2026-06-08T13:01:20.084+0000] {taskinstance.py:2648} INFO - Exporting env vars: AIRFLOW_CTX_DAG_OWNER='data-team' AIRFLOW_CTX_DAG_ID='weather_pipeline' AIRFLOW_CTX_TASK_ID='load_weather' AIRFLOW_CTX_EXECUTION_DATE='2026-06-08T13:01:16.669653+00:00' AIRFLOW_CTX_TRY_NUMBER='1' AIRFLOW_CTX_DAG_RUN_ID='manual__2026-06-08T13:01:16.669653+00:00'
[2026-06-08T13:01:20.085+0000] {taskinstance.py:430} INFO - ::endgroup::
[2026-06-08T13:01:20.095+0000] {weather_pipeline_dag.py:191} INFO - Démarrage du chargement en base de données
[2026-06-08T13:01:20.185+0000] {weather_pipeline_dag.py:206} INFO - [SIMULATION INSERT] weather_data — city=Paris  temp=21.3  humidity=50  wind=18.7  at=2026-06-08T13:01:20.185711
[2026-06-08T13:01:20.268+0000] {weather_pipeline_dag.py:206} INFO - [SIMULATION INSERT] weather_data — city=Lyon  temp=25.4  humidity=53  wind=10.1  at=2026-06-08T13:01:20.268137
[2026-06-08T13:01:20.349+0000] {weather_pipeline_dag.py:206} INFO - [SIMULATION INSERT] weather_data — city=Marseille  temp=25.5  humidity=46  wind=15.3  at=2026-06-08T13:01:20.349154
[2026-06-08T13:01:20.349+0000] {weather_pipeline_dag.py:215} INFO - Chargement terminé : 3 lignes insérées en base
[2026-06-08T13:01:20.351+0000] {python.py:237} INFO - Done. Returned value was: None
[2026-06-08T13:01:20.352+0000] {taskinstance.py:441} INFO - ::group::Post task execution logs
[2026-06-08T13:01:20.361+0000] {taskinstance.py:1206} INFO - Marking task as SUCCESS. dag_id=weather_pipeline, task_id=load_weather, run_id=manual__2026-06-08T13:01:16.669653+00:00, execution_date=20260608T130116, start_date=20260608T130119, end_date=20260608T130120
[2026-06-08T13:01:20.391+0000] {local_task_job_runner.py:240} INFO - Task exited with return code 0
[2026-06-08T13:01:20.406+0000] {taskinstance.py:3498} INFO - 0 downstream tasks scheduled from follow-on schedule check
[2026-06-08T13:01:20.408+0000] {local_task_job_runner.py:222} INFO - ::endgroup::
