[2026-06-10T09:33:16.653+0000] {local_task_job_runner.py:120} INFO - ::group::Pre task execution logs
[2026-06-10T09:33:16.781+0000] {taskinstance.py:2076} INFO - Dependencies all met for dep_context=non-requeueable deps ti=<TaskInstance: weather_pipeline.run_quality_checks manual__2026-06-10T09:02:04.494817+00:00 [queued]>
[2026-06-10T09:33:16.788+0000] {taskinstance.py:2076} INFO - Dependencies all met for dep_context=requeueable deps ti=<TaskInstance: weather_pipeline.run_quality_checks manual__2026-06-10T09:02:04.494817+00:00 [queued]>
[2026-06-10T09:33:16.789+0000] {taskinstance.py:2306} INFO - Starting attempt 2 of 2
[2026-06-10T09:33:16.800+0000] {taskinstance.py:2330} INFO - Executing <Task(PythonOperator): run_quality_checks> on 2026-06-10 09:02:04.494817+00:00
[2026-06-10T09:33:16.805+0000] {logging_mixin.py:188} WARNING - /home/***/.local/lib/python3.12/site-packages/***/task/task_runner/standard_task_runner.py:61 DeprecationWarning: This process (pid=1666) is multi-threaded, use of fork() may lead to deadlocks in the child.
[2026-06-10T09:33:16.806+0000] {standard_task_runner.py:63} INFO - Started process 1667 to run task
[2026-06-10T09:33:16.805+0000] {standard_task_runner.py:90} INFO - Running: ['***', 'tasks', 'run', 'weather_pipeline', 'run_quality_checks', 'manual__2026-06-10T09:02:04.494817+00:00', '--job-id', '21', '--raw', '--subdir', 'DAGS_FOLDER/weather_pipeline.py', '--cfg-path', '/tmp/tmpjlxd4x4v']
[2026-06-10T09:33:16.812+0000] {standard_task_runner.py:91} INFO - Job 21: Subtask run_quality_checks
[2026-06-10T09:33:16.907+0000] {task_command.py:426} INFO - Running <TaskInstance: weather_pipeline.run_quality_checks manual__2026-06-10T09:02:04.494817+00:00 [running]> on host 4c04ba30613b
[2026-06-10T09:33:16.995+0000] {taskinstance.py:2648} INFO - Exporting env vars: AIRFLOW_CTX_DAG_OWNER='data-team' AIRFLOW_CTX_DAG_ID='weather_pipeline' AIRFLOW_CTX_TASK_ID='run_quality_checks' AIRFLOW_CTX_EXECUTION_DATE='2026-06-10T09:02:04.494817+00:00' AIRFLOW_CTX_TRY_NUMBER='2' AIRFLOW_CTX_DAG_RUN_ID='manual__2026-06-10T09:02:04.494817+00:00'
[2026-06-10T09:33:16.997+0000] {taskinstance.py:430} INFO - ::endgroup::
[2026-06-10T09:33:17.016+0000] {quality.py:85} INFO - Contrôle qualité réussi — 3 observations valides
[2026-06-10T09:33:17.027+0000] {base.py:84} INFO - Using connection ID '***_postgres' for task execution.
[2026-06-10T09:33:17.032+0000] {sql.py:470} INFO - Running statement: INSERT INTO technical.data_quality_results
    (run_id, status, records_checked, anomaly_count, detail)
VALUES (%s, %s, %s, %s, %s);, parameters: ('manual__2026-06-10T09:02:04.494817+00:00', 'passed', 3, 0, 'Aucune anomalie')
[2026-06-10T09:33:17.033+0000] {sql.py:479} INFO - Rows affected: 1
[2026-06-10T09:33:17.034+0000] {db.py:109} INFO - Qualité tracée — run_id=manual__2026-06-10T09:02:04.494817+00:00 | status=passed | anomalies=0
[2026-06-10T09:33:17.045+0000] {python.py:237} INFO - Done. Returned value was: None
[2026-06-10T09:33:17.045+0000] {taskinstance.py:441} INFO - ::group::Post task execution logs
[2026-06-10T09:33:17.054+0000] {taskinstance.py:1206} INFO - Marking task as SUCCESS. dag_id=***_pipeline, task_id=run_quality_checks, run_id=manual__2026-06-10T09:02:04.494817+00:00, execution_date=20260610T090204, start_date=20260610T093316, end_date=20260610T093317
[2026-06-10T09:33:17.100+0000] {local_task_job_runner.py:240} INFO - Task exited with return code 0
[2026-06-10T09:33:17.124+0000] {taskinstance.py:3498} INFO - 1 downstream tasks scheduled from follow-on schedule check
[2026-06-10T09:33:17.126+0000] {local_task_job_runner.py:222} INFO - ::endgroup::
