[2026-06-09T07:57:05.954+0000] {processor.py:161} INFO - Started process (PID=187) to work on /opt/airflow/dags/weather_pipeline_dag.py
[2026-06-09T07:57:05.955+0000] {processor.py:830} INFO - Processing file /opt/airflow/dags/weather_pipeline_dag.py for tasks to queue
[2026-06-09T07:57:05.956+0000] {logging_mixin.py:188} INFO - [2026-06-09T07:57:05.956+0000] {dagbag.py:545} INFO - Filling up the DagBag from /opt/airflow/dags/weather_pipeline_dag.py
[2026-06-09T07:57:05.974+0000] {processor.py:840} INFO - DAG(s) 'weather_pipeline' retrieved from /opt/airflow/dags/weather_pipeline_dag.py
[2026-06-09T07:57:06.000+0000] {logging_mixin.py:188} INFO - [2026-06-09T07:57:06.000+0000] {dag.py:3096} INFO - Sync 1 DAGs
[2026-06-09T07:57:06.026+0000] {logging_mixin.py:188} INFO - [2026-06-09T07:57:06.026+0000] {dag.py:3954} INFO - Setting next_dagrun for weather_pipeline to 2026-06-09 06:00:00+00:00, run_after=2026-06-10 06:00:00+00:00
[2026-06-09T07:57:06.044+0000] {processor.py:183} INFO - Processing /opt/airflow/dags/weather_pipeline_dag.py took 0.094 seconds
[2026-06-09T07:57:36.858+0000] {processor.py:161} INFO - Started process (PID=217) to work on /opt/airflow/dags/weather_pipeline_dag.py
[2026-06-09T07:57:36.859+0000] {processor.py:830} INFO - Processing file /opt/airflow/dags/weather_pipeline_dag.py for tasks to queue
[2026-06-09T07:57:36.860+0000] {logging_mixin.py:188} INFO - [2026-06-09T07:57:36.860+0000] {dagbag.py:545} INFO - Filling up the DagBag from /opt/airflow/dags/weather_pipeline_dag.py
[2026-06-09T07:57:36.877+0000] {processor.py:840} INFO - DAG(s) 'weather_pipeline' retrieved from /opt/airflow/dags/weather_pipeline_dag.py
[2026-06-09T07:57:36.981+0000] {logging_mixin.py:188} INFO - [2026-06-09T07:57:36.981+0000] {dag.py:3096} INFO - Sync 1 DAGs
[2026-06-09T07:57:37.001+0000] {logging_mixin.py:188} INFO - [2026-06-09T07:57:37.000+0000] {dag.py:3954} INFO - Setting next_dagrun for weather_pipeline to 2026-06-09 06:00:00+00:00, run_after=2026-06-10 06:00:00+00:00
[2026-06-09T07:57:37.018+0000] {processor.py:183} INFO - Processing /opt/airflow/dags/weather_pipeline_dag.py took 0.164 seconds
[2026-06-09T07:58:07.827+0000] {processor.py:161} INFO - Started process (PID=245) to work on /opt/airflow/dags/weather_pipeline_dag.py
[2026-06-09T07:58:07.827+0000] {processor.py:830} INFO - Processing file /opt/airflow/dags/weather_pipeline_dag.py for tasks to queue
[2026-06-09T07:58:07.829+0000] {logging_mixin.py:188} INFO - [2026-06-09T07:58:07.828+0000] {dagbag.py:545} INFO - Filling up the DagBag from /opt/airflow/dags/weather_pipeline_dag.py
[2026-06-09T07:58:07.844+0000] {processor.py:840} INFO - DAG(s) 'weather_pipeline' retrieved from /opt/airflow/dags/weather_pipeline_dag.py
[2026-06-09T07:58:07.869+0000] {logging_mixin.py:188} INFO - [2026-06-09T07:58:07.868+0000] {dag.py:3096} INFO - Sync 1 DAGs
[2026-06-09T07:58:07.889+0000] {logging_mixin.py:188} INFO - [2026-06-09T07:58:07.889+0000] {dag.py:3954} INFO - Setting next_dagrun for weather_pipeline to 2026-06-09 06:00:00+00:00, run_after=2026-06-10 06:00:00+00:00
[2026-06-09T07:58:07.905+0000] {processor.py:183} INFO - Processing /opt/airflow/dags/weather_pipeline_dag.py took 0.081 seconds
[2026-06-09T07:58:39.748+0000] {processor.py:161} INFO - Started process (PID=264) to work on /opt/airflow/dags/weather_pipeline_dag.py
[2026-06-09T07:58:39.749+0000] {processor.py:830} INFO - Processing file /opt/airflow/dags/weather_pipeline_dag.py for tasks to queue
[2026-06-09T07:58:39.750+0000] {logging_mixin.py:188} INFO - [2026-06-09T07:58:39.750+0000] {dagbag.py:545} INFO - Filling up the DagBag from /opt/airflow/dags/weather_pipeline_dag.py
[2026-06-09T07:58:39.766+0000] {processor.py:840} INFO - DAG(s) 'weather_pipeline' retrieved from /opt/airflow/dags/weather_pipeline_dag.py
[2026-06-09T07:58:39.788+0000] {logging_mixin.py:188} INFO - [2026-06-09T07:58:39.788+0000] {dag.py:3096} INFO - Sync 1 DAGs
[2026-06-09T07:58:39.809+0000] {logging_mixin.py:188} INFO - [2026-06-09T07:58:39.809+0000] {dag.py:3954} INFO - Setting next_dagrun for weather_pipeline to 2026-06-09 06:00:00+00:00, run_after=2026-06-10 06:00:00+00:00
[2026-06-09T07:58:39.827+0000] {processor.py:183} INFO - Processing /opt/airflow/dags/weather_pipeline_dag.py took 0.082 seconds
[2026-06-09T07:59:11.574+0000] {processor.py:161} INFO - Started process (PID=290) to work on /opt/airflow/dags/weather_pipeline_dag.py
[2026-06-09T07:59:11.575+0000] {processor.py:830} INFO - Processing file /opt/airflow/dags/weather_pipeline_dag.py for tasks to queue
[2026-06-09T07:59:11.576+0000] {logging_mixin.py:188} INFO - [2026-06-09T07:59:11.575+0000] {dagbag.py:545} INFO - Filling up the DagBag from /opt/airflow/dags/weather_pipeline_dag.py
[2026-06-09T07:59:11.592+0000] {processor.py:840} INFO - DAG(s) 'weather_pipeline' retrieved from /opt/airflow/dags/weather_pipeline_dag.py
[2026-06-09T07:59:11.616+0000] {logging_mixin.py:188} INFO - [2026-06-09T07:59:11.615+0000] {dag.py:3096} INFO - Sync 1 DAGs
[2026-06-09T07:59:11.636+0000] {logging_mixin.py:188} INFO - [2026-06-09T07:59:11.636+0000] {dag.py:3954} INFO - Setting next_dagrun for weather_pipeline to 2026-06-09 06:00:00+00:00, run_after=2026-06-10 06:00:00+00:00
[2026-06-09T07:59:11.653+0000] {processor.py:183} INFO - Processing /opt/airflow/dags/weather_pipeline_dag.py took 0.083 seconds
[2026-06-09T07:59:43.526+0000] {processor.py:161} INFO - Started process (PID=309) to work on /opt/airflow/dags/weather_pipeline_dag.py
[2026-06-09T07:59:43.526+0000] {processor.py:830} INFO - Processing file /opt/airflow/dags/weather_pipeline_dag.py for tasks to queue
[2026-06-09T07:59:43.528+0000] {logging_mixin.py:188} INFO - [2026-06-09T07:59:43.527+0000] {dagbag.py:545} INFO - Filling up the DagBag from /opt/airflow/dags/weather_pipeline_dag.py
[2026-06-09T07:59:43.543+0000] {processor.py:840} INFO - DAG(s) 'weather_pipeline' retrieved from /opt/airflow/dags/weather_pipeline_dag.py
[2026-06-09T07:59:43.564+0000] {logging_mixin.py:188} INFO - [2026-06-09T07:59:43.564+0000] {dag.py:3096} INFO - Sync 1 DAGs
[2026-06-09T07:59:43.583+0000] {logging_mixin.py:188} INFO - [2026-06-09T07:59:43.583+0000] {dag.py:3954} INFO - Setting next_dagrun for weather_pipeline to 2026-06-09 06:00:00+00:00, run_after=2026-06-10 06:00:00+00:00
[2026-06-09T07:59:43.599+0000] {processor.py:183} INFO - Processing /opt/airflow/dags/weather_pipeline_dag.py took 0.077 seconds
[2026-06-09T08:00:14.424+0000] {processor.py:161} INFO - Started process (PID=328) to work on /opt/airflow/dags/weather_pipeline_dag.py
[2026-06-09T08:00:14.425+0000] {processor.py:830} INFO - Processing file /opt/airflow/dags/weather_pipeline_dag.py for tasks to queue
[2026-06-09T08:00:14.427+0000] {logging_mixin.py:188} INFO - [2026-06-09T08:00:14.426+0000] {dagbag.py:545} INFO - Filling up the DagBag from /opt/airflow/dags/weather_pipeline_dag.py
[2026-06-09T08:00:14.443+0000] {processor.py:840} INFO - DAG(s) 'weather_pipeline' retrieved from /opt/airflow/dags/weather_pipeline_dag.py
[2026-06-09T08:00:14.465+0000] {logging_mixin.py:188} INFO - [2026-06-09T08:00:14.465+0000] {dag.py:3096} INFO - Sync 1 DAGs
[2026-06-09T08:00:14.485+0000] {logging_mixin.py:188} INFO - [2026-06-09T08:00:14.485+0000] {dag.py:3954} INFO - Setting next_dagrun for weather_pipeline to 2026-06-09 06:00:00+00:00, run_after=2026-06-10 06:00:00+00:00
[2026-06-09T08:00:14.501+0000] {processor.py:183} INFO - Processing /opt/airflow/dags/weather_pipeline_dag.py took 0.081 seconds
[2026-06-09T08:00:46.332+0000] {processor.py:161} INFO - Started process (PID=354) to work on /opt/airflow/dags/weather_pipeline_dag.py
[2026-06-09T08:00:46.333+0000] {processor.py:830} INFO - Processing file /opt/airflow/dags/weather_pipeline_dag.py for tasks to queue
[2026-06-09T08:00:46.334+0000] {logging_mixin.py:188} INFO - [2026-06-09T08:00:46.334+0000] {dagbag.py:545} INFO - Filling up the DagBag from /opt/airflow/dags/weather_pipeline_dag.py
[2026-06-09T08:00:46.351+0000] {processor.py:840} INFO - DAG(s) 'weather_pipeline' retrieved from /opt/airflow/dags/weather_pipeline_dag.py
[2026-06-09T08:00:46.373+0000] {logging_mixin.py:188} INFO - [2026-06-09T08:00:46.373+0000] {dag.py:3096} INFO - Sync 1 DAGs
[2026-06-09T08:00:46.393+0000] {logging_mixin.py:188} INFO - [2026-06-09T08:00:46.393+0000] {dag.py:3954} INFO - Setting next_dagrun for weather_pipeline to 2026-06-09 06:00:00+00:00, run_after=2026-06-10 06:00:00+00:00
[2026-06-09T08:00:46.409+0000] {processor.py:183} INFO - Processing /opt/airflow/dags/weather_pipeline_dag.py took 0.081 seconds
[2026-06-09T08:01:18.175+0000] {processor.py:161} INFO - Started process (PID=373) to work on /opt/airflow/dags/weather_pipeline_dag.py
[2026-06-09T08:01:18.176+0000] {processor.py:830} INFO - Processing file /opt/airflow/dags/weather_pipeline_dag.py for tasks to queue
[2026-06-09T08:01:18.177+0000] {logging_mixin.py:188} INFO - [2026-06-09T08:01:18.177+0000] {dagbag.py:545} INFO - Filling up the DagBag from /opt/airflow/dags/weather_pipeline_dag.py
[2026-06-09T08:01:18.193+0000] {processor.py:840} INFO - DAG(s) 'weather_pipeline' retrieved from /opt/airflow/dags/weather_pipeline_dag.py
[2026-06-09T08:01:18.215+0000] {logging_mixin.py:188} INFO - [2026-06-09T08:01:18.215+0000] {dag.py:3096} INFO - Sync 1 DAGs
[2026-06-09T08:01:18.235+0000] {logging_mixin.py:188} INFO - [2026-06-09T08:01:18.235+0000] {dag.py:3954} INFO - Setting next_dagrun for weather_pipeline to 2026-06-09 06:00:00+00:00, run_after=2026-06-10 06:00:00+00:00
[2026-06-09T08:01:18.258+0000] {processor.py:183} INFO - Processing /opt/airflow/dags/weather_pipeline_dag.py took 0.087 seconds
[2026-06-09T08:01:50.113+0000] {processor.py:161} INFO - Started process (PID=399) to work on /opt/airflow/dags/weather_pipeline_dag.py
[2026-06-09T08:01:50.114+0000] {processor.py:830} INFO - Processing file /opt/airflow/dags/weather_pipeline_dag.py for tasks to queue
[2026-06-09T08:01:50.115+0000] {logging_mixin.py:188} INFO - [2026-06-09T08:01:50.115+0000] {dagbag.py:545} INFO - Filling up the DagBag from /opt/airflow/dags/weather_pipeline_dag.py
[2026-06-09T08:01:50.131+0000] {processor.py:840} INFO - DAG(s) 'weather_pipeline' retrieved from /opt/airflow/dags/weather_pipeline_dag.py
[2026-06-09T08:01:50.152+0000] {logging_mixin.py:188} INFO - [2026-06-09T08:01:50.152+0000] {dag.py:3096} INFO - Sync 1 DAGs
[2026-06-09T08:01:50.171+0000] {logging_mixin.py:188} INFO - [2026-06-09T08:01:50.170+0000] {dag.py:3954} INFO - Setting next_dagrun for weather_pipeline to 2026-06-09 06:00:00+00:00, run_after=2026-06-10 06:00:00+00:00
[2026-06-09T08:01:50.195+0000] {processor.py:183} INFO - Processing /opt/airflow/dags/weather_pipeline_dag.py took 0.085 seconds
[2026-06-09T08:02:22.067+0000] {processor.py:161} INFO - Started process (PID=418) to work on /opt/airflow/dags/weather_pipeline_dag.py
[2026-06-09T08:02:22.068+0000] {processor.py:830} INFO - Processing file /opt/airflow/dags/weather_pipeline_dag.py for tasks to queue
[2026-06-09T08:02:22.069+0000] {logging_mixin.py:188} INFO - [2026-06-09T08:02:22.069+0000] {dagbag.py:545} INFO - Filling up the DagBag from /opt/airflow/dags/weather_pipeline_dag.py
[2026-06-09T08:02:22.085+0000] {processor.py:840} INFO - DAG(s) 'weather_pipeline' retrieved from /opt/airflow/dags/weather_pipeline_dag.py
[2026-06-09T08:02:22.106+0000] {logging_mixin.py:188} INFO - [2026-06-09T08:02:22.106+0000] {dag.py:3096} INFO - Sync 1 DAGs
[2026-06-09T08:02:22.124+0000] {logging_mixin.py:188} INFO - [2026-06-09T08:02:22.123+0000] {dag.py:3954} INFO - Setting next_dagrun for weather_pipeline to 2026-06-09 06:00:00+00:00, run_after=2026-06-10 06:00:00+00:00
[2026-06-09T08:02:22.148+0000] {processor.py:183} INFO - Processing /opt/airflow/dags/weather_pipeline_dag.py took 0.085 seconds
[2026-06-09T08:02:53.933+0000] {processor.py:161} INFO - Started process (PID=444) to work on /opt/airflow/dags/weather_pipeline_dag.py
[2026-06-09T08:02:53.934+0000] {processor.py:830} INFO - Processing file /opt/airflow/dags/weather_pipeline_dag.py for tasks to queue
[2026-06-09T08:02:53.936+0000] {logging_mixin.py:188} INFO - [2026-06-09T08:02:53.936+0000] {dagbag.py:545} INFO - Filling up the DagBag from /opt/airflow/dags/weather_pipeline_dag.py
[2026-06-09T08:02:53.953+0000] {processor.py:840} INFO - DAG(s) 'weather_pipeline' retrieved from /opt/airflow/dags/weather_pipeline_dag.py
[2026-06-09T08:02:53.977+0000] {logging_mixin.py:188} INFO - [2026-06-09T08:02:53.977+0000] {dag.py:3096} INFO - Sync 1 DAGs
[2026-06-09T08:02:53.997+0000] {logging_mixin.py:188} INFO - [2026-06-09T08:02:53.997+0000] {dag.py:3954} INFO - Setting next_dagrun for weather_pipeline to 2026-06-09 06:00:00+00:00, run_after=2026-06-10 06:00:00+00:00
[2026-06-09T08:02:54.013+0000] {processor.py:183} INFO - Processing /opt/airflow/dags/weather_pipeline_dag.py took 0.085 seconds
[2026-06-09T08:03:24.810+0000] {processor.py:161} INFO - Started process (PID=463) to work on /opt/airflow/dags/weather_pipeline_dag.py
[2026-06-09T08:03:24.810+0000] {processor.py:830} INFO - Processing file /opt/airflow/dags/weather_pipeline_dag.py for tasks to queue
[2026-06-09T08:03:24.812+0000] {logging_mixin.py:188} INFO - [2026-06-09T08:03:24.811+0000] {dagbag.py:545} INFO - Filling up the DagBag from /opt/airflow/dags/weather_pipeline_dag.py
[2026-06-09T08:03:24.827+0000] {processor.py:840} INFO - DAG(s) 'weather_pipeline' retrieved from /opt/airflow/dags/weather_pipeline_dag.py
[2026-06-09T08:03:24.849+0000] {logging_mixin.py:188} INFO - [2026-06-09T08:03:24.849+0000] {dag.py:3096} INFO - Sync 1 DAGs
[2026-06-09T08:03:24.869+0000] {logging_mixin.py:188} INFO - [2026-06-09T08:03:24.868+0000] {dag.py:3954} INFO - Setting next_dagrun for weather_pipeline to 2026-06-09 06:00:00+00:00, run_after=2026-06-10 06:00:00+00:00
[2026-06-09T08:03:24.885+0000] {processor.py:183} INFO - Processing /opt/airflow/dags/weather_pipeline_dag.py took 0.079 seconds
[2026-06-09T08:03:56.704+0000] {processor.py:161} INFO - Started process (PID=482) to work on /opt/airflow/dags/weather_pipeline_dag.py
[2026-06-09T08:03:56.704+0000] {processor.py:830} INFO - Processing file /opt/airflow/dags/weather_pipeline_dag.py for tasks to queue
[2026-06-09T08:03:56.705+0000] {logging_mixin.py:188} INFO - [2026-06-09T08:03:56.705+0000] {dagbag.py:545} INFO - Filling up the DagBag from /opt/airflow/dags/weather_pipeline_dag.py
[2026-06-09T08:03:56.721+0000] {processor.py:840} INFO - DAG(s) 'weather_pipeline' retrieved from /opt/airflow/dags/weather_pipeline_dag.py
[2026-06-09T08:03:56.742+0000] {logging_mixin.py:188} INFO - [2026-06-09T08:03:56.741+0000] {dag.py:3096} INFO - Sync 1 DAGs
[2026-06-09T08:03:56.761+0000] {logging_mixin.py:188} INFO - [2026-06-09T08:03:56.761+0000] {dag.py:3954} INFO - Setting next_dagrun for weather_pipeline to 2026-06-09 06:00:00+00:00, run_after=2026-06-10 06:00:00+00:00
[2026-06-09T08:03:56.776+0000] {processor.py:183} INFO - Processing /opt/airflow/dags/weather_pipeline_dag.py took 0.076 seconds
