[2026-06-09T13:25:55.290+0000] {processor.py:161} INFO - Started process (PID=213) to work on /opt/airflow/dags/weather_pipeline.py
[2026-06-09T13:25:55.292+0000] {processor.py:830} INFO - Processing file /opt/airflow/dags/weather_pipeline.py for tasks to queue
[2026-06-09T13:25:55.295+0000] {logging_mixin.py:188} INFO - [2026-06-09T13:25:55.294+0000] {dagbag.py:545} INFO - Filling up the DagBag from /opt/airflow/dags/weather_pipeline.py
[2026-06-09T13:25:55.313+0000] {processor.py:840} INFO - DAG(s) 'weather_pipeline' retrieved from /opt/airflow/dags/weather_pipeline.py
[2026-06-09T13:25:55.338+0000] {logging_mixin.py:188} INFO - [2026-06-09T13:25:55.337+0000] {dag.py:3096} INFO - Sync 1 DAGs
[2026-06-09T13:25:55.366+0000] {logging_mixin.py:188} INFO - [2026-06-09T13:25:55.365+0000] {dag.py:3954} INFO - Setting next_dagrun for weather_pipeline to 2026-06-09 06:00:00+00:00, run_after=2026-06-10 06:00:00+00:00
[2026-06-09T13:25:55.384+0000] {processor.py:183} INFO - Processing /opt/airflow/dags/weather_pipeline.py took 0.098 seconds
[2026-06-09T13:26:26.941+0000] {processor.py:161} INFO - Started process (PID=235) to work on /opt/airflow/dags/weather_pipeline.py
[2026-06-09T13:26:26.942+0000] {processor.py:830} INFO - Processing file /opt/airflow/dags/weather_pipeline.py for tasks to queue
[2026-06-09T13:26:26.944+0000] {logging_mixin.py:188} INFO - [2026-06-09T13:26:26.944+0000] {dagbag.py:545} INFO - Filling up the DagBag from /opt/airflow/dags/weather_pipeline.py
[2026-06-09T13:26:26.973+0000] {processor.py:840} INFO - DAG(s) 'weather_pipeline' retrieved from /opt/airflow/dags/weather_pipeline.py
[2026-06-09T13:26:27.105+0000] {logging_mixin.py:188} INFO - [2026-06-09T13:26:27.105+0000] {dag.py:3096} INFO - Sync 1 DAGs
[2026-06-09T13:26:27.127+0000] {logging_mixin.py:188} INFO - [2026-06-09T13:26:27.127+0000] {dag.py:3954} INFO - Setting next_dagrun for weather_pipeline to 2026-06-09 06:00:00+00:00, run_after=2026-06-10 06:00:00+00:00
[2026-06-09T13:26:27.146+0000] {processor.py:183} INFO - Processing /opt/airflow/dags/weather_pipeline.py took 0.213 seconds
[2026-06-09T13:26:58.567+0000] {processor.py:161} INFO - Started process (PID=258) to work on /opt/airflow/dags/weather_pipeline.py
[2026-06-09T13:26:58.568+0000] {processor.py:830} INFO - Processing file /opt/airflow/dags/weather_pipeline.py for tasks to queue
[2026-06-09T13:26:58.569+0000] {logging_mixin.py:188} INFO - [2026-06-09T13:26:58.569+0000] {dagbag.py:545} INFO - Filling up the DagBag from /opt/airflow/dags/weather_pipeline.py
[2026-06-09T13:26:58.585+0000] {processor.py:840} INFO - DAG(s) 'weather_pipeline' retrieved from /opt/airflow/dags/weather_pipeline.py
[2026-06-09T13:26:58.608+0000] {logging_mixin.py:188} INFO - [2026-06-09T13:26:58.608+0000] {dag.py:3096} INFO - Sync 1 DAGs
[2026-06-09T13:26:58.626+0000] {logging_mixin.py:188} INFO - [2026-06-09T13:26:58.626+0000] {dag.py:3954} INFO - Setting next_dagrun for weather_pipeline to 2026-06-09 06:00:00+00:00, run_after=2026-06-10 06:00:00+00:00
[2026-06-09T13:26:58.644+0000] {processor.py:183} INFO - Processing /opt/airflow/dags/weather_pipeline.py took 0.080 seconds
[2026-06-09T13:27:30.166+0000] {processor.py:161} INFO - Started process (PID=284) to work on /opt/airflow/dags/weather_pipeline.py
[2026-06-09T13:27:30.167+0000] {processor.py:830} INFO - Processing file /opt/airflow/dags/weather_pipeline.py for tasks to queue
[2026-06-09T13:27:30.168+0000] {logging_mixin.py:188} INFO - [2026-06-09T13:27:30.168+0000] {dagbag.py:545} INFO - Filling up the DagBag from /opt/airflow/dags/weather_pipeline.py
[2026-06-09T13:27:30.185+0000] {processor.py:840} INFO - DAG(s) 'weather_pipeline' retrieved from /opt/airflow/dags/weather_pipeline.py
[2026-06-09T13:27:30.207+0000] {logging_mixin.py:188} INFO - [2026-06-09T13:27:30.207+0000] {dag.py:3096} INFO - Sync 1 DAGs
[2026-06-09T13:27:30.226+0000] {logging_mixin.py:188} INFO - [2026-06-09T13:27:30.226+0000] {dag.py:3954} INFO - Setting next_dagrun for weather_pipeline to 2026-06-09 06:00:00+00:00, run_after=2026-06-10 06:00:00+00:00
[2026-06-09T13:27:30.251+0000] {processor.py:183} INFO - Processing /opt/airflow/dags/weather_pipeline.py took 0.088 seconds
[2026-06-09T13:28:00.855+0000] {processor.py:161} INFO - Started process (PID=303) to work on /opt/airflow/dags/weather_pipeline.py
[2026-06-09T13:28:00.856+0000] {processor.py:830} INFO - Processing file /opt/airflow/dags/weather_pipeline.py for tasks to queue
[2026-06-09T13:28:00.858+0000] {logging_mixin.py:188} INFO - [2026-06-09T13:28:00.857+0000] {dagbag.py:545} INFO - Filling up the DagBag from /opt/airflow/dags/weather_pipeline.py
[2026-06-09T13:28:00.874+0000] {processor.py:840} INFO - DAG(s) 'weather_pipeline' retrieved from /opt/airflow/dags/weather_pipeline.py
[2026-06-09T13:28:00.897+0000] {logging_mixin.py:188} INFO - [2026-06-09T13:28:00.897+0000] {dag.py:3096} INFO - Sync 1 DAGs
[2026-06-09T13:28:00.917+0000] {logging_mixin.py:188} INFO - [2026-06-09T13:28:00.916+0000] {dag.py:3954} INFO - Setting next_dagrun for weather_pipeline to 2026-06-09 06:00:00+00:00, run_after=2026-06-10 06:00:00+00:00
[2026-06-09T13:28:00.933+0000] {processor.py:183} INFO - Processing /opt/airflow/dags/weather_pipeline.py took 0.082 seconds
[2026-06-09T13:28:32.452+0000] {processor.py:161} INFO - Started process (PID=329) to work on /opt/airflow/dags/weather_pipeline.py
[2026-06-09T13:28:32.452+0000] {processor.py:830} INFO - Processing file /opt/airflow/dags/weather_pipeline.py for tasks to queue
[2026-06-09T13:28:32.454+0000] {logging_mixin.py:188} INFO - [2026-06-09T13:28:32.453+0000] {dagbag.py:545} INFO - Filling up the DagBag from /opt/airflow/dags/weather_pipeline.py
[2026-06-09T13:28:32.470+0000] {processor.py:840} INFO - DAG(s) 'weather_pipeline' retrieved from /opt/airflow/dags/weather_pipeline.py
[2026-06-09T13:28:32.493+0000] {logging_mixin.py:188} INFO - [2026-06-09T13:28:32.493+0000] {dag.py:3096} INFO - Sync 1 DAGs
[2026-06-09T13:28:32.511+0000] {logging_mixin.py:188} INFO - [2026-06-09T13:28:32.511+0000] {dag.py:3954} INFO - Setting next_dagrun for weather_pipeline to 2026-06-09 06:00:00+00:00, run_after=2026-06-10 06:00:00+00:00
[2026-06-09T13:28:32.535+0000] {processor.py:183} INFO - Processing /opt/airflow/dags/weather_pipeline.py took 0.088 seconds
[2026-06-09T13:29:04.113+0000] {processor.py:161} INFO - Started process (PID=348) to work on /opt/airflow/dags/weather_pipeline.py
[2026-06-09T13:29:04.114+0000] {processor.py:830} INFO - Processing file /opt/airflow/dags/weather_pipeline.py for tasks to queue
[2026-06-09T13:29:04.115+0000] {logging_mixin.py:188} INFO - [2026-06-09T13:29:04.115+0000] {dagbag.py:545} INFO - Filling up the DagBag from /opt/airflow/dags/weather_pipeline.py
[2026-06-09T13:29:04.131+0000] {processor.py:840} INFO - DAG(s) 'weather_pipeline' retrieved from /opt/airflow/dags/weather_pipeline.py
[2026-06-09T13:29:04.153+0000] {logging_mixin.py:188} INFO - [2026-06-09T13:29:04.153+0000] {dag.py:3096} INFO - Sync 1 DAGs
[2026-06-09T13:29:04.172+0000] {logging_mixin.py:188} INFO - [2026-06-09T13:29:04.171+0000] {dag.py:3954} INFO - Setting next_dagrun for weather_pipeline to 2026-06-09 06:00:00+00:00, run_after=2026-06-10 06:00:00+00:00
[2026-06-09T13:29:04.186+0000] {processor.py:183} INFO - Processing /opt/airflow/dags/weather_pipeline.py took 0.077 seconds
[2026-06-09T13:29:35.711+0000] {processor.py:161} INFO - Started process (PID=374) to work on /opt/airflow/dags/weather_pipeline.py
[2026-06-09T13:29:35.712+0000] {processor.py:830} INFO - Processing file /opt/airflow/dags/weather_pipeline.py for tasks to queue
[2026-06-09T13:29:35.714+0000] {logging_mixin.py:188} INFO - [2026-06-09T13:29:35.713+0000] {dagbag.py:545} INFO - Filling up the DagBag from /opt/airflow/dags/weather_pipeline.py
[2026-06-09T13:29:35.731+0000] {processor.py:840} INFO - DAG(s) 'weather_pipeline' retrieved from /opt/airflow/dags/weather_pipeline.py
[2026-06-09T13:29:35.757+0000] {logging_mixin.py:188} INFO - [2026-06-09T13:29:35.757+0000] {dag.py:3096} INFO - Sync 1 DAGs
[2026-06-09T13:29:35.778+0000] {logging_mixin.py:188} INFO - [2026-06-09T13:29:35.778+0000] {dag.py:3954} INFO - Setting next_dagrun for weather_pipeline to 2026-06-09 06:00:00+00:00, run_after=2026-06-10 06:00:00+00:00
[2026-06-09T13:29:35.796+0000] {processor.py:183} INFO - Processing /opt/airflow/dags/weather_pipeline.py took 0.091 seconds
[2026-06-09T13:30:07.383+0000] {processor.py:161} INFO - Started process (PID=393) to work on /opt/airflow/dags/weather_pipeline.py
[2026-06-09T13:30:07.383+0000] {processor.py:830} INFO - Processing file /opt/airflow/dags/weather_pipeline.py for tasks to queue
[2026-06-09T13:30:07.385+0000] {logging_mixin.py:188} INFO - [2026-06-09T13:30:07.384+0000] {dagbag.py:545} INFO - Filling up the DagBag from /opt/airflow/dags/weather_pipeline.py
[2026-06-09T13:30:07.401+0000] {processor.py:840} INFO - DAG(s) 'weather_pipeline' retrieved from /opt/airflow/dags/weather_pipeline.py
[2026-06-09T13:30:07.424+0000] {logging_mixin.py:188} INFO - [2026-06-09T13:30:07.424+0000] {dag.py:3096} INFO - Sync 1 DAGs
[2026-06-09T13:30:07.443+0000] {logging_mixin.py:188} INFO - [2026-06-09T13:30:07.443+0000] {dag.py:3954} INFO - Setting next_dagrun for weather_pipeline to 2026-06-09 06:00:00+00:00, run_after=2026-06-10 06:00:00+00:00
[2026-06-09T13:30:07.459+0000] {processor.py:183} INFO - Processing /opt/airflow/dags/weather_pipeline.py took 0.081 seconds
[2026-06-09T13:30:38.981+0000] {processor.py:161} INFO - Started process (PID=412) to work on /opt/airflow/dags/weather_pipeline.py
[2026-06-09T13:30:38.982+0000] {processor.py:830} INFO - Processing file /opt/airflow/dags/weather_pipeline.py for tasks to queue
[2026-06-09T13:30:38.984+0000] {logging_mixin.py:188} INFO - [2026-06-09T13:30:38.984+0000] {dagbag.py:545} INFO - Filling up the DagBag from /opt/airflow/dags/weather_pipeline.py
[2026-06-09T13:30:38.999+0000] {processor.py:840} INFO - DAG(s) 'weather_pipeline' retrieved from /opt/airflow/dags/weather_pipeline.py
[2026-06-09T13:30:39.022+0000] {logging_mixin.py:188} INFO - [2026-06-09T13:30:39.021+0000] {dag.py:3096} INFO - Sync 1 DAGs
[2026-06-09T13:30:39.040+0000] {logging_mixin.py:188} INFO - [2026-06-09T13:30:39.040+0000] {dag.py:3954} INFO - Setting next_dagrun for weather_pipeline to 2026-06-09 06:00:00+00:00, run_after=2026-06-10 06:00:00+00:00
[2026-06-09T13:30:39.063+0000] {processor.py:183} INFO - Processing /opt/airflow/dags/weather_pipeline.py took 0.085 seconds
[2026-06-09T13:31:09.625+0000] {processor.py:161} INFO - Started process (PID=442) to work on /opt/airflow/dags/weather_pipeline.py
[2026-06-09T13:31:09.626+0000] {processor.py:830} INFO - Processing file /opt/airflow/dags/weather_pipeline.py for tasks to queue
[2026-06-09T13:31:09.628+0000] {logging_mixin.py:188} INFO - [2026-06-09T13:31:09.628+0000] {dagbag.py:545} INFO - Filling up the DagBag from /opt/airflow/dags/weather_pipeline.py
[2026-06-09T13:31:09.643+0000] {processor.py:840} INFO - DAG(s) 'weather_pipeline' retrieved from /opt/airflow/dags/weather_pipeline.py
[2026-06-09T13:31:09.665+0000] {logging_mixin.py:188} INFO - [2026-06-09T13:31:09.665+0000] {dag.py:3096} INFO - Sync 1 DAGs
[2026-06-09T13:31:09.684+0000] {logging_mixin.py:188} INFO - [2026-06-09T13:31:09.684+0000] {dag.py:3954} INFO - Setting next_dagrun for weather_pipeline to 2026-06-09 06:00:00+00:00, run_after=2026-06-10 06:00:00+00:00
[2026-06-09T13:31:09.700+0000] {processor.py:183} INFO - Processing /opt/airflow/dags/weather_pipeline.py took 0.079 seconds
[2026-06-09T13:31:41.242+0000] {processor.py:161} INFO - Started process (PID=465) to work on /opt/airflow/dags/weather_pipeline.py
[2026-06-09T13:31:41.243+0000] {processor.py:830} INFO - Processing file /opt/airflow/dags/weather_pipeline.py for tasks to queue
[2026-06-09T13:31:41.244+0000] {logging_mixin.py:188} INFO - [2026-06-09T13:31:41.244+0000] {dagbag.py:545} INFO - Filling up the DagBag from /opt/airflow/dags/weather_pipeline.py
[2026-06-09T13:31:41.259+0000] {processor.py:840} INFO - DAG(s) 'weather_pipeline' retrieved from /opt/airflow/dags/weather_pipeline.py
[2026-06-09T13:31:41.282+0000] {logging_mixin.py:188} INFO - [2026-06-09T13:31:41.282+0000] {dag.py:3096} INFO - Sync 1 DAGs
[2026-06-09T13:31:41.301+0000] {logging_mixin.py:188} INFO - [2026-06-09T13:31:41.301+0000] {dag.py:3954} INFO - Setting next_dagrun for weather_pipeline to 2026-06-09 06:00:00+00:00, run_after=2026-06-10 06:00:00+00:00
[2026-06-09T13:31:41.316+0000] {processor.py:183} INFO - Processing /opt/airflow/dags/weather_pipeline.py took 0.078 seconds
[2026-06-09T13:32:12.871+0000] {processor.py:161} INFO - Started process (PID=491) to work on /opt/airflow/dags/weather_pipeline.py
[2026-06-09T13:32:12.872+0000] {processor.py:830} INFO - Processing file /opt/airflow/dags/weather_pipeline.py for tasks to queue
[2026-06-09T13:32:12.873+0000] {logging_mixin.py:188} INFO - [2026-06-09T13:32:12.873+0000] {dagbag.py:545} INFO - Filling up the DagBag from /opt/airflow/dags/weather_pipeline.py
[2026-06-09T13:32:12.889+0000] {processor.py:840} INFO - DAG(s) 'weather_pipeline' retrieved from /opt/airflow/dags/weather_pipeline.py
[2026-06-09T13:32:12.912+0000] {logging_mixin.py:188} INFO - [2026-06-09T13:32:12.912+0000] {dag.py:3096} INFO - Sync 1 DAGs
[2026-06-09T13:32:12.931+0000] {logging_mixin.py:188} INFO - [2026-06-09T13:32:12.931+0000] {dag.py:3954} INFO - Setting next_dagrun for weather_pipeline to 2026-06-09 06:00:00+00:00, run_after=2026-06-10 06:00:00+00:00
[2026-06-09T13:32:12.947+0000] {processor.py:183} INFO - Processing /opt/airflow/dags/weather_pipeline.py took 0.080 seconds
[2026-06-09T13:32:44.509+0000] {processor.py:161} INFO - Started process (PID=510) to work on /opt/airflow/dags/weather_pipeline.py
[2026-06-09T13:32:44.510+0000] {processor.py:830} INFO - Processing file /opt/airflow/dags/weather_pipeline.py for tasks to queue
[2026-06-09T13:32:44.512+0000] {logging_mixin.py:188} INFO - [2026-06-09T13:32:44.512+0000] {dagbag.py:545} INFO - Filling up the DagBag from /opt/airflow/dags/weather_pipeline.py
[2026-06-09T13:32:44.533+0000] {processor.py:840} INFO - DAG(s) 'weather_pipeline' retrieved from /opt/airflow/dags/weather_pipeline.py
[2026-06-09T13:32:44.564+0000] {logging_mixin.py:188} INFO - [2026-06-09T13:32:44.563+0000] {dag.py:3096} INFO - Sync 1 DAGs
[2026-06-09T13:32:44.585+0000] {logging_mixin.py:188} INFO - [2026-06-09T13:32:44.585+0000] {dag.py:3954} INFO - Setting next_dagrun for weather_pipeline to 2026-06-09 06:00:00+00:00, run_after=2026-06-10 06:00:00+00:00
[2026-06-09T13:32:44.609+0000] {processor.py:183} INFO - Processing /opt/airflow/dags/weather_pipeline.py took 0.105 seconds
[2026-06-09T13:33:16.143+0000] {processor.py:161} INFO - Started process (PID=536) to work on /opt/airflow/dags/weather_pipeline.py
[2026-06-09T13:33:16.144+0000] {processor.py:830} INFO - Processing file /opt/airflow/dags/weather_pipeline.py for tasks to queue
[2026-06-09T13:33:16.145+0000] {logging_mixin.py:188} INFO - [2026-06-09T13:33:16.145+0000] {dagbag.py:545} INFO - Filling up the DagBag from /opt/airflow/dags/weather_pipeline.py
[2026-06-09T13:33:16.163+0000] {processor.py:840} INFO - DAG(s) 'weather_pipeline' retrieved from /opt/airflow/dags/weather_pipeline.py
[2026-06-09T13:33:16.190+0000] {logging_mixin.py:188} INFO - [2026-06-09T13:33:16.190+0000] {dag.py:3096} INFO - Sync 1 DAGs
[2026-06-09T13:33:16.212+0000] {logging_mixin.py:188} INFO - [2026-06-09T13:33:16.212+0000] {dag.py:3954} INFO - Setting next_dagrun for weather_pipeline to 2026-06-09 06:00:00+00:00, run_after=2026-06-10 06:00:00+00:00
[2026-06-09T13:33:16.230+0000] {processor.py:183} INFO - Processing /opt/airflow/dags/weather_pipeline.py took 0.094 seconds
[2026-06-09T13:33:47.043+0000] {processor.py:161} INFO - Started process (PID=555) to work on /opt/airflow/dags/weather_pipeline.py
[2026-06-09T13:33:47.044+0000] {processor.py:830} INFO - Processing file /opt/airflow/dags/weather_pipeline.py for tasks to queue
[2026-06-09T13:33:47.046+0000] {logging_mixin.py:188} INFO - [2026-06-09T13:33:47.045+0000] {dagbag.py:545} INFO - Filling up the DagBag from /opt/airflow/dags/weather_pipeline.py
[2026-06-09T13:33:47.063+0000] {processor.py:840} INFO - DAG(s) 'weather_pipeline' retrieved from /opt/airflow/dags/weather_pipeline.py
[2026-06-09T13:33:47.086+0000] {logging_mixin.py:188} INFO - [2026-06-09T13:33:47.086+0000] {dag.py:3096} INFO - Sync 1 DAGs
[2026-06-09T13:33:47.106+0000] {logging_mixin.py:188} INFO - [2026-06-09T13:33:47.106+0000] {dag.py:3954} INFO - Setting next_dagrun for weather_pipeline to 2026-06-09 06:00:00+00:00, run_after=2026-06-10 06:00:00+00:00
[2026-06-09T13:33:47.132+0000] {processor.py:183} INFO - Processing /opt/airflow/dags/weather_pipeline.py took 0.093 seconds
[2026-06-09T13:34:18.355+0000] {processor.py:161} INFO - Started process (PID=574) to work on /opt/airflow/dags/weather_pipeline.py
[2026-06-09T13:34:18.356+0000] {processor.py:830} INFO - Processing file /opt/airflow/dags/weather_pipeline.py for tasks to queue
[2026-06-09T13:34:18.357+0000] {logging_mixin.py:188} INFO - [2026-06-09T13:34:18.357+0000] {dagbag.py:545} INFO - Filling up the DagBag from /opt/airflow/dags/weather_pipeline.py
[2026-06-09T13:34:18.375+0000] {processor.py:840} INFO - DAG(s) 'weather_pipeline' retrieved from /opt/airflow/dags/weather_pipeline.py
[2026-06-09T13:34:18.399+0000] {logging_mixin.py:188} INFO - [2026-06-09T13:34:18.399+0000] {dag.py:3096} INFO - Sync 1 DAGs
[2026-06-09T13:34:18.419+0000] {logging_mixin.py:188} INFO - [2026-06-09T13:34:18.419+0000] {dag.py:3954} INFO - Setting next_dagrun for weather_pipeline to 2026-06-09 06:00:00+00:00, run_after=2026-06-10 06:00:00+00:00
[2026-06-09T13:34:18.437+0000] {processor.py:183} INFO - Processing /opt/airflow/dags/weather_pipeline.py took 0.086 seconds
[2026-06-09T13:34:50.048+0000] {processor.py:161} INFO - Started process (PID=600) to work on /opt/airflow/dags/weather_pipeline.py
[2026-06-09T13:34:50.049+0000] {processor.py:830} INFO - Processing file /opt/airflow/dags/weather_pipeline.py for tasks to queue
[2026-06-09T13:34:50.051+0000] {logging_mixin.py:188} INFO - [2026-06-09T13:34:50.050+0000] {dagbag.py:545} INFO - Filling up the DagBag from /opt/airflow/dags/weather_pipeline.py
[2026-06-09T13:34:50.071+0000] {processor.py:840} INFO - DAG(s) 'weather_pipeline' retrieved from /opt/airflow/dags/weather_pipeline.py
[2026-06-09T13:34:50.147+0000] {logging_mixin.py:188} INFO - [2026-06-09T13:34:50.147+0000] {dag.py:3096} INFO - Sync 1 DAGs
[2026-06-09T13:34:50.193+0000] {logging_mixin.py:188} INFO - [2026-06-09T13:34:50.193+0000] {dag.py:3954} INFO - Setting next_dagrun for weather_pipeline to 2026-06-09 06:00:00+00:00, run_after=2026-06-10 06:00:00+00:00
[2026-06-09T13:34:50.244+0000] {processor.py:183} INFO - Processing /opt/airflow/dags/weather_pipeline.py took 0.201 seconds
[2026-06-09T13:35:21.638+0000] {processor.py:161} INFO - Started process (PID=619) to work on /opt/airflow/dags/weather_pipeline.py
[2026-06-09T13:35:21.639+0000] {processor.py:830} INFO - Processing file /opt/airflow/dags/weather_pipeline.py for tasks to queue
[2026-06-09T13:35:21.640+0000] {logging_mixin.py:188} INFO - [2026-06-09T13:35:21.640+0000] {dagbag.py:545} INFO - Filling up the DagBag from /opt/airflow/dags/weather_pipeline.py
[2026-06-09T13:35:21.656+0000] {processor.py:840} INFO - DAG(s) 'weather_pipeline' retrieved from /opt/airflow/dags/weather_pipeline.py
[2026-06-09T13:35:21.679+0000] {logging_mixin.py:188} INFO - [2026-06-09T13:35:21.679+0000] {dag.py:3096} INFO - Sync 1 DAGs
[2026-06-09T13:35:21.699+0000] {logging_mixin.py:188} INFO - [2026-06-09T13:35:21.698+0000] {dag.py:3954} INFO - Setting next_dagrun for weather_pipeline to 2026-06-09 06:00:00+00:00, run_after=2026-06-10 06:00:00+00:00
[2026-06-09T13:35:21.714+0000] {processor.py:183} INFO - Processing /opt/airflow/dags/weather_pipeline.py took 0.080 seconds
[2026-06-09T13:35:53.211+0000] {processor.py:161} INFO - Started process (PID=638) to work on /opt/airflow/dags/weather_pipeline.py
[2026-06-09T13:35:53.212+0000] {processor.py:830} INFO - Processing file /opt/airflow/dags/weather_pipeline.py for tasks to queue
[2026-06-09T13:35:53.213+0000] {logging_mixin.py:188} INFO - [2026-06-09T13:35:53.213+0000] {dagbag.py:545} INFO - Filling up the DagBag from /opt/airflow/dags/weather_pipeline.py
[2026-06-09T13:35:53.228+0000] {processor.py:840} INFO - DAG(s) 'weather_pipeline' retrieved from /opt/airflow/dags/weather_pipeline.py
[2026-06-09T13:35:53.251+0000] {logging_mixin.py:188} INFO - [2026-06-09T13:35:53.251+0000] {dag.py:3096} INFO - Sync 1 DAGs
[2026-06-09T13:35:53.275+0000] {logging_mixin.py:188} INFO - [2026-06-09T13:35:53.274+0000] {dag.py:3954} INFO - Setting next_dagrun for weather_pipeline to 2026-06-09 06:00:00+00:00, run_after=2026-06-10 06:00:00+00:00
[2026-06-09T13:35:53.295+0000] {processor.py:183} INFO - Processing /opt/airflow/dags/weather_pipeline.py took 0.088 seconds
[2026-06-09T13:36:24.895+0000] {processor.py:161} INFO - Started process (PID=666) to work on /opt/airflow/dags/weather_pipeline.py
[2026-06-09T13:36:24.896+0000] {processor.py:830} INFO - Processing file /opt/airflow/dags/weather_pipeline.py for tasks to queue
[2026-06-09T13:36:24.897+0000] {logging_mixin.py:188} INFO - [2026-06-09T13:36:24.897+0000] {dagbag.py:545} INFO - Filling up the DagBag from /opt/airflow/dags/weather_pipeline.py
[2026-06-09T13:36:24.923+0000] {processor.py:840} INFO - DAG(s) 'weather_pipeline' retrieved from /opt/airflow/dags/weather_pipeline.py
[2026-06-09T13:36:24.946+0000] {logging_mixin.py:188} INFO - [2026-06-09T13:36:24.945+0000] {dag.py:3096} INFO - Sync 1 DAGs
[2026-06-09T13:36:24.965+0000] {logging_mixin.py:188} INFO - [2026-06-09T13:36:24.965+0000] {dag.py:3954} INFO - Setting next_dagrun for weather_pipeline to 2026-06-09 06:00:00+00:00, run_after=2026-06-10 06:00:00+00:00
[2026-06-09T13:36:24.990+0000] {processor.py:183} INFO - Processing /opt/airflow/dags/weather_pipeline.py took 0.099 seconds
[2026-06-09T13:36:55.585+0000] {processor.py:161} INFO - Started process (PID=687) to work on /opt/airflow/dags/weather_pipeline.py
[2026-06-09T13:36:55.586+0000] {processor.py:830} INFO - Processing file /opt/airflow/dags/weather_pipeline.py for tasks to queue
[2026-06-09T13:36:55.587+0000] {logging_mixin.py:188} INFO - [2026-06-09T13:36:55.587+0000] {dagbag.py:545} INFO - Filling up the DagBag from /opt/airflow/dags/weather_pipeline.py
[2026-06-09T13:36:55.606+0000] {processor.py:840} INFO - DAG(s) 'weather_pipeline' retrieved from /opt/airflow/dags/weather_pipeline.py
[2026-06-09T13:36:55.629+0000] {logging_mixin.py:188} INFO - [2026-06-09T13:36:55.629+0000] {dag.py:3096} INFO - Sync 1 DAGs
[2026-06-09T13:36:55.648+0000] {logging_mixin.py:188} INFO - [2026-06-09T13:36:55.648+0000] {dag.py:3954} INFO - Setting next_dagrun for weather_pipeline to 2026-06-09 06:00:00+00:00, run_after=2026-06-10 06:00:00+00:00
[2026-06-09T13:36:55.665+0000] {processor.py:183} INFO - Processing /opt/airflow/dags/weather_pipeline.py took 0.084 seconds
[2026-06-09T13:37:27.189+0000] {processor.py:161} INFO - Started process (PID=713) to work on /opt/airflow/dags/weather_pipeline.py
[2026-06-09T13:37:27.191+0000] {processor.py:830} INFO - Processing file /opt/airflow/dags/weather_pipeline.py for tasks to queue
[2026-06-09T13:37:27.192+0000] {logging_mixin.py:188} INFO - [2026-06-09T13:37:27.192+0000] {dagbag.py:545} INFO - Filling up the DagBag from /opt/airflow/dags/weather_pipeline.py
[2026-06-09T13:37:27.221+0000] {processor.py:840} INFO - DAG(s) 'weather_pipeline' retrieved from /opt/airflow/dags/weather_pipeline.py
[2026-06-09T13:37:27.249+0000] {logging_mixin.py:188} INFO - [2026-06-09T13:37:27.249+0000] {dag.py:3096} INFO - Sync 1 DAGs
[2026-06-09T13:37:27.275+0000] {logging_mixin.py:188} INFO - [2026-06-09T13:37:27.275+0000] {dag.py:3954} INFO - Setting next_dagrun for weather_pipeline to 2026-06-09 06:00:00+00:00, run_after=2026-06-10 06:00:00+00:00
[2026-06-09T13:37:27.295+0000] {processor.py:183} INFO - Processing /opt/airflow/dags/weather_pipeline.py took 0.111 seconds
[2026-06-09T13:37:58.837+0000] {processor.py:161} INFO - Started process (PID=732) to work on /opt/airflow/dags/weather_pipeline.py
[2026-06-09T13:37:58.837+0000] {processor.py:830} INFO - Processing file /opt/airflow/dags/weather_pipeline.py for tasks to queue
[2026-06-09T13:37:58.839+0000] {logging_mixin.py:188} INFO - [2026-06-09T13:37:58.838+0000] {dagbag.py:545} INFO - Filling up the DagBag from /opt/airflow/dags/weather_pipeline.py
[2026-06-09T13:37:58.857+0000] {processor.py:840} INFO - DAG(s) 'weather_pipeline' retrieved from /opt/airflow/dags/weather_pipeline.py
[2026-06-09T13:37:58.880+0000] {logging_mixin.py:188} INFO - [2026-06-09T13:37:58.880+0000] {dag.py:3096} INFO - Sync 1 DAGs
[2026-06-09T13:37:58.900+0000] {logging_mixin.py:188} INFO - [2026-06-09T13:37:58.900+0000] {dag.py:3954} INFO - Setting next_dagrun for weather_pipeline to 2026-06-09 06:00:00+00:00, run_after=2026-06-10 06:00:00+00:00
[2026-06-09T13:37:58.916+0000] {processor.py:183} INFO - Processing /opt/airflow/dags/weather_pipeline.py took 0.083 seconds
[2026-06-09T13:38:30.447+0000] {processor.py:161} INFO - Started process (PID=758) to work on /opt/airflow/dags/weather_pipeline.py
[2026-06-09T13:38:30.448+0000] {processor.py:830} INFO - Processing file /opt/airflow/dags/weather_pipeline.py for tasks to queue
[2026-06-09T13:38:30.449+0000] {logging_mixin.py:188} INFO - [2026-06-09T13:38:30.449+0000] {dagbag.py:545} INFO - Filling up the DagBag from /opt/airflow/dags/weather_pipeline.py
[2026-06-09T13:38:30.467+0000] {processor.py:840} INFO - DAG(s) 'weather_pipeline' retrieved from /opt/airflow/dags/weather_pipeline.py
[2026-06-09T13:38:30.493+0000] {logging_mixin.py:188} INFO - [2026-06-09T13:38:30.493+0000] {dag.py:3096} INFO - Sync 1 DAGs
[2026-06-09T13:38:30.514+0000] {logging_mixin.py:188} INFO - [2026-06-09T13:38:30.514+0000] {dag.py:3954} INFO - Setting next_dagrun for weather_pipeline to 2026-06-09 06:00:00+00:00, run_after=2026-06-10 06:00:00+00:00
[2026-06-09T13:38:30.532+0000] {processor.py:183} INFO - Processing /opt/airflow/dags/weather_pipeline.py took 0.089 seconds
[2026-06-09T13:39:02.098+0000] {processor.py:161} INFO - Started process (PID=777) to work on /opt/airflow/dags/weather_pipeline.py
[2026-06-09T13:39:02.099+0000] {processor.py:830} INFO - Processing file /opt/airflow/dags/weather_pipeline.py for tasks to queue
[2026-06-09T13:39:02.101+0000] {logging_mixin.py:188} INFO - [2026-06-09T13:39:02.100+0000] {dagbag.py:545} INFO - Filling up the DagBag from /opt/airflow/dags/weather_pipeline.py
[2026-06-09T13:39:02.117+0000] {processor.py:840} INFO - DAG(s) 'weather_pipeline' retrieved from /opt/airflow/dags/weather_pipeline.py
[2026-06-09T13:39:02.139+0000] {logging_mixin.py:188} INFO - [2026-06-09T13:39:02.139+0000] {dag.py:3096} INFO - Sync 1 DAGs
[2026-06-09T13:39:02.158+0000] {logging_mixin.py:188} INFO - [2026-06-09T13:39:02.157+0000] {dag.py:3954} INFO - Setting next_dagrun for weather_pipeline to 2026-06-09 06:00:00+00:00, run_after=2026-06-10 06:00:00+00:00
[2026-06-09T13:39:02.181+0000] {processor.py:183} INFO - Processing /opt/airflow/dags/weather_pipeline.py took 0.087 seconds
[2026-06-09T13:39:33.716+0000] {processor.py:161} INFO - Started process (PID=796) to work on /opt/airflow/dags/weather_pipeline.py
[2026-06-09T13:39:33.717+0000] {processor.py:830} INFO - Processing file /opt/airflow/dags/weather_pipeline.py for tasks to queue
[2026-06-09T13:39:33.719+0000] {logging_mixin.py:188} INFO - [2026-06-09T13:39:33.718+0000] {dagbag.py:545} INFO - Filling up the DagBag from /opt/airflow/dags/weather_pipeline.py
[2026-06-09T13:39:33.734+0000] {processor.py:840} INFO - DAG(s) 'weather_pipeline' retrieved from /opt/airflow/dags/weather_pipeline.py
[2026-06-09T13:39:33.758+0000] {logging_mixin.py:188} INFO - [2026-06-09T13:39:33.757+0000] {dag.py:3096} INFO - Sync 1 DAGs
[2026-06-09T13:39:33.776+0000] {logging_mixin.py:188} INFO - [2026-06-09T13:39:33.776+0000] {dag.py:3954} INFO - Setting next_dagrun for weather_pipeline to 2026-06-09 06:00:00+00:00, run_after=2026-06-10 06:00:00+00:00
[2026-06-09T13:39:33.792+0000] {processor.py:183} INFO - Processing /opt/airflow/dags/weather_pipeline.py took 0.080 seconds
[2026-06-09T13:40:04.335+0000] {processor.py:161} INFO - Started process (PID=822) to work on /opt/airflow/dags/weather_pipeline.py
[2026-06-09T13:40:04.336+0000] {processor.py:830} INFO - Processing file /opt/airflow/dags/weather_pipeline.py for tasks to queue
[2026-06-09T13:40:04.338+0000] {logging_mixin.py:188} INFO - [2026-06-09T13:40:04.337+0000] {dagbag.py:545} INFO - Filling up the DagBag from /opt/airflow/dags/weather_pipeline.py
[2026-06-09T13:40:04.354+0000] {processor.py:840} INFO - DAG(s) 'weather_pipeline' retrieved from /opt/airflow/dags/weather_pipeline.py
[2026-06-09T13:40:04.376+0000] {logging_mixin.py:188} INFO - [2026-06-09T13:40:04.375+0000] {dag.py:3096} INFO - Sync 1 DAGs
[2026-06-09T13:40:04.394+0000] {logging_mixin.py:188} INFO - [2026-06-09T13:40:04.394+0000] {dag.py:3954} INFO - Setting next_dagrun for weather_pipeline to 2026-06-09 06:00:00+00:00, run_after=2026-06-10 06:00:00+00:00
[2026-06-09T13:40:04.411+0000] {processor.py:183} INFO - Processing /opt/airflow/dags/weather_pipeline.py took 0.079 seconds
[2026-06-09T13:40:35.923+0000] {processor.py:161} INFO - Started process (PID=841) to work on /opt/airflow/dags/weather_pipeline.py
[2026-06-09T13:40:35.923+0000] {processor.py:830} INFO - Processing file /opt/airflow/dags/weather_pipeline.py for tasks to queue
[2026-06-09T13:40:35.925+0000] {logging_mixin.py:188} INFO - [2026-06-09T13:40:35.925+0000] {dagbag.py:545} INFO - Filling up the DagBag from /opt/airflow/dags/weather_pipeline.py
[2026-06-09T13:40:35.941+0000] {processor.py:840} INFO - DAG(s) 'weather_pipeline' retrieved from /opt/airflow/dags/weather_pipeline.py
[2026-06-09T13:40:35.965+0000] {logging_mixin.py:188} INFO - [2026-06-09T13:40:35.965+0000] {dag.py:3096} INFO - Sync 1 DAGs
[2026-06-09T13:40:35.986+0000] {logging_mixin.py:188} INFO - [2026-06-09T13:40:35.986+0000] {dag.py:3954} INFO - Setting next_dagrun for weather_pipeline to 2026-06-09 06:00:00+00:00, run_after=2026-06-10 06:00:00+00:00
[2026-06-09T13:40:36.002+0000] {processor.py:183} INFO - Processing /opt/airflow/dags/weather_pipeline.py took 0.083 seconds
[2026-06-09T13:41:07.605+0000] {processor.py:161} INFO - Started process (PID=877) to work on /opt/airflow/dags/weather_pipeline.py
[2026-06-09T13:41:07.606+0000] {processor.py:830} INFO - Processing file /opt/airflow/dags/weather_pipeline.py for tasks to queue
[2026-06-09T13:41:07.607+0000] {logging_mixin.py:188} INFO - [2026-06-09T13:41:07.607+0000] {dagbag.py:545} INFO - Filling up the DagBag from /opt/airflow/dags/weather_pipeline.py
[2026-06-09T13:41:07.623+0000] {processor.py:840} INFO - DAG(s) 'weather_pipeline' retrieved from /opt/airflow/dags/weather_pipeline.py
[2026-06-09T13:41:07.682+0000] {logging_mixin.py:188} INFO - [2026-06-09T13:41:07.682+0000] {dag.py:3096} INFO - Sync 1 DAGs
[2026-06-09T13:41:07.729+0000] {logging_mixin.py:188} INFO - [2026-06-09T13:41:07.729+0000] {dag.py:3954} INFO - Setting next_dagrun for weather_pipeline to 2026-06-09 06:00:00+00:00, run_after=2026-06-10 06:00:00+00:00
[2026-06-09T13:41:07.749+0000] {processor.py:183} INFO - Processing /opt/airflow/dags/weather_pipeline.py took 0.148 seconds
[2026-06-09T13:41:39.199+0000] {processor.py:161} INFO - Started process (PID=896) to work on /opt/airflow/dags/weather_pipeline.py
[2026-06-09T13:41:39.200+0000] {processor.py:830} INFO - Processing file /opt/airflow/dags/weather_pipeline.py for tasks to queue
[2026-06-09T13:41:39.202+0000] {logging_mixin.py:188} INFO - [2026-06-09T13:41:39.201+0000] {dagbag.py:545} INFO - Filling up the DagBag from /opt/airflow/dags/weather_pipeline.py
[2026-06-09T13:41:39.219+0000] {processor.py:840} INFO - DAG(s) 'weather_pipeline' retrieved from /opt/airflow/dags/weather_pipeline.py
[2026-06-09T13:41:39.241+0000] {logging_mixin.py:188} INFO - [2026-06-09T13:41:39.241+0000] {dag.py:3096} INFO - Sync 1 DAGs
[2026-06-09T13:41:39.260+0000] {logging_mixin.py:188} INFO - [2026-06-09T13:41:39.260+0000] {dag.py:3954} INFO - Setting next_dagrun for weather_pipeline to 2026-06-09 06:00:00+00:00, run_after=2026-06-10 06:00:00+00:00
[2026-06-09T13:41:39.276+0000] {processor.py:183} INFO - Processing /opt/airflow/dags/weather_pipeline.py took 0.081 seconds
[2026-06-09T13:42:10.773+0000] {processor.py:161} INFO - Started process (PID=915) to work on /opt/airflow/dags/weather_pipeline.py
[2026-06-09T13:42:10.774+0000] {processor.py:830} INFO - Processing file /opt/airflow/dags/weather_pipeline.py for tasks to queue
[2026-06-09T13:42:10.776+0000] {logging_mixin.py:188} INFO - [2026-06-09T13:42:10.775+0000] {dagbag.py:545} INFO - Filling up the DagBag from /opt/airflow/dags/weather_pipeline.py
[2026-06-09T13:42:10.794+0000] {processor.py:840} INFO - DAG(s) 'weather_pipeline' retrieved from /opt/airflow/dags/weather_pipeline.py
[2026-06-09T13:42:10.824+0000] {logging_mixin.py:188} INFO - [2026-06-09T13:42:10.823+0000] {dag.py:3096} INFO - Sync 1 DAGs
[2026-06-09T13:42:10.850+0000] {logging_mixin.py:188} INFO - [2026-06-09T13:42:10.849+0000] {dag.py:3954} INFO - Setting next_dagrun for weather_pipeline to 2026-06-09 06:00:00+00:00, run_after=2026-06-10 06:00:00+00:00
[2026-06-09T13:42:10.883+0000] {processor.py:183} INFO - Processing /opt/airflow/dags/weather_pipeline.py took 0.114 seconds
[2026-06-09T13:42:42.420+0000] {processor.py:161} INFO - Started process (PID=941) to work on /opt/airflow/dags/weather_pipeline.py
[2026-06-09T13:42:42.420+0000] {processor.py:830} INFO - Processing file /opt/airflow/dags/weather_pipeline.py for tasks to queue
[2026-06-09T13:42:42.422+0000] {logging_mixin.py:188} INFO - [2026-06-09T13:42:42.421+0000] {dagbag.py:545} INFO - Filling up the DagBag from /opt/airflow/dags/weather_pipeline.py
[2026-06-09T13:42:42.439+0000] {processor.py:840} INFO - DAG(s) 'weather_pipeline' retrieved from /opt/airflow/dags/weather_pipeline.py
[2026-06-09T13:42:42.463+0000] {logging_mixin.py:188} INFO - [2026-06-09T13:42:42.463+0000] {dag.py:3096} INFO - Sync 1 DAGs
[2026-06-09T13:42:42.483+0000] {logging_mixin.py:188} INFO - [2026-06-09T13:42:42.482+0000] {dag.py:3954} INFO - Setting next_dagrun for weather_pipeline to 2026-06-09 06:00:00+00:00, run_after=2026-06-10 06:00:00+00:00
[2026-06-09T13:42:42.499+0000] {processor.py:183} INFO - Processing /opt/airflow/dags/weather_pipeline.py took 0.084 seconds
[2026-06-09T13:43:13.032+0000] {processor.py:161} INFO - Started process (PID=960) to work on /opt/airflow/dags/weather_pipeline.py
[2026-06-09T13:43:13.033+0000] {processor.py:830} INFO - Processing file /opt/airflow/dags/weather_pipeline.py for tasks to queue
[2026-06-09T13:43:13.035+0000] {logging_mixin.py:188} INFO - [2026-06-09T13:43:13.035+0000] {dagbag.py:545} INFO - Filling up the DagBag from /opt/airflow/dags/weather_pipeline.py
[2026-06-09T13:43:13.051+0000] {processor.py:840} INFO - DAG(s) 'weather_pipeline' retrieved from /opt/airflow/dags/weather_pipeline.py
[2026-06-09T13:43:13.075+0000] {logging_mixin.py:188} INFO - [2026-06-09T13:43:13.075+0000] {dag.py:3096} INFO - Sync 1 DAGs
[2026-06-09T13:43:13.095+0000] {logging_mixin.py:188} INFO - [2026-06-09T13:43:13.095+0000] {dag.py:3954} INFO - Setting next_dagrun for weather_pipeline to 2026-06-09 06:00:00+00:00, run_after=2026-06-10 06:00:00+00:00
[2026-06-09T13:43:13.112+0000] {processor.py:183} INFO - Processing /opt/airflow/dags/weather_pipeline.py took 0.085 seconds
[2026-06-09T13:43:44.654+0000] {processor.py:161} INFO - Started process (PID=986) to work on /opt/airflow/dags/weather_pipeline.py
[2026-06-09T13:43:44.655+0000] {processor.py:830} INFO - Processing file /opt/airflow/dags/weather_pipeline.py for tasks to queue
[2026-06-09T13:43:44.657+0000] {logging_mixin.py:188} INFO - [2026-06-09T13:43:44.656+0000] {dagbag.py:545} INFO - Filling up the DagBag from /opt/airflow/dags/weather_pipeline.py
[2026-06-09T13:43:44.677+0000] {processor.py:840} INFO - DAG(s) 'weather_pipeline' retrieved from /opt/airflow/dags/weather_pipeline.py
[2026-06-09T13:43:44.702+0000] {logging_mixin.py:188} INFO - [2026-06-09T13:43:44.702+0000] {dag.py:3096} INFO - Sync 1 DAGs
[2026-06-09T13:43:44.723+0000] {logging_mixin.py:188} INFO - [2026-06-09T13:43:44.723+0000] {dag.py:3954} INFO - Setting next_dagrun for weather_pipeline to 2026-06-09 06:00:00+00:00, run_after=2026-06-10 06:00:00+00:00
[2026-06-09T13:43:44.747+0000] {processor.py:183} INFO - Processing /opt/airflow/dags/weather_pipeline.py took 0.098 seconds
