[2026-06-08T12:36:11.395+0000] {local_task_job_runner.py:120} INFO - ::group::Pre task execution logs
[2026-06-08T12:36:11.426+0000] {taskinstance.py:2076} INFO - Dependencies all met for dep_context=non-requeueable deps ti=<TaskInstance: weather_pipeline.load_weather manual__2026-06-08T12:36:08.871984+00:00 [queued]>
[2026-06-08T12:36:11.433+0000] {taskinstance.py:2076} INFO - Dependencies all met for dep_context=requeueable deps ti=<TaskInstance: weather_pipeline.load_weather manual__2026-06-08T12:36:08.871984+00:00 [queued]>
[2026-06-08T12:36:11.434+0000] {taskinstance.py:2306} INFO - Starting attempt 1 of 2
[2026-06-08T12:36:11.447+0000] {taskinstance.py:2330} INFO - Executing <Task(PythonOperator): load_weather> on 2026-06-08 12:36:08.871984+00:00
[2026-06-08T12:36:11.455+0000] {logging_mixin.py:188} WARNING - /home/***/.local/lib/python3.12/site-packages/***/task/task_runner/standard_task_runner.py:61 DeprecationWarning: This process (pid=230) is multi-threaded, use of fork() may lead to deadlocks in the child.
[2026-06-08T12:36:11.455+0000] {standard_task_runner.py:90} INFO - Running: ['***', 'tasks', 'run', 'weather_pipeline', 'load_weather', 'manual__2026-06-08T12:36:08.871984+00:00', '--job-id', '8', '--raw', '--subdir', 'DAGS_FOLDER/weather_pipeline_dag.py', '--cfg-path', '/tmp/tmp3kqneu87']
[2026-06-08T12:36:11.456+0000] {standard_task_runner.py:63} INFO - Started process 231 to run task
[2026-06-08T12:36:11.456+0000] {standard_task_runner.py:91} INFO - Job 8: Subtask load_weather
[2026-06-08T12:36:11.491+0000] {task_command.py:426} INFO - Running <TaskInstance: weather_pipeline.load_weather manual__2026-06-08T12:36:08.871984+00:00 [running]> on host fd3e023a14c0
[2026-06-08T12:36:11.563+0000] {taskinstance.py:2648} INFO - Exporting env vars: AIRFLOW_CTX_DAG_OWNER='data-team' AIRFLOW_CTX_DAG_ID='weather_pipeline' AIRFLOW_CTX_TASK_ID='load_weather' AIRFLOW_CTX_EXECUTION_DATE='2026-06-08T12:36:08.871984+00:00' AIRFLOW_CTX_TRY_NUMBER='1' AIRFLOW_CTX_DAG_RUN_ID='manual__2026-06-08T12:36:08.871984+00:00'
[2026-06-08T12:36:11.564+0000] {taskinstance.py:430} INFO - ::endgroup::
[2026-06-08T12:36:11.574+0000] {weather_pipeline_dag.py:191} INFO - Démarrage du chargement en base de données
[2026-06-08T12:36:11.661+0000] {weather_pipeline_dag.py:206} INFO - [SIMULATION INSERT] weather_data — city=Paris  temp=21.6  humidity=54  wind=15.9  at=2026-06-08T12:36:11.661727
[2026-06-08T12:36:11.749+0000] {weather_pipeline_dag.py:206} INFO - [SIMULATION INSERT] weather_data — city=Lyon  temp=26.2  humidity=49  wind=12.2  at=2026-06-08T12:36:11.749108
[2026-06-08T12:36:11.832+0000] {weather_pipeline_dag.py:206} INFO - [SIMULATION INSERT] weather_data — city=Marseille  temp=26.0  humidity=46  wind=13.5  at=2026-06-08T12:36:11.832211
[2026-06-08T12:36:11.832+0000] {weather_pipeline_dag.py:215} INFO - Chargement terminé : 3 lignes insérées en base
[2026-06-08T12:36:11.834+0000] {python.py:237} INFO - Done. Returned value was: None
[2026-06-08T12:36:11.835+0000] {taskinstance.py:441} INFO - ::group::Post task execution logs
[2026-06-08T12:36:11.844+0000] {taskinstance.py:1206} INFO - Marking task as SUCCESS. dag_id=weather_pipeline, task_id=load_weather, run_id=manual__2026-06-08T12:36:08.871984+00:00, execution_date=20260608T123608, start_date=20260608T123611, end_date=20260608T123611
[2026-06-08T12:36:11.869+0000] {local_task_job_runner.py:240} INFO - Task exited with return code 0
[2026-06-08T12:36:11.884+0000] {taskinstance.py:3498} INFO - 0 downstream tasks scheduled from follow-on schedule check
[2026-06-08T12:36:11.885+0000] {local_task_job_runner.py:222} INFO - ::endgroup::
