[2026-06-10T08:59:08.508+0000] {manager.py:470} INFO - Processing files using up to 2 processes at a time 
[2026-06-10T08:59:08.509+0000] {manager.py:471} INFO - Process each file at most once every 30 seconds
[2026-06-10T08:59:08.510+0000] {manager.py:472} INFO - Checking for new files in /opt/airflow/dags every 300 seconds
[2026-06-10T08:59:08.511+0000] {manager.py:737} INFO - Searching for files in /opt/airflow/dags
[2026-06-10T08:59:08.518+0000] {manager.py:740} INFO - There are 1 files in /opt/airflow/dags
[2026-06-10T08:59:08.588+0000] {manager.py:878} INFO - 
================================================================================
DAG File Processing Stats

File Path                                PID  Runtime      # DAGs    # Errors  Last Runtime    Last Run
-------------------------------------  -----  ---------  --------  ----------  --------------  ----------
/opt/airflow/dags/weather_pipeline.py    212  0.03s             0           0
================================================================================
[2026-06-10T08:59:41.099+0000] {manager.py:878} INFO - 
================================================================================
DAG File Processing Stats

File Path                              PID    Runtime      # DAGs    # Errors  Last Runtime    Last Run
-------------------------------------  -----  ---------  --------  ----------  --------------  -------------------
/opt/airflow/dags/weather_pipeline.py                           1           0  0.15s           2026-06-10T08:59:39
================================================================================
[2026-06-10T09:00:13.333+0000] {manager.py:878} INFO - 
================================================================================
DAG File Processing Stats

File Path                              PID    Runtime      # DAGs    # Errors  Last Runtime    Last Run
-------------------------------------  -----  ---------  --------  ----------  --------------  -------------------
/opt/airflow/dags/weather_pipeline.py                           1           0  0.13s           2026-06-10T09:00:09
================================================================================
[2026-06-10T09:00:45.542+0000] {manager.py:878} INFO - 
================================================================================
DAG File Processing Stats

File Path                              PID    Runtime      # DAGs    # Errors  Last Runtime    Last Run
-------------------------------------  -----  ---------  --------  ----------  --------------  -------------------
/opt/airflow/dags/weather_pipeline.py                           1           0  0.13s           2026-06-10T09:00:39
================================================================================
[2026-06-10T09:01:17.787+0000] {manager.py:878} INFO - 
================================================================================
DAG File Processing Stats

File Path                              PID    Runtime      # DAGs    # Errors  Last Runtime    Last Run
-------------------------------------  -----  ---------  --------  ----------  --------------  -------------------
/opt/airflow/dags/weather_pipeline.py                           1           0  0.13s           2026-06-10T09:01:11
================================================================================
[2026-06-10T09:01:49.802+0000] {manager.py:878} INFO - 
================================================================================
DAG File Processing Stats

File Path                              PID    Runtime      # DAGs    # Errors  Last Runtime    Last Run
-------------------------------------  -----  ---------  --------  ----------  --------------  -------------------
/opt/airflow/dags/weather_pipeline.py                           1           0  0.13s           2026-06-10T09:01:43
================================================================================
[2026-06-10T09:02:21.999+0000] {manager.py:878} INFO - 
================================================================================
DAG File Processing Stats

File Path                              PID    Runtime      # DAGs    # Errors  Last Runtime    Last Run
-------------------------------------  -----  ---------  --------  ----------  --------------  -------------------
/opt/airflow/dags/weather_pipeline.py                           1           0  0.14s           2026-06-10T09:02:16
================================================================================
[2026-06-10T09:02:54.103+0000] {manager.py:878} INFO - 
================================================================================
DAG File Processing Stats

File Path                              PID    Runtime      # DAGs    # Errors  Last Runtime    Last Run
-------------------------------------  -----  ---------  --------  ----------  --------------  -------------------
/opt/airflow/dags/weather_pipeline.py                           1           0  0.13s           2026-06-10T09:02:48
================================================================================
[2026-06-10T09:03:26.352+0000] {manager.py:878} INFO - 
================================================================================
DAG File Processing Stats

File Path                              PID    Runtime      # DAGs    # Errors  Last Runtime    Last Run
-------------------------------------  -----  ---------  --------  ----------  --------------  -------------------
/opt/airflow/dags/weather_pipeline.py                           1           0  0.14s           2026-06-10T09:03:19
================================================================================
[2026-06-10T09:03:58.474+0000] {manager.py:878} INFO - 
================================================================================
DAG File Processing Stats

File Path                              PID    Runtime      # DAGs    # Errors  Last Runtime    Last Run
-------------------------------------  -----  ---------  --------  ----------  --------------  -------------------
/opt/airflow/dags/weather_pipeline.py                           1           0  0.13s           2026-06-10T09:03:51
================================================================================
[2026-06-10T09:04:08.519+0000] {manager.py:737} INFO - Searching for files in /opt/airflow/dags
[2026-06-10T09:04:08.534+0000] {manager.py:740} INFO - There are 1 files in /opt/airflow/dags
[2026-06-10T09:04:30.602+0000] {manager.py:878} INFO - 
================================================================================
DAG File Processing Stats

File Path                              PID    Runtime      # DAGs    # Errors  Last Runtime    Last Run
-------------------------------------  -----  ---------  --------  ----------  --------------  -------------------
/opt/airflow/dags/weather_pipeline.py                           1           0  0.13s           2026-06-10T09:04:23
================================================================================
[2026-06-10T09:05:02.795+0000] {manager.py:878} INFO - 
================================================================================
DAG File Processing Stats

File Path                              PID    Runtime      # DAGs    # Errors  Last Runtime    Last Run
-------------------------------------  -----  ---------  --------  ----------  --------------  -------------------
/opt/airflow/dags/weather_pipeline.py                           1           0  0.12s           2026-06-10T09:04:55
================================================================================
[2026-06-10T09:05:34.879+0000] {manager.py:878} INFO - 
================================================================================
DAG File Processing Stats

File Path                              PID    Runtime      # DAGs    # Errors  Last Runtime    Last Run
-------------------------------------  -----  ---------  --------  ----------  --------------  -------------------
/opt/airflow/dags/weather_pipeline.py                           1           0  0.13s           2026-06-10T09:05:27
================================================================================
[2026-06-10T09:06:07.038+0000] {manager.py:878} INFO - 
================================================================================
DAG File Processing Stats

File Path                              PID    Runtime      # DAGs    # Errors  Last Runtime    Last Run
-------------------------------------  -----  ---------  --------  ----------  --------------  -------------------
/opt/airflow/dags/weather_pipeline.py                           1           0  0.12s           2026-06-10T09:05:59
================================================================================
[2026-06-10T09:06:39.139+0000] {manager.py:878} INFO - 
================================================================================
DAG File Processing Stats

File Path                              PID    Runtime      # DAGs    # Errors  Last Runtime    Last Run
-------------------------------------  -----  ---------  --------  ----------  --------------  -------------------
/opt/airflow/dags/weather_pipeline.py                           1           0  0.13s           2026-06-10T09:06:31
================================================================================
[2026-06-10T09:07:11.323+0000] {manager.py:878} INFO - 
================================================================================
DAG File Processing Stats

File Path                              PID    Runtime      # DAGs    # Errors  Last Runtime    Last Run
-------------------------------------  -----  ---------  --------  ----------  --------------  -------------------
/opt/airflow/dags/weather_pipeline.py                           1           0  0.13s           2026-06-10T09:07:03
================================================================================
[2026-06-10T09:07:43.416+0000] {manager.py:878} INFO - 
================================================================================
DAG File Processing Stats

File Path                              PID    Runtime      # DAGs    # Errors  Last Runtime    Last Run
-------------------------------------  -----  ---------  --------  ----------  --------------  -------------------
/opt/airflow/dags/weather_pipeline.py                           1           0  0.13s           2026-06-10T09:07:35
================================================================================
[2026-06-10T09:08:15.564+0000] {manager.py:878} INFO - 
================================================================================
DAG File Processing Stats

File Path                              PID    Runtime      # DAGs    # Errors  Last Runtime    Last Run
-------------------------------------  -----  ---------  --------  ----------  --------------  -------------------
/opt/airflow/dags/weather_pipeline.py                           1           0  0.14s           2026-06-10T09:08:07
================================================================================
[2026-06-10T09:08:47.712+0000] {manager.py:878} INFO - 
================================================================================
DAG File Processing Stats

File Path                              PID    Runtime      # DAGs    # Errors  Last Runtime    Last Run
-------------------------------------  -----  ---------  --------  ----------  --------------  -------------------
/opt/airflow/dags/weather_pipeline.py                           1           0  0.13s           2026-06-10T09:08:38
================================================================================
[2026-06-10T09:09:10.724+0000] {manager.py:737} INFO - Searching for files in /opt/airflow/dags
[2026-06-10T09:09:10.741+0000] {manager.py:740} INFO - There are 1 files in /opt/airflow/dags
[2026-06-10T09:09:19.866+0000] {manager.py:878} INFO - 
================================================================================
DAG File Processing Stats

File Path                              PID    Runtime      # DAGs    # Errors  Last Runtime    Last Run
-------------------------------------  -----  ---------  --------  ----------  --------------  -------------------
/opt/airflow/dags/weather_pipeline.py                           1           0  0.12s           2026-06-10T09:09:10
================================================================================
[2026-06-10T09:09:51.962+0000] {manager.py:878} INFO - 
================================================================================
DAG File Processing Stats

File Path                              PID    Runtime      # DAGs    # Errors  Last Runtime    Last Run
-------------------------------------  -----  ---------  --------  ----------  --------------  -------------------
/opt/airflow/dags/weather_pipeline.py                           1           0  0.13s           2026-06-10T09:09:43
================================================================================
[2026-06-10T09:10:24.201+0000] {manager.py:878} INFO - 
================================================================================
DAG File Processing Stats

File Path                              PID    Runtime      # DAGs    # Errors  Last Runtime    Last Run
-------------------------------------  -----  ---------  --------  ----------  --------------  -------------------
/opt/airflow/dags/weather_pipeline.py                           1           0  0.14s           2026-06-10T09:10:15
================================================================================
[2026-06-10T09:10:56.318+0000] {manager.py:878} INFO - 
================================================================================
DAG File Processing Stats

File Path                              PID    Runtime      # DAGs    # Errors  Last Runtime    Last Run
-------------------------------------  -----  ---------  --------  ----------  --------------  -------------------
/opt/airflow/dags/weather_pipeline.py                           1           0  0.14s           2026-06-10T09:10:47
================================================================================
[2026-06-10T09:11:28.442+0000] {manager.py:878} INFO - 
================================================================================
DAG File Processing Stats

File Path                              PID    Runtime      # DAGs    # Errors  Last Runtime    Last Run
-------------------------------------  -----  ---------  --------  ----------  --------------  -------------------
/opt/airflow/dags/weather_pipeline.py                           1           0  0.13s           2026-06-10T09:11:19
================================================================================
[2026-06-10T09:12:00.532+0000] {manager.py:878} INFO - 
================================================================================
DAG File Processing Stats

File Path                              PID    Runtime      # DAGs    # Errors  Last Runtime    Last Run
-------------------------------------  -----  ---------  --------  ----------  --------------  -------------------
/opt/airflow/dags/weather_pipeline.py                           1           0  0.13s           2026-06-10T09:11:50
================================================================================
[2026-06-10T09:12:32.761+0000] {manager.py:878} INFO - 
================================================================================
DAG File Processing Stats

File Path                              PID    Runtime      # DAGs    # Errors  Last Runtime    Last Run
-------------------------------------  -----  ---------  --------  ----------  --------------  -------------------
/opt/airflow/dags/weather_pipeline.py                           1           0  0.13s           2026-06-10T09:12:22
================================================================================
[2026-06-10T09:13:04.902+0000] {manager.py:878} INFO - 
================================================================================
DAG File Processing Stats

File Path                              PID    Runtime      # DAGs    # Errors  Last Runtime    Last Run
-------------------------------------  -----  ---------  --------  ----------  --------------  -------------------
/opt/airflow/dags/weather_pipeline.py                           1           0  0.13s           2026-06-10T09:12:54
================================================================================
[2026-06-10T09:13:37.036+0000] {manager.py:878} INFO - 
================================================================================
DAG File Processing Stats

File Path                              PID    Runtime      # DAGs    # Errors  Last Runtime    Last Run
-------------------------------------  -----  ---------  --------  ----------  --------------  -------------------
/opt/airflow/dags/weather_pipeline.py                           1           0  0.15s           2026-06-10T09:13:27
================================================================================
[2026-06-10T09:14:09.145+0000] {manager.py:878} INFO - 
================================================================================
DAG File Processing Stats

File Path                              PID    Runtime      # DAGs    # Errors  Last Runtime    Last Run
-------------------------------------  -----  ---------  --------  ----------  --------------  -------------------
/opt/airflow/dags/weather_pipeline.py                           1           0  0.13s           2026-06-10T09:13:59
================================================================================
[2026-06-10T09:14:11.155+0000] {manager.py:737} INFO - Searching for files in /opt/airflow/dags
[2026-06-10T09:14:11.172+0000] {manager.py:740} INFO - There are 1 files in /opt/airflow/dags
[2026-06-10T09:14:41.339+0000] {manager.py:878} INFO - 
================================================================================
DAG File Processing Stats

File Path                              PID    Runtime      # DAGs    # Errors  Last Runtime    Last Run
-------------------------------------  -----  ---------  --------  ----------  --------------  -------------------
/opt/airflow/dags/weather_pipeline.py                           1           0  0.13s           2026-06-10T09:14:30
================================================================================
[2026-06-10T09:15:13.523+0000] {manager.py:878} INFO - 
================================================================================
DAG File Processing Stats

File Path                              PID    Runtime      # DAGs    # Errors  Last Runtime    Last Run
-------------------------------------  -----  ---------  --------  ----------  --------------  -------------------
/opt/airflow/dags/weather_pipeline.py                           1           0  0.13s           2026-06-10T09:15:02
================================================================================
[2026-06-10T09:15:45.598+0000] {manager.py:878} INFO - 
================================================================================
DAG File Processing Stats

File Path                              PID    Runtime      # DAGs    # Errors  Last Runtime    Last Run
-------------------------------------  -----  ---------  --------  ----------  --------------  -------------------
/opt/airflow/dags/weather_pipeline.py                           1           0  0.13s           2026-06-10T09:15:34
================================================================================
[2026-06-10T09:16:17.757+0000] {manager.py:878} INFO - 
================================================================================
DAG File Processing Stats

File Path                              PID    Runtime      # DAGs    # Errors  Last Runtime    Last Run
-------------------------------------  -----  ---------  --------  ----------  --------------  -------------------
/opt/airflow/dags/weather_pipeline.py                           1           0  0.13s           2026-06-10T09:16:06
================================================================================
[2026-06-10T09:16:49.888+0000] {manager.py:878} INFO - 
================================================================================
DAG File Processing Stats

File Path                              PID    Runtime      # DAGs    # Errors  Last Runtime    Last Run
-------------------------------------  -----  ---------  --------  ----------  --------------  -------------------
/opt/airflow/dags/weather_pipeline.py                           1           0  0.14s           2026-06-10T09:16:38
================================================================================
[2026-06-10T09:17:22.116+0000] {manager.py:878} INFO - 
================================================================================
DAG File Processing Stats

File Path                              PID    Runtime      # DAGs    # Errors  Last Runtime    Last Run
-------------------------------------  -----  ---------  --------  ----------  --------------  -------------------
/opt/airflow/dags/weather_pipeline.py                           1           0  0.13s           2026-06-10T09:17:10
================================================================================
[2026-06-10T09:17:54.263+0000] {manager.py:878} INFO - 
================================================================================
DAG File Processing Stats

File Path                              PID    Runtime      # DAGs    # Errors  Last Runtime    Last Run
-------------------------------------  -----  ---------  --------  ----------  --------------  -------------------
/opt/airflow/dags/weather_pipeline.py                           1           0  0.15s           2026-06-10T09:17:42
================================================================================
[2026-06-10T09:18:26.355+0000] {manager.py:878} INFO - 
================================================================================
DAG File Processing Stats

File Path                              PID    Runtime      # DAGs    # Errors  Last Runtime    Last Run
-------------------------------------  -----  ---------  --------  ----------  --------------  -------------------
/opt/airflow/dags/weather_pipeline.py                           1           0  0.15s           2026-06-10T09:18:14
================================================================================
[2026-06-10T09:18:58.569+0000] {manager.py:878} INFO - 
================================================================================
DAG File Processing Stats

File Path                              PID    Runtime      # DAGs    # Errors  Last Runtime    Last Run
-------------------------------------  -----  ---------  --------  ----------  --------------  -------------------
/opt/airflow/dags/weather_pipeline.py                           1           0  0.14s           2026-06-10T09:18:46
================================================================================
[2026-06-10T09:19:11.624+0000] {manager.py:737} INFO - Searching for files in /opt/airflow/dags
[2026-06-10T09:19:11.642+0000] {manager.py:740} INFO - There are 1 files in /opt/airflow/dags
[2026-06-10T09:19:30.732+0000] {manager.py:878} INFO - 
================================================================================
DAG File Processing Stats

File Path                              PID    Runtime      # DAGs    # Errors  Last Runtime    Last Run
-------------------------------------  -----  ---------  --------  ----------  --------------  -------------------
/opt/airflow/dags/weather_pipeline.py                           1           0  0.18s           2026-06-10T09:19:18
================================================================================
[2026-06-10T09:20:02.943+0000] {manager.py:878} INFO - 
================================================================================
DAG File Processing Stats

File Path                              PID    Runtime      # DAGs    # Errors  Last Runtime    Last Run
-------------------------------------  -----  ---------  --------  ----------  --------------  -------------------
/opt/airflow/dags/weather_pipeline.py                           1           0  0.14s           2026-06-10T09:19:50
================================================================================
[2026-06-10T09:20:34.046+0000] {manager.py:878} INFO - 
================================================================================
DAG File Processing Stats

File Path                              PID    Runtime      # DAGs    # Errors  Last Runtime    Last Run
-------------------------------------  -----  ---------  --------  ----------  --------------  -------------------
/opt/airflow/dags/weather_pipeline.py                           1           0  0.15s           2026-06-10T09:20:21
================================================================================
[2026-06-10T09:21:07.191+0000] {manager.py:878} INFO - 
================================================================================
DAG File Processing Stats

File Path                              PID    Runtime      # DAGs    # Errors  Last Runtime    Last Run
-------------------------------------  -----  ---------  --------  ----------  --------------  -------------------
/opt/airflow/dags/weather_pipeline.py                           1           0  0.13s           2026-06-10T09:20:51
================================================================================
[2026-06-10T09:21:39.515+0000] {manager.py:878} INFO - 
================================================================================
DAG File Processing Stats

File Path                              PID    Runtime      # DAGs    # Errors  Last Runtime    Last Run
-------------------------------------  -----  ---------  --------  ----------  --------------  -------------------
/opt/airflow/dags/weather_pipeline.py                           1           0  0.14s           2026-06-10T09:21:21
================================================================================
[2026-06-10T09:22:10.609+0000] {manager.py:878} INFO - 
================================================================================
DAG File Processing Stats

File Path                              PID    Runtime      # DAGs    # Errors  Last Runtime    Last Run
-------------------------------------  -----  ---------  --------  ----------  --------------  -------------------
/opt/airflow/dags/weather_pipeline.py                           1           0  0.15s           2026-06-10T09:21:51
================================================================================
[2026-06-10T09:22:43.717+0000] {manager.py:878} INFO - 
================================================================================
DAG File Processing Stats

File Path                              PID    Runtime      # DAGs    # Errors  Last Runtime    Last Run
-------------------------------------  -----  ---------  --------  ----------  --------------  -------------------
/opt/airflow/dags/weather_pipeline.py                           1           0  0.13s           2026-06-10T09:22:22
================================================================================
[2026-06-10T09:23:15.930+0000] {manager.py:878} INFO - 
================================================================================
DAG File Processing Stats

File Path                              PID    Runtime      # DAGs    # Errors  Last Runtime    Last Run
-------------------------------------  -----  ---------  --------  ----------  --------------  -------------------
/opt/airflow/dags/weather_pipeline.py                           1           0  0.15s           2026-06-10T09:22:53
================================================================================
[2026-06-10T09:23:48.171+0000] {manager.py:878} INFO - 
================================================================================
DAG File Processing Stats

File Path                              PID    Runtime      # DAGs    # Errors  Last Runtime    Last Run
-------------------------------------  -----  ---------  --------  ----------  --------------  -------------------
/opt/airflow/dags/weather_pipeline.py                           1           0  0.13s           2026-06-10T09:23:23
================================================================================
[2026-06-10T09:24:12.287+0000] {manager.py:737} INFO - Searching for files in /opt/airflow/dags
[2026-06-10T09:24:12.304+0000] {manager.py:740} INFO - There are 1 files in /opt/airflow/dags
[2026-06-10T09:24:21.338+0000] {manager.py:878} INFO - 
================================================================================
DAG File Processing Stats

File Path                              PID    Runtime      # DAGs    # Errors  Last Runtime    Last Run
-------------------------------------  -----  ---------  --------  ----------  --------------  -------------------
/opt/airflow/dags/weather_pipeline.py                           1           0  0.13s           2026-06-10T09:23:53
================================================================================
[2026-06-10T09:24:52.473+0000] {manager.py:878} INFO - 
================================================================================
DAG File Processing Stats

File Path                              PID    Runtime      # DAGs    # Errors  Last Runtime    Last Run
-------------------------------------  -----  ---------  --------  ----------  --------------  -------------------
/opt/airflow/dags/weather_pipeline.py                           1           0  0.14s           2026-06-10T09:24:24
================================================================================
[2026-06-10T09:25:24.600+0000] {manager.py:878} INFO - 
================================================================================
DAG File Processing Stats

File Path                              PID    Runtime      # DAGs    # Errors  Last Runtime    Last Run
-------------------------------------  -----  ---------  --------  ----------  --------------  -------------------
/opt/airflow/dags/weather_pipeline.py                           1           0  0.22s           2026-06-10T09:24:54
================================================================================
[2026-06-10T09:25:57.038+0000] {manager.py:878} INFO - 
================================================================================
DAG File Processing Stats

File Path                              PID    Runtime      # DAGs    # Errors  Last Runtime    Last Run
-------------------------------------  -----  ---------  --------  ----------  --------------  -------------------
/opt/airflow/dags/weather_pipeline.py                           1           0  0.13s           2026-06-10T09:25:55
================================================================================
[2026-06-10T09:26:29.225+0000] {manager.py:878} INFO - 
================================================================================
DAG File Processing Stats

File Path                              PID    Runtime      # DAGs    # Errors  Last Runtime    Last Run
-------------------------------------  -----  ---------  --------  ----------  --------------  -------------------
/opt/airflow/dags/weather_pipeline.py                           1           0  0.14s           2026-06-10T09:26:25
================================================================================
[2026-06-10T09:27:01.337+0000] {manager.py:878} INFO - 
================================================================================
DAG File Processing Stats

File Path                              PID    Runtime      # DAGs    # Errors  Last Runtime    Last Run
-------------------------------------  -----  ---------  --------  ----------  --------------  -------------------
/opt/airflow/dags/weather_pipeline.py                           1           0  0.14s           2026-06-10T09:26:56
================================================================================
[2026-06-10T09:27:34.368+0000] {manager.py:878} INFO - 
================================================================================
DAG File Processing Stats

File Path                              PID    Runtime      # DAGs    # Errors  Last Runtime    Last Run
-------------------------------------  -----  ---------  --------  ----------  --------------  -------------------
/opt/airflow/dags/weather_pipeline.py                           1           0  0.14s           2026-06-10T09:27:27
================================================================================
[2026-06-10T09:28:05.572+0000] {manager.py:878} INFO - 
================================================================================
DAG File Processing Stats

File Path                              PID    Runtime      # DAGs    # Errors  Last Runtime    Last Run
-------------------------------------  -----  ---------  --------  ----------  --------------  -------------------
/opt/airflow/dags/weather_pipeline.py                           1           0  0.13s           2026-06-10T09:27:57
================================================================================
[2026-06-10T09:28:37.814+0000] {manager.py:878} INFO - 
================================================================================
DAG File Processing Stats

File Path                              PID    Runtime      # DAGs    # Errors  Last Runtime    Last Run
-------------------------------------  -----  ---------  --------  ----------  --------------  -------------------
/opt/airflow/dags/weather_pipeline.py                           1           0  0.13s           2026-06-10T09:28:27
================================================================================
[2026-06-10T09:29:09.816+0000] {manager.py:878} INFO - 
================================================================================
DAG File Processing Stats

File Path                              PID    Runtime      # DAGs    # Errors  Last Runtime    Last Run
-------------------------------------  -----  ---------  --------  ----------  --------------  -------------------
/opt/airflow/dags/weather_pipeline.py                           1           0  0.14s           2026-06-10T09:28:58
================================================================================
[2026-06-10T09:29:12.827+0000] {manager.py:737} INFO - Searching for files in /opt/airflow/dags
[2026-06-10T09:29:12.844+0000] {manager.py:740} INFO - There are 1 files in /opt/airflow/dags
[2026-06-10T09:29:42.939+0000] {manager.py:878} INFO - 
================================================================================
DAG File Processing Stats

File Path                              PID    Runtime      # DAGs    # Errors  Last Runtime    Last Run
-------------------------------------  -----  ---------  --------  ----------  --------------  -------------------
/opt/airflow/dags/weather_pipeline.py                           1           0  0.13s           2026-06-10T09:29:29
================================================================================
[2026-06-10T09:30:14.059+0000] {manager.py:878} INFO - 
================================================================================
DAG File Processing Stats

File Path                              PID    Runtime      # DAGs    # Errors  Last Runtime    Last Run
-------------------------------------  -----  ---------  --------  ----------  --------------  -------------------
/opt/airflow/dags/weather_pipeline.py                           1           0  0.13s           2026-06-10T09:30:00
================================================================================
[2026-06-10T09:30:46.358+0000] {manager.py:878} INFO - 
================================================================================
DAG File Processing Stats

File Path                              PID    Runtime      # DAGs    # Errors  Last Runtime    Last Run
-------------------------------------  -----  ---------  --------  ----------  --------------  -------------------
/opt/airflow/dags/weather_pipeline.py                           1           0  0.13s           2026-06-10T09:30:30
================================================================================
[2026-06-10T09:31:18.358+0000] {manager.py:878} INFO - 
================================================================================
DAG File Processing Stats

File Path                              PID    Runtime      # DAGs    # Errors  Last Runtime    Last Run
-------------------------------------  -----  ---------  --------  ----------  --------------  -------------------
/opt/airflow/dags/weather_pipeline.py                           1           0  0.14s           2026-06-10T09:31:01
================================================================================
[2026-06-10T09:31:50.511+0000] {manager.py:878} INFO - 
================================================================================
DAG File Processing Stats

File Path                              PID    Runtime      # DAGs    # Errors  Last Runtime    Last Run
-------------------------------------  -----  ---------  --------  ----------  --------------  -------------------
/opt/airflow/dags/weather_pipeline.py                           1           0  0.14s           2026-06-10T09:31:32
================================================================================
[2026-06-10T09:32:22.705+0000] {manager.py:878} INFO - 
================================================================================
DAG File Processing Stats

File Path                              PID    Runtime      # DAGs    # Errors  Last Runtime    Last Run
-------------------------------------  -----  ---------  --------  ----------  --------------  -------------------
/opt/airflow/dags/weather_pipeline.py                           1           0  0.13s           2026-06-10T09:32:04
================================================================================
[2026-06-10T09:32:54.810+0000] {manager.py:878} INFO - 
================================================================================
DAG File Processing Stats

File Path                              PID    Runtime      # DAGs    # Errors  Last Runtime    Last Run
-------------------------------------  -----  ---------  --------  ----------  --------------  -------------------
/opt/airflow/dags/weather_pipeline.py                           1           0  0.14s           2026-06-10T09:32:36
================================================================================
[2026-06-10T09:33:26.937+0000] {manager.py:878} INFO - 
================================================================================
DAG File Processing Stats

File Path                              PID    Runtime      # DAGs    # Errors  Last Runtime    Last Run
-------------------------------------  -----  ---------  --------  ----------  --------------  -------------------
/opt/airflow/dags/weather_pipeline.py                           1           0  0.15s           2026-06-10T09:33:08
================================================================================
[2026-06-10T09:33:59.006+0000] {manager.py:878} INFO - 
================================================================================
DAG File Processing Stats

File Path                              PID    Runtime      # DAGs    # Errors  Last Runtime    Last Run
-------------------------------------  -----  ---------  --------  ----------  --------------  -------------------
/opt/airflow/dags/weather_pipeline.py                           1           0  0.13s           2026-06-10T09:33:41
================================================================================
[2026-06-10T09:34:13.110+0000] {manager.py:737} INFO - Searching for files in /opt/airflow/dags
[2026-06-10T09:34:13.125+0000] {manager.py:740} INFO - There are 1 files in /opt/airflow/dags
[2026-06-10T09:34:31.211+0000] {manager.py:878} INFO - 
================================================================================
DAG File Processing Stats

File Path                              PID    Runtime      # DAGs    # Errors  Last Runtime    Last Run
-------------------------------------  -----  ---------  --------  ----------  --------------  -------------------
/opt/airflow/dags/weather_pipeline.py                           1           0  0.13s           2026-06-10T09:34:12
================================================================================
[2026-06-10T09:35:03.369+0000] {manager.py:878} INFO - 
================================================================================
DAG File Processing Stats

File Path                              PID    Runtime      # DAGs    # Errors  Last Runtime    Last Run
-------------------------------------  -----  ---------  --------  ----------  --------------  -------------------
/opt/airflow/dags/weather_pipeline.py                           1           0  0.13s           2026-06-10T09:34:44
================================================================================
[2026-06-10T09:35:35.407+0000] {manager.py:878} INFO - 
================================================================================
DAG File Processing Stats

File Path                              PID    Runtime      # DAGs    # Errors  Last Runtime    Last Run
-------------------------------------  -----  ---------  --------  ----------  --------------  -------------------
/opt/airflow/dags/weather_pipeline.py                           1           0  0.13s           2026-06-10T09:35:16
================================================================================
[2026-06-10T09:36:07.568+0000] {manager.py:878} INFO - 
================================================================================
DAG File Processing Stats

File Path                              PID    Runtime      # DAGs    # Errors  Last Runtime    Last Run
-------------------------------------  -----  ---------  --------  ----------  --------------  -------------------
/opt/airflow/dags/weather_pipeline.py                           1           0  0.12s           2026-06-10T09:35:48
================================================================================
[2026-06-10T09:36:39.663+0000] {manager.py:878} INFO - 
================================================================================
DAG File Processing Stats

File Path                              PID    Runtime      # DAGs    # Errors  Last Runtime    Last Run
-------------------------------------  -----  ---------  --------  ----------  --------------  -------------------
/opt/airflow/dags/weather_pipeline.py                           1           0  0.14s           2026-06-10T09:36:20
================================================================================
[2026-06-10T09:37:11.794+0000] {manager.py:878} INFO - 
================================================================================
DAG File Processing Stats

File Path                              PID    Runtime      # DAGs    # Errors  Last Runtime    Last Run
-------------------------------------  -----  ---------  --------  ----------  --------------  -------------------
/opt/airflow/dags/weather_pipeline.py                           1           0  0.14s           2026-06-10T09:36:51
================================================================================
[2026-06-10T09:37:43.975+0000] {manager.py:878} INFO - 
================================================================================
DAG File Processing Stats

File Path                              PID    Runtime      # DAGs    # Errors  Last Runtime    Last Run
-------------------------------------  -----  ---------  --------  ----------  --------------  -------------------
/opt/airflow/dags/weather_pipeline.py                           1           0  0.14s           2026-06-10T09:37:23
================================================================================
[2026-06-10T09:38:16.072+0000] {manager.py:878} INFO - 
================================================================================
DAG File Processing Stats

File Path                              PID    Runtime      # DAGs    # Errors  Last Runtime    Last Run
-------------------------------------  -----  ---------  --------  ----------  --------------  -------------------
/opt/airflow/dags/weather_pipeline.py                           1           0  0.20s           2026-06-10T09:37:56
================================================================================
[2026-06-10T09:38:48.309+0000] {manager.py:878} INFO - 
================================================================================
DAG File Processing Stats

File Path                              PID    Runtime      # DAGs    # Errors  Last Runtime    Last Run
-------------------------------------  -----  ---------  --------  ----------  --------------  -------------------
/opt/airflow/dags/weather_pipeline.py                           1           0  0.26s           2026-06-10T09:38:28
================================================================================
[2026-06-10T09:39:13.373+0000] {manager.py:737} INFO - Searching for files in /opt/airflow/dags
[2026-06-10T09:39:13.388+0000] {manager.py:740} INFO - There are 1 files in /opt/airflow/dags
[2026-06-10T09:39:20.428+0000] {manager.py:878} INFO - 
================================================================================
DAG File Processing Stats

File Path                              PID    Runtime      # DAGs    # Errors  Last Runtime    Last Run
-------------------------------------  -----  ---------  --------  ----------  --------------  -------------------
/opt/airflow/dags/weather_pipeline.py                           1           0  0.14s           2026-06-10T09:38:59
================================================================================
[2026-06-10T09:39:52.612+0000] {manager.py:878} INFO - 
================================================================================
DAG File Processing Stats

File Path                              PID    Runtime      # DAGs    # Errors  Last Runtime    Last Run
-------------------------------------  -----  ---------  --------  ----------  --------------  -------------------
/opt/airflow/dags/weather_pipeline.py                           1           0  0.22s           2026-06-10T09:39:31
================================================================================
[2026-06-10T09:40:01.141+0000] {manager.py:452} INFO - Exiting gracefully upon receiving signal 15
