[2026-06-08T13:01:17.793+0000] {local_task_job_runner.py:120} INFO - ::group::Pre task execution logs
[2026-06-08T13:01:17.820+0000] {taskinstance.py:2076} INFO - Dependencies all met for dep_context=non-requeueable deps ti=<TaskInstance: weather_pipeline.fetch_weather manual__2026-06-08T13:01:16.669653+00:00 [queued]>
[2026-06-08T13:01:17.828+0000] {taskinstance.py:2076} INFO - Dependencies all met for dep_context=requeueable deps ti=<TaskInstance: weather_pipeline.fetch_weather manual__2026-06-08T13:01:16.669653+00:00 [queued]>
[2026-06-08T13:01:17.828+0000] {taskinstance.py:2306} INFO - Starting attempt 1 of 2
[2026-06-08T13:01:17.841+0000] {taskinstance.py:2330} INFO - Executing <Task(PythonOperator): fetch_weather> on 2026-06-08 13:01:16.669653+00:00
[2026-06-08T13:01:17.846+0000] {standard_task_runner.py:90} INFO - Running: ['***', 'tasks', 'run', 'weather_pipeline', 'fetch_weather', 'manual__2026-06-08T13:01:16.669653+00:00', '--job-id', '10', '--raw', '--subdir', 'DAGS_FOLDER/weather_pipeline_dag.py', '--cfg-path', '/tmp/tmpb4d__had']
[2026-06-08T13:01:17.847+0000] {logging_mixin.py:188} WARNING - /home/***/.local/lib/python3.12/site-packages/***/task/task_runner/standard_task_runner.py:61 DeprecationWarning: This process (pid=321) is multi-threaded, use of fork() may lead to deadlocks in the child.
[2026-06-08T13:01:17.848+0000] {standard_task_runner.py:91} INFO - Job 10: Subtask fetch_weather
[2026-06-08T13:01:17.848+0000] {standard_task_runner.py:63} INFO - Started process 322 to run task
[2026-06-08T13:01:17.888+0000] {task_command.py:426} INFO - Running <TaskInstance: weather_pipeline.fetch_weather manual__2026-06-08T13:01:16.669653+00:00 [running]> on host 9c2f2ad65d0a
[2026-06-08T13:01:17.964+0000] {taskinstance.py:2648} INFO - Exporting env vars: AIRFLOW_CTX_DAG_OWNER='data-team' AIRFLOW_CTX_DAG_ID='weather_pipeline' AIRFLOW_CTX_TASK_ID='fetch_weather' AIRFLOW_CTX_EXECUTION_DATE='2026-06-08T13:01:16.669653+00:00' AIRFLOW_CTX_TRY_NUMBER='1' AIRFLOW_CTX_DAG_RUN_ID='manual__2026-06-08T13:01:16.669653+00:00'
[2026-06-08T13:01:17.965+0000] {taskinstance.py:430} INFO - ::endgroup::
[2026-06-08T13:01:17.989+0000] {weather_pipeline_dag.py:76} INFO - Démarrage de la récupération météo — 3 villes
[2026-06-08T13:01:17.990+0000] {weather_pipeline_dag.py:85} INFO - Appel API pour Paris (lat=48.8566, lon=2.3522)
[2026-06-08T13:01:18.114+0000] {weather_pipeline_dag.py:95} INFO - Données reçues pour Paris : température=21.3°C  humidité=50%  vent=18.7 km/h
[2026-06-08T13:01:18.114+0000] {weather_pipeline_dag.py:85} INFO - Appel API pour Lyon (lat=45.7640, lon=4.8357)
[2026-06-08T13:01:18.199+0000] {weather_pipeline_dag.py:95} INFO - Données reçues pour Lyon : température=25.4°C  humidité=53%  vent=10.1 km/h
[2026-06-08T13:01:18.199+0000] {weather_pipeline_dag.py:85} INFO - Appel API pour Marseille (lat=43.2965, lon=5.3698)
[2026-06-08T13:01:18.285+0000] {weather_pipeline_dag.py:95} INFO - Données reçues pour Marseille : température=25.5°C  humidité=46%  vent=15.3 km/h
[2026-06-08T13:01:18.285+0000] {weather_pipeline_dag.py:103} INFO - Récupération terminée pour 3 villes
[2026-06-08T13:01:18.287+0000] {python.py:237} INFO - Done. Returned value was: None
[2026-06-08T13:01:18.288+0000] {taskinstance.py:441} INFO - ::group::Post task execution logs
[2026-06-08T13:01:18.297+0000] {taskinstance.py:1206} INFO - Marking task as SUCCESS. dag_id=weather_pipeline, task_id=fetch_weather, run_id=manual__2026-06-08T13:01:16.669653+00:00, execution_date=20260608T130116, start_date=20260608T130117, end_date=20260608T130118
[2026-06-08T13:01:18.342+0000] {local_task_job_runner.py:240} INFO - Task exited with return code 0
[2026-06-08T13:01:18.365+0000] {taskinstance.py:3498} INFO - 1 downstream tasks scheduled from follow-on schedule check
[2026-06-08T13:01:18.366+0000] {local_task_job_runner.py:222} INFO - ::endgroup::
