[2026-06-09T07:57:08.278+0000] {local_task_job_runner.py:120} INFO - ::group::Pre task execution logs
[2026-06-09T07:57:08.306+0000] {taskinstance.py:2076} INFO - Dependencies all met for dep_context=non-requeueable deps ti=<TaskInstance: weather_pipeline.load_weather scheduled__2026-06-08T06:00:00+00:00 [queued]>
[2026-06-09T07:57:08.314+0000] {taskinstance.py:2076} INFO - Dependencies all met for dep_context=requeueable deps ti=<TaskInstance: weather_pipeline.load_weather scheduled__2026-06-08T06:00:00+00:00 [queued]>
[2026-06-09T07:57:08.316+0000] {taskinstance.py:2306} INFO - Starting attempt 1 of 2
[2026-06-09T07:57:08.328+0000] {taskinstance.py:2330} INFO - Executing <Task(PythonOperator): load_weather> on 2026-06-08 06:00:00+00:00
[2026-06-09T07:57:08.335+0000] {logging_mixin.py:188} WARNING - /home/***/.local/lib/python3.12/site-packages/***/task/task_runner/standard_task_runner.py:61 DeprecationWarning: This process (pid=197) is multi-threaded, use of fork() may lead to deadlocks in the child.
[2026-06-09T07:57:08.335+0000] {standard_task_runner.py:90} INFO - Running: ['***', 'tasks', 'run', 'weather_pipeline', 'load_weather', 'scheduled__2026-06-08T06:00:00+00:00', '--job-id', '17', '--raw', '--subdir', 'DAGS_FOLDER/weather_pipeline_dag.py', '--cfg-path', '/tmp/tmpbtrmt7uv']
[2026-06-09T07:57:08.336+0000] {standard_task_runner.py:63} INFO - Started process 198 to run task
[2026-06-09T07:57:08.336+0000] {standard_task_runner.py:91} INFO - Job 17: Subtask load_weather
[2026-06-09T07:57:08.378+0000] {task_command.py:426} INFO - Running <TaskInstance: weather_pipeline.load_weather scheduled__2026-06-08T06:00:00+00:00 [running]> on host 32e6b748edf8
[2026-06-09T07:57:08.460+0000] {taskinstance.py:2648} INFO - Exporting env vars: AIRFLOW_CTX_DAG_OWNER='data-team' AIRFLOW_CTX_DAG_ID='weather_pipeline' AIRFLOW_CTX_TASK_ID='load_weather' AIRFLOW_CTX_EXECUTION_DATE='2026-06-08T06:00:00+00:00' AIRFLOW_CTX_TRY_NUMBER='1' AIRFLOW_CTX_DAG_RUN_ID='scheduled__2026-06-08T06:00:00+00:00'
[2026-06-09T07:57:08.461+0000] {taskinstance.py:430} INFO - ::endgroup::
[2026-06-09T07:57:08.473+0000] {weather_pipeline_dag.py:173} INFO - Démarrage du chargement en base de données
[2026-06-09T07:57:08.483+0000] {weather_pipeline_dag.py:186} INFO - [SIMULATION INSERT] weather_data — city=Paris | temp=13.8°C | humidity=66% | wind=12.6 km/h | precip=0.0 mm | at=2026-06-09T07:45
[2026-06-09T07:57:08.484+0000] {weather_pipeline_dag.py:186} INFO - [SIMULATION INSERT] weather_data — city=Lyon | temp=17.3°C | humidity=65% | wind=12.6 km/h | precip=0.0 mm | at=2026-06-09T07:45
[2026-06-09T07:57:08.484+0000] {weather_pipeline_dag.py:186} INFO - [SIMULATION INSERT] weather_data — city=Marseille | temp=23.5°C | humidity=62% | wind=13.7 km/h | precip=0.0 mm | at=2026-06-09T07:45
[2026-06-09T07:57:08.485+0000] {weather_pipeline_dag.py:197} INFO - Chargement terminé — 3 lignes insérées en base
[2026-06-09T07:57:08.485+0000] {python.py:237} INFO - Done. Returned value was: None
[2026-06-09T07:57:08.486+0000] {taskinstance.py:441} INFO - ::group::Post task execution logs
[2026-06-09T07:57:08.494+0000] {taskinstance.py:1206} INFO - Marking task as SUCCESS. dag_id=weather_pipeline, task_id=load_weather, run_id=scheduled__2026-06-08T06:00:00+00:00, execution_date=20260608T060000, start_date=20260609T075708, end_date=20260609T075708
[2026-06-09T07:57:08.509+0000] {local_task_job_runner.py:240} INFO - Task exited with return code 0
[2026-06-09T07:57:08.524+0000] {taskinstance.py:3498} INFO - 0 downstream tasks scheduled from follow-on schedule check
[2026-06-09T07:57:08.525+0000] {local_task_job_runner.py:222} INFO - ::endgroup::
