[2026-06-10T09:01:29.923+0000] {local_task_job_runner.py:120} INFO - ::group::Pre task execution logs
[2026-06-10T09:01:29.953+0000] {taskinstance.py:2076} INFO - Dependencies all met for dep_context=non-requeueable deps ti=<TaskInstance: weather_pipeline.log_ingestion_run scheduled__2026-06-09T06:00:00+00:00 [queued]>
[2026-06-10T09:01:29.961+0000] {taskinstance.py:2076} INFO - Dependencies all met for dep_context=requeueable deps ti=<TaskInstance: weather_pipeline.log_ingestion_run scheduled__2026-06-09T06:00:00+00:00 [queued]>
[2026-06-10T09:01:29.962+0000] {taskinstance.py:2306} INFO - Starting attempt 1 of 1
[2026-06-10T09:01:29.973+0000] {taskinstance.py:2330} INFO - Executing <Task(PythonOperator): log_ingestion_run> on 2026-06-09 06:00:00+00:00
[2026-06-10T09:01:29.979+0000] {standard_task_runner.py:90} INFO - Running: ['***', 'tasks', 'run', 'weather_pipeline', 'log_ingestion_run', 'scheduled__2026-06-09T06:00:00+00:00', '--job-id', '5', '--raw', '--subdir', 'DAGS_FOLDER/weather_pipeline.py', '--cfg-path', '/tmp/tmp4ffhdo7i']
[2026-06-10T09:01:29.979+0000] {logging_mixin.py:188} WARNING - /home/***/.local/lib/python3.12/site-packages/***/task/task_runner/standard_task_runner.py:61 DeprecationWarning: This process (pid=314) is multi-threaded, use of fork() may lead to deadlocks in the child.
[2026-06-10T09:01:29.980+0000] {standard_task_runner.py:91} INFO - Job 5: Subtask log_ingestion_run
[2026-06-10T09:01:29.981+0000] {standard_task_runner.py:63} INFO - Started process 315 to run task
[2026-06-10T09:01:30.024+0000] {task_command.py:426} INFO - Running <TaskInstance: weather_pipeline.log_ingestion_run scheduled__2026-06-09T06:00:00+00:00 [running]> on host 4c04ba30613b
[2026-06-10T09:01:30.102+0000] {taskinstance.py:2648} INFO - Exporting env vars: AIRFLOW_CTX_DAG_OWNER='data-team' AIRFLOW_CTX_DAG_ID='weather_pipeline' AIRFLOW_CTX_TASK_ID='log_ingestion_run' AIRFLOW_CTX_EXECUTION_DATE='2026-06-09T06:00:00+00:00' AIRFLOW_CTX_TRY_NUMBER='1' AIRFLOW_CTX_DAG_RUN_ID='scheduled__2026-06-09T06:00:00+00:00'
[2026-06-10T09:01:30.103+0000] {taskinstance.py:430} INFO - ::endgroup::
[2026-06-10T09:01:30.157+0000] {taskinstance.py:441} INFO - ::group::Post task execution logs
[2026-06-10T09:01:30.165+0000] {taskinstance.py:2905} ERROR - Task failed with exception
Traceback (most recent call last):
  File "/home/airflow/.local/lib/python3.12/site-packages/airflow/models/taskinstance.py", line 460, in _execute_task
    result = _execute_callable(context=context, **execute_callable_kwargs)
             ^^^^^^^^^^^^^^^^^^^^^^^^^^^^^^^^^^^^^^^^^^^^^^^^^^^^^^^^^^^^^
  File "/home/airflow/.local/lib/python3.12/site-packages/airflow/models/taskinstance.py", line 432, in _execute_callable
    return execute_callable(context=context, **execute_callable_kwargs)
           ^^^^^^^^^^^^^^^^^^^^^^^^^^^^^^^^^^^^^^^^^^^^^^^^^^^^^^^^^^^^
  File "/home/airflow/.local/lib/python3.12/site-packages/airflow/models/baseoperator.py", line 400, in wrapper
    return func(self, *args, **kwargs)
           ^^^^^^^^^^^^^^^^^^^^^^^^^^^
  File "/home/airflow/.local/lib/python3.12/site-packages/airflow/operators/python.py", line 235, in execute
    return_value = self.execute_callable()
                   ^^^^^^^^^^^^^^^^^^^^^^^
  File "/home/airflow/.local/lib/python3.12/site-packages/airflow/operators/python.py", line 252, in execute_callable
    return self.python_callable(*self.op_args, **self.op_kwargs)
           ^^^^^^^^^^^^^^^^^^^^^^^^^^^^^^^^^^^^^^^^^^^^^^^^^^^^^
  File "/opt/airflow/dags/weather_pipeline.py", line 157, in log_ingestion_run
    db.insert_ingestion_run(
  File "/opt/airflow/dags/../include/db.py", line 125, in insert_ingestion_run
    hook.run(
  File "/home/airflow/.local/lib/python3.12/site-packages/airflow/providers/common/sql/hooks/sql.py", line 411, in run
    with closing(self.get_conn()) as conn:
                 ^^^^^^^^^^^^^^^
  File "/home/airflow/.local/lib/python3.12/site-packages/airflow/providers/postgres/hooks/postgres.py", line 131, in get_conn
    conn = deepcopy(self.connection or self.get_connection(conn_id))
                                       ^^^^^^^^^^^^^^^^^^^^^^^^^^^^
  File "/home/airflow/.local/lib/python3.12/site-packages/airflow/hooks/base.py", line 83, in get_connection
    conn = Connection.get_connection_from_secrets(conn_id)
           ^^^^^^^^^^^^^^^^^^^^^^^^^^^^^^^^^^^^^^^^^^^^^^^
  File "/home/airflow/.local/lib/python3.12/site-packages/airflow/models/connection.py", line 519, in get_connection_from_secrets
    raise AirflowNotFoundException(f"The conn_id `{conn_id}` isn't defined")
airflow.exceptions.AirflowNotFoundException: The conn_id `weather_postgres` isn't defined
[2026-06-10T09:01:30.175+0000] {taskinstance.py:1206} INFO - Marking task as FAILED. dag_id=weather_pipeline, task_id=log_ingestion_run, run_id=scheduled__2026-06-09T06:00:00+00:00, execution_date=20260609T060000, start_date=20260610T090129, end_date=20260610T090130
[2026-06-10T09:01:30.185+0000] {standard_task_runner.py:110} ERROR - Failed to execute job 5 for task log_ingestion_run (The conn_id `weather_postgres` isn't defined; 315)
[2026-06-10T09:01:30.194+0000] {local_task_job_runner.py:240} INFO - Task exited with return code 1
[2026-06-10T09:01:30.208+0000] {taskinstance.py:3498} INFO - 0 downstream tasks scheduled from follow-on schedule check
[2026-06-10T09:01:30.209+0000] {local_task_job_runner.py:222} INFO - ::endgroup::
