[2026-06-09T13:41:04.915+0000] {local_task_job_runner.py:120} INFO - ::group::Pre task execution logs
[2026-06-09T13:41:04.943+0000] {taskinstance.py:2076} INFO - Dependencies all met for dep_context=non-requeueable deps ti=<TaskInstance: weather_pipeline.log_ingestion_run manual__2026-06-09T13:40:59.857203+00:00 [queued]>
[2026-06-09T13:41:04.951+0000] {taskinstance.py:2076} INFO - Dependencies all met for dep_context=requeueable deps ti=<TaskInstance: weather_pipeline.log_ingestion_run manual__2026-06-09T13:40:59.857203+00:00 [queued]>
[2026-06-09T13:41:04.952+0000] {taskinstance.py:2306} INFO - Starting attempt 1 of 2
[2026-06-09T13:41:04.963+0000] {taskinstance.py:2330} INFO - Executing <Task(PythonOperator): log_ingestion_run> on 2026-06-09 13:40:59.857203+00:00
[2026-06-09T13:41:04.969+0000] {logging_mixin.py:188} WARNING - /home/***/.local/lib/python3.12/site-packages/***/task/task_runner/standard_task_runner.py:61 DeprecationWarning: This process (pid=875) is multi-threaded, use of fork() may lead to deadlocks in the child.
[2026-06-09T13:41:04.969+0000] {standard_task_runner.py:90} INFO - Running: ['***', 'tasks', 'run', 'weather_pipeline', 'log_ingestion_run', 'manual__2026-06-09T13:40:59.857203+00:00', '--job-id', '17', '--raw', '--subdir', 'DAGS_FOLDER/weather_pipeline.py', '--cfg-path', '/tmp/tmpxtvl_n53']
[2026-06-09T13:41:04.970+0000] {standard_task_runner.py:63} INFO - Started process 876 to run task
[2026-06-09T13:41:04.970+0000] {standard_task_runner.py:91} INFO - Job 17: Subtask log_ingestion_run
[2026-06-09T13:41:05.013+0000] {task_command.py:426} INFO - Running <TaskInstance: weather_pipeline.log_ingestion_run manual__2026-06-09T13:40:59.857203+00:00 [running]> on host da89a81492ed
[2026-06-09T13:41:05.088+0000] {taskinstance.py:2648} INFO - Exporting env vars: AIRFLOW_CTX_DAG_OWNER='data-team' AIRFLOW_CTX_DAG_ID='weather_pipeline' AIRFLOW_CTX_TASK_ID='log_ingestion_run' AIRFLOW_CTX_EXECUTION_DATE='2026-06-09T13:40:59.857203+00:00' AIRFLOW_CTX_TRY_NUMBER='1' AIRFLOW_CTX_DAG_RUN_ID='manual__2026-06-09T13:40:59.857203+00:00'
[2026-06-09T13:41:05.088+0000] {taskinstance.py:430} INFO - ::endgroup::
[2026-06-09T13:41:05.140+0000] {base.py:84} INFO - Using connection ID '***_postgres' for task execution.
[2026-06-09T13:41:05.144+0000] {sql.py:470} INFO - Running statement: 
        INSERT INTO technical.ingestion_runs
            (source, data_interval_start, data_interval_end,
             started_at, ended_at, status, records_received, records_inserted)
        VALUES (%s, %s, %s, %s, %s, %s, %s, %s)
        , parameters: ('open-meteo', DateTime(2026, 6, 8, 6, 0, 0, tzinfo=Timezone('UTC')), DateTime(2026, 6, 9, 6, 0, 0, tzinfo=Timezone('UTC')), datetime.datetime(2026, 6, 9, 13, 41, 0, 443557, tzinfo=Timezone('UTC')), datetime.datetime(2026, 6, 9, 13, 41, 5, 133127), 'success', 3, 3)
[2026-06-09T13:41:05.146+0000] {sql.py:479} INFO - Rows affected: 1
[2026-06-09T13:41:05.147+0000] {weather_pipeline.py:234} INFO - Run tracé — status=success | reçues=3 | insérées=3
[2026-06-09T13:41:05.148+0000] {python.py:237} INFO - Done. Returned value was: None
[2026-06-09T13:41:05.148+0000] {taskinstance.py:441} INFO - ::group::Post task execution logs
[2026-06-09T13:41:05.156+0000] {taskinstance.py:1206} INFO - Marking task as SUCCESS. dag_id=***_pipeline, task_id=log_ingestion_run, run_id=manual__2026-06-09T13:40:59.857203+00:00, execution_date=20260609T134059, start_date=20260609T134104, end_date=20260609T134105
[2026-06-09T13:41:05.184+0000] {local_task_job_runner.py:240} INFO - Task exited with return code 0
[2026-06-09T13:41:05.198+0000] {taskinstance.py:3498} INFO - 0 downstream tasks scheduled from follow-on schedule check
[2026-06-09T13:41:05.200+0000] {local_task_job_runner.py:222} INFO - ::endgroup::
