[2026-06-08T12:32:21.370+0000] {local_task_job_runner.py:120} INFO - ::group::Pre task execution logs
[2026-06-08T12:32:21.397+0000] {taskinstance.py:2076} INFO - Dependencies all met for dep_context=non-requeueable deps ti=<TaskInstance: weather_pipeline.load_weather scheduled__2026-06-07T06:00:00+00:00 [queued]>
[2026-06-08T12:32:21.404+0000] {taskinstance.py:2076} INFO - Dependencies all met for dep_context=requeueable deps ti=<TaskInstance: weather_pipeline.load_weather scheduled__2026-06-07T06:00:00+00:00 [queued]>
[2026-06-08T12:32:21.404+0000] {taskinstance.py:2306} INFO - Starting attempt 1 of 2
[2026-06-08T12:32:21.428+0000] {taskinstance.py:2330} INFO - Executing <Task(PythonOperator): load_weather> on 2026-06-07 06:00:00+00:00
[2026-06-08T12:32:21.434+0000] {logging_mixin.py:188} WARNING - /home/***/.local/lib/python3.12/site-packages/***/task/task_runner/standard_task_runner.py:61 DeprecationWarning: This process (pid=324) is multi-threaded, use of fork() may lead to deadlocks in the child.
[2026-06-08T12:32:21.434+0000] {standard_task_runner.py:90} INFO - Running: ['***', 'tasks', 'run', 'weather_pipeline', 'load_weather', 'scheduled__2026-06-07T06:00:00+00:00', '--job-id', '4', '--raw', '--subdir', 'DAGS_FOLDER/weather_pipeline_dag.py', '--cfg-path', '/tmp/tmpnysqhfd3']
[2026-06-08T12:32:21.435+0000] {standard_task_runner.py:63} INFO - Started process 325 to run task
[2026-06-08T12:32:21.435+0000] {standard_task_runner.py:91} INFO - Job 4: Subtask load_weather
[2026-06-08T12:32:21.473+0000] {task_command.py:426} INFO - Running <TaskInstance: weather_pipeline.load_weather scheduled__2026-06-07T06:00:00+00:00 [running]> on host fd3e023a14c0
[2026-06-08T12:32:21.554+0000] {taskinstance.py:2648} INFO - Exporting env vars: AIRFLOW_CTX_DAG_OWNER='data-team' AIRFLOW_CTX_DAG_ID='weather_pipeline' AIRFLOW_CTX_TASK_ID='load_weather' AIRFLOW_CTX_EXECUTION_DATE='2026-06-07T06:00:00+00:00' AIRFLOW_CTX_TRY_NUMBER='1' AIRFLOW_CTX_DAG_RUN_ID='scheduled__2026-06-07T06:00:00+00:00'
[2026-06-08T12:32:21.555+0000] {taskinstance.py:430} INFO - ::endgroup::
[2026-06-08T12:32:21.565+0000] {weather_pipeline_dag.py:191} INFO - Démarrage du chargement en base de données
[2026-06-08T12:32:21.652+0000] {weather_pipeline_dag.py:206} INFO - [SIMULATION INSERT] weather_data — city=Paris  temp=21.6  humidity=54  wind=15.9  at=2026-06-08T12:32:21.652338
[2026-06-08T12:32:21.736+0000] {weather_pipeline_dag.py:206} INFO - [SIMULATION INSERT] weather_data — city=Lyon  temp=26.2  humidity=49  wind=12.2  at=2026-06-08T12:32:21.736267
[2026-06-08T12:32:21.818+0000] {weather_pipeline_dag.py:206} INFO - [SIMULATION INSERT] weather_data — city=Marseille  temp=26.0  humidity=46  wind=13.5  at=2026-06-08T12:32:21.818942
[2026-06-08T12:32:21.819+0000] {weather_pipeline_dag.py:215} INFO - Chargement terminé : 3 lignes insérées en base
[2026-06-08T12:32:21.821+0000] {python.py:237} INFO - Done. Returned value was: None
[2026-06-08T12:32:21.821+0000] {taskinstance.py:441} INFO - ::group::Post task execution logs
[2026-06-08T12:32:21.832+0000] {taskinstance.py:1206} INFO - Marking task as SUCCESS. dag_id=weather_pipeline, task_id=load_weather, run_id=scheduled__2026-06-07T06:00:00+00:00, execution_date=20260607T060000, start_date=20260608T123221, end_date=20260608T123221
[2026-06-08T12:32:21.849+0000] {local_task_job_runner.py:240} INFO - Task exited with return code 0
[2026-06-08T12:32:21.865+0000] {taskinstance.py:3498} INFO - 0 downstream tasks scheduled from follow-on schedule check
[2026-06-08T12:32:21.867+0000] {local_task_job_runner.py:222} INFO - ::endgroup::
