[2026-06-09T13:41:01.683+0000] {local_task_job_runner.py:120} INFO - ::group::Pre task execution logs
[2026-06-09T13:41:01.710+0000] {taskinstance.py:2076} INFO - Dependencies all met for dep_context=non-requeueable deps ti=<TaskInstance: weather_pipeline.store_raw_payload manual__2026-06-09T13:40:59.857203+00:00 [queued]>
[2026-06-09T13:41:01.718+0000] {taskinstance.py:2076} INFO - Dependencies all met for dep_context=requeueable deps ti=<TaskInstance: weather_pipeline.store_raw_payload manual__2026-06-09T13:40:59.857203+00:00 [queued]>
[2026-06-09T13:41:01.719+0000] {taskinstance.py:2306} INFO - Starting attempt 1 of 2
[2026-06-09T13:41:01.729+0000] {taskinstance.py:2330} INFO - Executing <Task(PythonOperator): store_raw_payload> on 2026-06-09 13:40:59.857203+00:00
[2026-06-09T13:41:01.735+0000] {logging_mixin.py:188} WARNING - /home/***/.local/lib/python3.12/site-packages/***/task/task_runner/standard_task_runner.py:61 DeprecationWarning: This process (pid=862) is multi-threaded, use of fork() may lead to deadlocks in the child.
[2026-06-09T13:41:01.735+0000] {standard_task_runner.py:90} INFO - Running: ['***', 'tasks', 'run', 'weather_pipeline', 'store_raw_payload', 'manual__2026-06-09T13:40:59.857203+00:00', '--job-id', '14', '--raw', '--subdir', 'DAGS_FOLDER/weather_pipeline.py', '--cfg-path', '/tmp/tmp09e1kukc']
[2026-06-09T13:41:01.736+0000] {standard_task_runner.py:63} INFO - Started process 863 to run task
[2026-06-09T13:41:01.736+0000] {standard_task_runner.py:91} INFO - Job 14: Subtask store_raw_payload
[2026-06-09T13:41:01.772+0000] {task_command.py:426} INFO - Running <TaskInstance: weather_pipeline.store_raw_payload manual__2026-06-09T13:40:59.857203+00:00 [running]> on host da89a81492ed
[2026-06-09T13:41:01.840+0000] {taskinstance.py:2648} INFO - Exporting env vars: AIRFLOW_CTX_DAG_OWNER='data-team' AIRFLOW_CTX_DAG_ID='weather_pipeline' AIRFLOW_CTX_TASK_ID='store_raw_payload' AIRFLOW_CTX_EXECUTION_DATE='2026-06-09T13:40:59.857203+00:00' AIRFLOW_CTX_TRY_NUMBER='1' AIRFLOW_CTX_DAG_RUN_ID='manual__2026-06-09T13:40:59.857203+00:00'
[2026-06-09T13:41:01.841+0000] {taskinstance.py:430} INFO - ::endgroup::
[2026-06-09T13:41:01.868+0000] {base.py:84} INFO - Using connection ID '***_postgres' for task execution.
[2026-06-09T13:41:01.873+0000] {sql.py:470} INFO - Running statement: 
            INSERT INTO bronze.raw_***_payloads
                (run_id, city, latitude, longitude, payload_json, ingested_at)
            VALUES (%s, %s, %s, %s, %s, %s)
            , parameters: ('manual__2026-06-09T13:40:59.857203+00:00', 'Paris', 48.8566, 2.3522, '{"latitude": 48.86, "longitude": 2.3599997, "generationtime_ms": 0.095367431640625, "utc_offset_seconds": 0, "timezone": "GMT", "timezone_abbreviation": "GMT", "elevation": 36.0, "current_units": {"time": "iso8601", "interval": "seconds", "temperature_2m": "\\u00b0C", "relative_humidity_2m": "%", "wind_speed_10m": "km/h", "precipitation": "mm"}, "current": {"time": "2026-06-09T13:30", "interval": 900, "temperature_2m": 19.4, "relative_humidity_2m": 37, "wind_speed_10m": 12.3, "precipitation": 0.0}}', datetime.datetime(2026, 6, 9, 13, 41, 1, 860797))
[2026-06-09T13:41:01.875+0000] {sql.py:479} INFO - Rows affected: 1
[2026-06-09T13:41:01.877+0000] {weather_pipeline.py:99} INFO - Payload bronze stocké pour Paris (run_id=manual__2026-06-09T13:40:59.857203+00:00)
[2026-06-09T13:41:01.883+0000] {base.py:84} INFO - Using connection ID '***_postgres' for task execution.
[2026-06-09T13:41:01.888+0000] {sql.py:470} INFO - Running statement: 
            INSERT INTO bronze.raw_***_payloads
                (run_id, city, latitude, longitude, payload_json, ingested_at)
            VALUES (%s, %s, %s, %s, %s, %s)
            , parameters: ('manual__2026-06-09T13:40:59.857203+00:00', 'Lyon', 45.764, 4.8357, '{"latitude": 45.760002, "longitude": 4.8399997, "generationtime_ms": 0.10454654693603516, "utc_offset_seconds": 0, "timezone": "GMT", "timezone_abbreviation": "GMT", "elevation": 184.0, "current_units": {"time": "iso8601", "interval": "seconds", "temperature_2m": "\\u00b0C", "relative_humidity_2m": "%", "wind_speed_10m": "km/h", "precipitation": "mm"}, "current": {"time": "2026-06-09T13:30", "interval": 900, "temperature_2m": 20.9, "relative_humidity_2m": 46, "wind_speed_10m": 12.1, "precipitation": 0.0}}', datetime.datetime(2026, 6, 9, 13, 41, 1, 860797))
[2026-06-09T13:41:01.889+0000] {sql.py:479} INFO - Rows affected: 1
[2026-06-09T13:41:01.890+0000] {weather_pipeline.py:99} INFO - Payload bronze stocké pour Lyon (run_id=manual__2026-06-09T13:40:59.857203+00:00)
[2026-06-09T13:41:01.896+0000] {base.py:84} INFO - Using connection ID '***_postgres' for task execution.
[2026-06-09T13:41:01.900+0000] {sql.py:470} INFO - Running statement: 
            INSERT INTO bronze.raw_***_payloads
                (run_id, city, latitude, longitude, payload_json, ingested_at)
            VALUES (%s, %s, %s, %s, %s, %s)
            , parameters: ('manual__2026-06-09T13:40:59.857203+00:00', 'Marseille', 43.2965, 5.3698, '{"latitude": 43.3, "longitude": 5.369999, "generationtime_ms": 0.09274482727050781, "utc_offset_seconds": 0, "timezone": "GMT", "timezone_abbreviation": "GMT", "elevation": 6.0, "current_units": {"time": "iso8601", "interval": "seconds", "temperature_2m": "\\u00b0C", "relative_humidity_2m": "%", "wind_speed_10m": "km/h", "precipitation": "mm"}, "current": {"time": "2026-06-09T13:30", "interval": 900, "temperature_2m": 22.7, "relative_humidity_2m": 62, "wind_speed_10m": 29.9, "precipitation": 0.0}}', datetime.datetime(2026, 6, 9, 13, 41, 1, 860797))
[2026-06-09T13:41:01.902+0000] {sql.py:479} INFO - Rows affected: 1
[2026-06-09T13:41:01.903+0000] {weather_pipeline.py:99} INFO - Payload bronze stocké pour Marseille (run_id=manual__2026-06-09T13:40:59.857203+00:00)
[2026-06-09T13:41:01.903+0000] {weather_pipeline.py:101} INFO - Bronze — 3 payloads insérés
[2026-06-09T13:41:01.914+0000] {python.py:237} INFO - Done. Returned value was: None
[2026-06-09T13:41:01.915+0000] {taskinstance.py:441} INFO - ::group::Post task execution logs
[2026-06-09T13:41:01.923+0000] {taskinstance.py:1206} INFO - Marking task as SUCCESS. dag_id=***_pipeline, task_id=store_raw_payload, run_id=manual__2026-06-09T13:40:59.857203+00:00, execution_date=20260609T134059, start_date=20260609T134101, end_date=20260609T134101
[2026-06-09T13:41:01.949+0000] {local_task_job_runner.py:240} INFO - Task exited with return code 0
[2026-06-09T13:41:01.971+0000] {taskinstance.py:3498} INFO - 1 downstream tasks scheduled from follow-on schedule check
[2026-06-09T13:41:01.973+0000] {local_task_job_runner.py:222} INFO - ::endgroup::
