[2026-06-09T07:57:06.153+0000] {local_task_job_runner.py:120} INFO - ::group::Pre task execution logs
[2026-06-09T07:57:06.185+0000] {taskinstance.py:2076} INFO - Dependencies all met for dep_context=non-requeueable deps ti=<TaskInstance: weather_pipeline.extract_weather scheduled__2026-06-08T06:00:00+00:00 [queued]>
[2026-06-09T07:57:06.193+0000] {taskinstance.py:2076} INFO - Dependencies all met for dep_context=requeueable deps ti=<TaskInstance: weather_pipeline.extract_weather scheduled__2026-06-08T06:00:00+00:00 [queued]>
[2026-06-09T07:57:06.198+0000] {taskinstance.py:2306} INFO - Starting attempt 1 of 2
[2026-06-09T07:57:06.214+0000] {taskinstance.py:2330} INFO - Executing <Task(PythonOperator): extract_weather> on 2026-06-08 06:00:00+00:00
[2026-06-09T07:57:06.220+0000] {logging_mixin.py:188} WARNING - /home/***/.local/lib/python3.12/site-packages/***/task/task_runner/standard_task_runner.py:61 DeprecationWarning: This process (pid=191) is multi-threaded, use of fork() may lead to deadlocks in the child.
[2026-06-09T07:57:06.220+0000] {standard_task_runner.py:90} INFO - Running: ['***', 'tasks', 'run', 'weather_pipeline', 'extract_weather', 'scheduled__2026-06-08T06:00:00+00:00', '--job-id', '15', '--raw', '--subdir', 'DAGS_FOLDER/weather_pipeline_dag.py', '--cfg-path', '/tmp/tmp77t3cagg']
[2026-06-09T07:57:06.222+0000] {standard_task_runner.py:63} INFO - Started process 194 to run task
[2026-06-09T07:57:06.222+0000] {standard_task_runner.py:91} INFO - Job 15: Subtask extract_weather
[2026-06-09T07:57:06.265+0000] {task_command.py:426} INFO - Running <TaskInstance: weather_pipeline.extract_weather scheduled__2026-06-08T06:00:00+00:00 [running]> on host 32e6b748edf8
[2026-06-09T07:57:06.357+0000] {taskinstance.py:2648} INFO - Exporting env vars: AIRFLOW_CTX_DAG_OWNER='data-team' AIRFLOW_CTX_DAG_ID='weather_pipeline' AIRFLOW_CTX_TASK_ID='extract_weather' AIRFLOW_CTX_EXECUTION_DATE='2026-06-08T06:00:00+00:00' AIRFLOW_CTX_TRY_NUMBER='1' AIRFLOW_CTX_DAG_RUN_ID='scheduled__2026-06-08T06:00:00+00:00'
[2026-06-09T07:57:06.358+0000] {taskinstance.py:430} INFO - ::endgroup::
[2026-06-09T07:57:06.383+0000] {weather_pipeline_dag.py:68} INFO - Démarrage de l'extraction — 3 villes à interroger
[2026-06-09T07:57:06.383+0000] {weather_pipeline_dag.py:79} INFO - Appel API Open-Meteo pour Paris (lat=48.8566, lon=2.3522)
[2026-06-09T07:57:06.513+0000] {weather_pipeline_dag.py:91} INFO - Réponse brute reçue pour Paris : {'time': '2026-06-09T07:45', 'interval': 900, 'temperature_2m': 13.8, 'relative_humidity_2m': 66, 'wind_speed_10m': 12.6, 'precipitation': 0.0}
[2026-06-09T07:57:06.514+0000] {weather_pipeline_dag.py:79} INFO - Appel API Open-Meteo pour Lyon (lat=45.7640, lon=4.8357)
[2026-06-09T07:57:06.604+0000] {weather_pipeline_dag.py:91} INFO - Réponse brute reçue pour Lyon : {'time': '2026-06-09T07:45', 'interval': 900, 'temperature_2m': 17.3, 'relative_humidity_2m': 65, 'wind_speed_10m': 12.6, 'precipitation': 0.0}
[2026-06-09T07:57:06.604+0000] {weather_pipeline_dag.py:79} INFO - Appel API Open-Meteo pour Marseille (lat=43.2965, lon=5.3698)
[2026-06-09T07:57:06.693+0000] {weather_pipeline_dag.py:91} INFO - Réponse brute reçue pour Marseille : {'time': '2026-06-09T07:45', 'interval': 900, 'temperature_2m': 23.5, 'relative_humidity_2m': 62, 'wind_speed_10m': 13.7, 'precipitation': 0.0}
[2026-06-09T07:57:06.693+0000] {weather_pipeline_dag.py:101} INFO - Extraction terminée — 3 villes récupérées
[2026-06-09T07:57:06.714+0000] {python.py:237} INFO - Done. Returned value was: None
[2026-06-09T07:57:06.715+0000] {taskinstance.py:441} INFO - ::group::Post task execution logs
[2026-06-09T07:57:06.724+0000] {taskinstance.py:1206} INFO - Marking task as SUCCESS. dag_id=weather_pipeline, task_id=extract_weather, run_id=scheduled__2026-06-08T06:00:00+00:00, execution_date=20260608T060000, start_date=20260609T075706, end_date=20260609T075706
[2026-06-09T07:57:06.755+0000] {local_task_job_runner.py:240} INFO - Task exited with return code 0
[2026-06-09T07:57:06.778+0000] {taskinstance.py:3498} INFO - 1 downstream tasks scheduled from follow-on schedule check
[2026-06-09T07:57:06.780+0000] {local_task_job_runner.py:222} INFO - ::endgroup::
