[2026-06-09T07:57:33.260+0000] {local_task_job_runner.py:120} INFO - ::group::Pre task execution logs
[2026-06-09T07:57:33.288+0000] {taskinstance.py:2076} INFO - Dependencies all met for dep_context=non-requeueable deps ti=<TaskInstance: weather_pipeline.extract_weather manual__2026-06-09T07:57:32.376637+00:00 [queued]>
[2026-06-09T07:57:33.295+0000] {taskinstance.py:2076} INFO - Dependencies all met for dep_context=requeueable deps ti=<TaskInstance: weather_pipeline.extract_weather manual__2026-06-09T07:57:32.376637+00:00 [queued]>
[2026-06-09T07:57:33.296+0000] {taskinstance.py:2306} INFO - Starting attempt 1 of 2
[2026-06-09T07:57:33.308+0000] {taskinstance.py:2330} INFO - Executing <Task(PythonOperator): extract_weather> on 2026-06-09 07:57:32.376637+00:00
[2026-06-09T07:57:33.315+0000] {logging_mixin.py:188} WARNING - /home/***/.local/lib/python3.12/site-packages/***/task/task_runner/standard_task_runner.py:61 DeprecationWarning: This process (pid=213) is multi-threaded, use of fork() may lead to deadlocks in the child.
[2026-06-09T07:57:33.315+0000] {standard_task_runner.py:90} INFO - Running: ['***', 'tasks', 'run', 'weather_pipeline', 'extract_weather', 'manual__2026-06-09T07:57:32.376637+00:00', '--job-id', '18', '--raw', '--subdir', 'DAGS_FOLDER/weather_pipeline_dag.py', '--cfg-path', '/tmp/tmptxgv8tne']
[2026-06-09T07:57:33.316+0000] {standard_task_runner.py:63} INFO - Started process 214 to run task
[2026-06-09T07:57:33.316+0000] {standard_task_runner.py:91} INFO - Job 18: Subtask extract_weather
[2026-06-09T07:57:33.355+0000] {task_command.py:426} INFO - Running <TaskInstance: weather_pipeline.extract_weather manual__2026-06-09T07:57:32.376637+00:00 [running]> on host 32e6b748edf8
[2026-06-09T07:57:33.438+0000] {taskinstance.py:2648} INFO - Exporting env vars: AIRFLOW_CTX_DAG_OWNER='data-team' AIRFLOW_CTX_DAG_ID='weather_pipeline' AIRFLOW_CTX_TASK_ID='extract_weather' AIRFLOW_CTX_EXECUTION_DATE='2026-06-09T07:57:32.376637+00:00' AIRFLOW_CTX_TRY_NUMBER='1' AIRFLOW_CTX_DAG_RUN_ID='manual__2026-06-09T07:57:32.376637+00:00'
[2026-06-09T07:57:33.439+0000] {taskinstance.py:430} INFO - ::endgroup::
[2026-06-09T07:57:33.452+0000] {weather_pipeline_dag.py:68} INFO - Démarrage de l'extraction — 3 villes à interroger
[2026-06-09T07:57:33.452+0000] {weather_pipeline_dag.py:79} INFO - Appel API Open-Meteo pour Paris (lat=48.8566, lon=2.3522)
[2026-06-09T07:57:33.573+0000] {weather_pipeline_dag.py:91} INFO - Réponse brute reçue pour Paris : {'time': '2026-06-09T07:45', 'interval': 900, 'temperature_2m': 13.8, 'relative_humidity_2m': 66, 'wind_speed_10m': 12.6, 'precipitation': 0.0}
[2026-06-09T07:57:33.574+0000] {weather_pipeline_dag.py:79} INFO - Appel API Open-Meteo pour Lyon (lat=45.7640, lon=4.8357)
[2026-06-09T07:57:33.660+0000] {weather_pipeline_dag.py:91} INFO - Réponse brute reçue pour Lyon : {'time': '2026-06-09T07:45', 'interval': 900, 'temperature_2m': 17.3, 'relative_humidity_2m': 65, 'wind_speed_10m': 12.6, 'precipitation': 0.0}
[2026-06-09T07:57:33.661+0000] {weather_pipeline_dag.py:79} INFO - Appel API Open-Meteo pour Marseille (lat=43.2965, lon=5.3698)
[2026-06-09T07:57:33.759+0000] {weather_pipeline_dag.py:91} INFO - Réponse brute reçue pour Marseille : {'time': '2026-06-09T07:45', 'interval': 900, 'temperature_2m': 23.5, 'relative_humidity_2m': 62, 'wind_speed_10m': 13.7, 'precipitation': 0.0}
[2026-06-09T07:57:33.760+0000] {weather_pipeline_dag.py:101} INFO - Extraction terminée — 3 villes récupérées
[2026-06-09T07:57:33.779+0000] {python.py:237} INFO - Done. Returned value was: None
[2026-06-09T07:57:33.780+0000] {taskinstance.py:441} INFO - ::group::Post task execution logs
[2026-06-09T07:57:33.788+0000] {taskinstance.py:1206} INFO - Marking task as SUCCESS. dag_id=weather_pipeline, task_id=extract_weather, run_id=manual__2026-06-09T07:57:32.376637+00:00, execution_date=20260609T075732, start_date=20260609T075733, end_date=20260609T075733
[2026-06-09T07:57:33.810+0000] {local_task_job_runner.py:240} INFO - Task exited with return code 0
[2026-06-09T07:57:33.833+0000] {taskinstance.py:3498} INFO - 1 downstream tasks scheduled from follow-on schedule check
[2026-06-09T07:57:33.836+0000] {local_task_job_runner.py:222} INFO - ::endgroup::
