[2026-06-09T13:36:32.493+0000] {local_task_job_runner.py:120} INFO - ::group::Pre task execution logs
[2026-06-09T13:36:32.523+0000] {taskinstance.py:2076} INFO - Dependencies all met for dep_context=non-requeueable deps ti=<TaskInstance: weather_pipeline.log_ingestion_run manual__2026-06-09T13:26:26.897661+00:00 [queued]>
[2026-06-09T13:36:32.532+0000] {taskinstance.py:2076} INFO - Dependencies all met for dep_context=requeueable deps ti=<TaskInstance: weather_pipeline.log_ingestion_run manual__2026-06-09T13:26:26.897661+00:00 [queued]>
[2026-06-09T13:36:32.533+0000] {taskinstance.py:2306} INFO - Starting attempt 2 of 2
[2026-06-09T13:36:32.545+0000] {taskinstance.py:2330} INFO - Executing <Task(PythonOperator): log_ingestion_run> on 2026-06-09 13:26:26.897661+00:00
[2026-06-09T13:36:32.552+0000] {logging_mixin.py:188} WARNING - /home/***/.local/lib/python3.12/site-packages/***/task/task_runner/standard_task_runner.py:61 DeprecationWarning: This process (pid=671) is multi-threaded, use of fork() may lead to deadlocks in the child.
[2026-06-09T13:36:32.552+0000] {standard_task_runner.py:90} INFO - Running: ['***', 'tasks', 'run', 'weather_pipeline', 'log_ingestion_run', 'manual__2026-06-09T13:26:26.897661+00:00', '--job-id', '12', '--raw', '--subdir', 'DAGS_FOLDER/weather_pipeline.py', '--cfg-path', '/tmp/tmp3digd9vk']
[2026-06-09T13:36:32.553+0000] {standard_task_runner.py:63} INFO - Started process 679 to run task
[2026-06-09T13:36:32.554+0000] {standard_task_runner.py:91} INFO - Job 12: Subtask log_ingestion_run
[2026-06-09T13:36:32.596+0000] {task_command.py:426} INFO - Running <TaskInstance: weather_pipeline.log_ingestion_run manual__2026-06-09T13:26:26.897661+00:00 [running]> on host da89a81492ed
[2026-06-09T13:36:32.671+0000] {taskinstance.py:2648} INFO - Exporting env vars: AIRFLOW_CTX_DAG_OWNER='data-team' AIRFLOW_CTX_DAG_ID='weather_pipeline' AIRFLOW_CTX_TASK_ID='log_ingestion_run' AIRFLOW_CTX_EXECUTION_DATE='2026-06-09T13:26:26.897661+00:00' AIRFLOW_CTX_TRY_NUMBER='2' AIRFLOW_CTX_DAG_RUN_ID='manual__2026-06-09T13:26:26.897661+00:00'
[2026-06-09T13:36:32.672+0000] {taskinstance.py:430} INFO - ::endgroup::
[2026-06-09T13:36:32.718+0000] {taskinstance.py:441} INFO - ::group::Post task execution logs
[2026-06-09T13:36:32.726+0000] {taskinstance.py:2905} ERROR - Task failed with exception
Traceback (most recent call last):
  File "/home/airflow/.local/lib/python3.12/site-packages/airflow/models/taskinstance.py", line 465, in _execute_task
    result = _execute_callable(context=context, **execute_callable_kwargs)
             ^^^^^^^^^^^^^^^^^^^^^^^^^^^^^^^^^^^^^^^^^^^^^^^^^^^^^^^^^^^^^
  File "/home/airflow/.local/lib/python3.12/site-packages/airflow/models/taskinstance.py", line 432, in _execute_callable
    return execute_callable(context=context, **execute_callable_kwargs)
           ^^^^^^^^^^^^^^^^^^^^^^^^^^^^^^^^^^^^^^^^^^^^^^^^^^^^^^^^^^^^
  File "/home/airflow/.local/lib/python3.12/site-packages/airflow/models/baseoperator.py", line 400, in wrapper
    return func(self, *args, **kwargs)
           ^^^^^^^^^^^^^^^^^^^^^^^^^^^
  File "/home/airflow/.local/lib/python3.12/site-packages/airflow/operators/python.py", line 235, in execute
    return_value = self.execute_callable()
                   ^^^^^^^^^^^^^^^^^^^^^^^
  File "/home/airflow/.local/lib/python3.12/site-packages/airflow/operators/python.py", line 252, in execute_callable
    return self.python_callable(*self.op_args, **self.op_kwargs)
           ^^^^^^^^^^^^^^^^^^^^^^^^^^^^^^^^^^^^^^^^^^^^^^^^^^^^^
  File "/opt/airflow/dags/weather_pipeline.py", line 216, in log_ingestion_run
    hook.run(
  File "/home/airflow/.local/lib/python3.12/site-packages/airflow/providers/common/sql/hooks/sql.py", line 411, in run
    with closing(self.get_conn()) as conn:
                 ^^^^^^^^^^^^^^^
  File "/home/airflow/.local/lib/python3.12/site-packages/airflow/providers/postgres/hooks/postgres.py", line 131, in get_conn
    conn = deepcopy(self.connection or self.get_connection(conn_id))
                                       ^^^^^^^^^^^^^^^^^^^^^^^^^^^^
  File "/home/airflow/.local/lib/python3.12/site-packages/airflow/hooks/base.py", line 83, in get_connection
    conn = Connection.get_connection_from_secrets(conn_id)
           ^^^^^^^^^^^^^^^^^^^^^^^^^^^^^^^^^^^^^^^^^^^^^^^
  File "/home/airflow/.local/lib/python3.12/site-packages/airflow/models/connection.py", line 519, in get_connection_from_secrets
    raise AirflowNotFoundException(f"The conn_id `{conn_id}` isn't defined")
airflow.exceptions.AirflowNotFoundException: The conn_id `weather_postgres` isn't defined
[2026-06-09T13:36:32.733+0000] {taskinstance.py:1206} INFO - Marking task as FAILED. dag_id=weather_pipeline, task_id=log_ingestion_run, run_id=manual__2026-06-09T13:26:26.897661+00:00, execution_date=20260609T132626, start_date=20260609T133632, end_date=20260609T133632
[2026-06-09T13:36:32.743+0000] {standard_task_runner.py:110} ERROR - Failed to execute job 12 for task log_ingestion_run (The conn_id `weather_postgres` isn't defined; 679)
[2026-06-09T13:36:32.767+0000] {local_task_job_runner.py:240} INFO - Task exited with return code 1
[2026-06-09T13:36:32.781+0000] {taskinstance.py:3498} INFO - 0 downstream tasks scheduled from follow-on schedule check
[2026-06-09T13:36:32.783+0000] {local_task_job_runner.py:222} INFO - ::endgroup::
