[2026-06-10T09:33:17.384+0000] {local_task_job_runner.py:120} INFO - ::group::Pre task execution logs
[2026-06-10T09:33:17.414+0000] {taskinstance.py:2076} INFO - Dependencies all met for dep_context=non-requeueable deps ti=<TaskInstance: weather_pipeline.decide_branch manual__2026-06-10T09:02:04.494817+00:00 [queued]>
[2026-06-10T09:33:17.421+0000] {taskinstance.py:2076} INFO - Dependencies all met for dep_context=requeueable deps ti=<TaskInstance: weather_pipeline.decide_branch manual__2026-06-10T09:02:04.494817+00:00 [queued]>
[2026-06-10T09:33:17.423+0000] {taskinstance.py:2306} INFO - Starting attempt 2 of 4
[2026-06-10T09:33:17.433+0000] {taskinstance.py:2330} INFO - Executing <Task(BranchPythonOperator): decide_branch> on 2026-06-10 09:02:04.494817+00:00
[2026-06-10T09:33:17.440+0000] {standard_task_runner.py:90} INFO - Running: ['***', 'tasks', 'run', 'weather_pipeline', 'decide_branch', 'manual__2026-06-10T09:02:04.494817+00:00', '--job-id', '22', '--raw', '--subdir', 'DAGS_FOLDER/weather_pipeline.py', '--cfg-path', '/tmp/tmp4_g72b5s']
[2026-06-10T09:33:17.441+0000] {standard_task_runner.py:91} INFO - Job 22: Subtask decide_branch
[2026-06-10T09:33:17.441+0000] {logging_mixin.py:188} WARNING - /home/***/.local/lib/python3.12/site-packages/***/task/task_runner/standard_task_runner.py:61 DeprecationWarning: This process (pid=1668) is multi-threaded, use of fork() may lead to deadlocks in the child.
[2026-06-10T09:33:17.442+0000] {standard_task_runner.py:63} INFO - Started process 1669 to run task
[2026-06-10T09:33:17.477+0000] {task_command.py:426} INFO - Running <TaskInstance: weather_pipeline.decide_branch manual__2026-06-10T09:02:04.494817+00:00 [running]> on host 4c04ba30613b
[2026-06-10T09:33:17.562+0000] {taskinstance.py:2648} INFO - Exporting env vars: AIRFLOW_CTX_DAG_OWNER='data-team' AIRFLOW_CTX_DAG_ID='weather_pipeline' AIRFLOW_CTX_TASK_ID='decide_branch' AIRFLOW_CTX_EXECUTION_DATE='2026-06-10T09:02:04.494817+00:00' AIRFLOW_CTX_TRY_NUMBER='2' AIRFLOW_CTX_DAG_RUN_ID='manual__2026-06-10T09:02:04.494817+00:00'
[2026-06-10T09:33:17.563+0000] {taskinstance.py:430} INFO - ::endgroup::
[2026-06-10T09:33:17.573+0000] {baseoperator.py:399} WARNING - BranchPythonOperator.execute cannot be called outside TaskInstance!
[2026-06-10T09:33:17.582+0000] {weather_pipeline.py:99} INFO - Qualité validée — chemin nominal (chargement silver puis gold)
[2026-06-10T09:33:17.582+0000] {python.py:237} INFO - Done. Returned value was: load_silver
[2026-06-10T09:33:17.583+0000] {branch.py:36} INFO - Branch into load_silver
[2026-06-10T09:33:17.583+0000] {skipmixin.py:178} INFO - Following branch load_silver
[2026-06-10T09:33:17.599+0000] {skipmixin.py:246} INFO - Skipping tasks [('raise_quality_alert', -1)]
[2026-06-10T09:33:17.618+0000] {taskinstance.py:441} INFO - ::group::Post task execution logs
[2026-06-10T09:33:17.634+0000] {taskinstance.py:1206} INFO - Marking task as SUCCESS. dag_id=weather_pipeline, task_id=decide_branch, run_id=manual__2026-06-10T09:02:04.494817+00:00, execution_date=20260610T090204, start_date=20260610T093317, end_date=20260610T093317
[2026-06-10T09:33:17.655+0000] {local_task_job_runner.py:240} INFO - Task exited with return code 0
[2026-06-10T09:33:17.684+0000] {taskinstance.py:3498} INFO - 1 downstream tasks scheduled from follow-on schedule check
[2026-06-10T09:33:17.685+0000] {local_task_job_runner.py:222} INFO - ::endgroup::
