[2026-06-09T13:41:02.778+0000] {local_task_job_runner.py:120} INFO - ::group::Pre task execution logs
[2026-06-09T13:41:02.806+0000] {taskinstance.py:2076} INFO - Dependencies all met for dep_context=non-requeueable deps ti=<TaskInstance: weather_pipeline.transform_to_silver manual__2026-06-09T13:40:59.857203+00:00 [queued]>
[2026-06-09T13:41:02.813+0000] {taskinstance.py:2076} INFO - Dependencies all met for dep_context=requeueable deps ti=<TaskInstance: weather_pipeline.transform_to_silver manual__2026-06-09T13:40:59.857203+00:00 [queued]>
[2026-06-09T13:41:02.814+0000] {taskinstance.py:2306} INFO - Starting attempt 1 of 2
[2026-06-09T13:41:02.825+0000] {taskinstance.py:2330} INFO - Executing <Task(PythonOperator): transform_to_silver> on 2026-06-09 13:40:59.857203+00:00
[2026-06-09T13:41:02.831+0000] {logging_mixin.py:188} WARNING - /home/***/.local/lib/python3.12/site-packages/***/task/task_runner/standard_task_runner.py:61 DeprecationWarning: This process (pid=864) is multi-threaded, use of fork() may lead to deadlocks in the child.
[2026-06-09T13:41:02.831+0000] {standard_task_runner.py:90} INFO - Running: ['***', 'tasks', 'run', 'weather_pipeline', 'transform_to_silver', 'manual__2026-06-09T13:40:59.857203+00:00', '--job-id', '15', '--raw', '--subdir', 'DAGS_FOLDER/weather_pipeline.py', '--cfg-path', '/tmp/tmpc_lnld43']
[2026-06-09T13:41:02.832+0000] {standard_task_runner.py:63} INFO - Started process 865 to run task
[2026-06-09T13:41:02.832+0000] {standard_task_runner.py:91} INFO - Job 15: Subtask transform_to_silver
[2026-06-09T13:41:02.868+0000] {task_command.py:426} INFO - Running <TaskInstance: weather_pipeline.transform_to_silver manual__2026-06-09T13:40:59.857203+00:00 [running]> on host da89a81492ed
[2026-06-09T13:41:02.938+0000] {taskinstance.py:2648} INFO - Exporting env vars: AIRFLOW_CTX_DAG_OWNER='data-team' AIRFLOW_CTX_DAG_ID='weather_pipeline' AIRFLOW_CTX_TASK_ID='transform_to_silver' AIRFLOW_CTX_EXECUTION_DATE='2026-06-09T13:40:59.857203+00:00' AIRFLOW_CTX_TRY_NUMBER='1' AIRFLOW_CTX_DAG_RUN_ID='manual__2026-06-09T13:40:59.857203+00:00'
[2026-06-09T13:41:02.939+0000] {taskinstance.py:430} INFO - ::endgroup::
[2026-06-09T13:41:02.977+0000] {base.py:84} INFO - Using connection ID '***_postgres' for task execution.
[2026-06-09T13:41:02.981+0000] {sql.py:470} INFO - Running statement: 
            INSERT INTO silver.***_observations
                (city, observed_at, temperature_celsius, humidity_pct,
                 wind_speed_kmh, precipitation_mm, run_id)
            VALUES (%s, %s, %s, %s, %s, %s, %s)
            , parameters: ('Paris', '2026-06-09T13:30', 19.4, 37, 12.3, 0.0, 'manual__2026-06-09T13:40:59.857203+00:00')
[2026-06-09T13:41:02.983+0000] {sql.py:479} INFO - Rows affected: 1
[2026-06-09T13:41:02.985+0000] {weather_pipeline.py:148} INFO - Silver OK — Paris : 19.4°C | 37% | 12.3 km/h | 0.0 mm
[2026-06-09T13:41:02.991+0000] {base.py:84} INFO - Using connection ID '***_postgres' for task execution.
[2026-06-09T13:41:02.996+0000] {sql.py:470} INFO - Running statement: 
            INSERT INTO silver.***_observations
                (city, observed_at, temperature_celsius, humidity_pct,
                 wind_speed_kmh, precipitation_mm, run_id)
            VALUES (%s, %s, %s, %s, %s, %s, %s)
            , parameters: ('Lyon', '2026-06-09T13:30', 20.9, 46, 12.1, 0.0, 'manual__2026-06-09T13:40:59.857203+00:00')
[2026-06-09T13:41:02.997+0000] {sql.py:479} INFO - Rows affected: 1
[2026-06-09T13:41:02.999+0000] {weather_pipeline.py:148} INFO - Silver OK — Lyon : 20.9°C | 46% | 12.1 km/h | 0.0 mm
[2026-06-09T13:41:03.006+0000] {base.py:84} INFO - Using connection ID '***_postgres' for task execution.
[2026-06-09T13:41:03.010+0000] {sql.py:470} INFO - Running statement: 
            INSERT INTO silver.***_observations
                (city, observed_at, temperature_celsius, humidity_pct,
                 wind_speed_kmh, precipitation_mm, run_id)
            VALUES (%s, %s, %s, %s, %s, %s, %s)
            , parameters: ('Marseille', '2026-06-09T13:30', 22.7, 62, 29.9, 0.0, 'manual__2026-06-09T13:40:59.857203+00:00')
[2026-06-09T13:41:03.011+0000] {sql.py:479} INFO - Rows affected: 1
[2026-06-09T13:41:03.012+0000] {weather_pipeline.py:148} INFO - Silver OK — Marseille : 22.7°C | 62% | 29.9 km/h | 0.0 mm
[2026-06-09T13:41:03.013+0000] {weather_pipeline.py:157} INFO - Silver — 3 enregistrements insérés
[2026-06-09T13:41:03.024+0000] {python.py:237} INFO - Done. Returned value was: None
[2026-06-09T13:41:03.025+0000] {taskinstance.py:441} INFO - ::group::Post task execution logs
[2026-06-09T13:41:03.034+0000] {taskinstance.py:1206} INFO - Marking task as SUCCESS. dag_id=***_pipeline, task_id=transform_to_silver, run_id=manual__2026-06-09T13:40:59.857203+00:00, execution_date=20260609T134059, start_date=20260609T134102, end_date=20260609T134103
[2026-06-09T13:41:03.085+0000] {local_task_job_runner.py:240} INFO - Task exited with return code 0
[2026-06-09T13:41:03.109+0000] {taskinstance.py:3498} INFO - 1 downstream tasks scheduled from follow-on schedule check
[2026-06-09T13:41:03.111+0000] {local_task_job_runner.py:222} INFO - ::endgroup::
