[2026-06-09T13:26:28.017+0000] {local_task_job_runner.py:120} INFO - ::group::Pre task execution logs
[2026-06-09T13:26:28.047+0000] {taskinstance.py:2076} INFO - Dependencies all met for dep_context=non-requeueable deps ti=<TaskInstance: weather_pipeline.extract_api_payload manual__2026-06-09T13:26:26.897661+00:00 [queued]>
[2026-06-09T13:26:28.055+0000] {taskinstance.py:2076} INFO - Dependencies all met for dep_context=requeueable deps ti=<TaskInstance: weather_pipeline.extract_api_payload manual__2026-06-09T13:26:26.897661+00:00 [queued]>
[2026-06-09T13:26:28.056+0000] {taskinstance.py:2306} INFO - Starting attempt 1 of 2
[2026-06-09T13:26:28.067+0000] {taskinstance.py:2330} INFO - Executing <Task(PythonOperator): extract_api_payload> on 2026-06-09 13:26:26.897661+00:00
[2026-06-09T13:26:28.073+0000] {logging_mixin.py:188} WARNING - /home/***/.local/lib/python3.12/site-packages/***/task/task_runner/standard_task_runner.py:61 DeprecationWarning: This process (pid=240) is multi-threaded, use of fork() may lead to deadlocks in the child.
[2026-06-09T13:26:28.072+0000] {standard_task_runner.py:90} INFO - Running: ['***', 'tasks', 'run', 'weather_pipeline', 'extract_api_payload', 'manual__2026-06-09T13:26:26.897661+00:00', '--job-id', '5', '--raw', '--subdir', 'DAGS_FOLDER/weather_pipeline.py', '--cfg-path', '/tmp/tmpw_g3t9oa']
[2026-06-09T13:26:28.074+0000] {standard_task_runner.py:63} INFO - Started process 241 to run task
[2026-06-09T13:26:28.074+0000] {standard_task_runner.py:91} INFO - Job 5: Subtask extract_api_payload
[2026-06-09T13:26:28.115+0000] {task_command.py:426} INFO - Running <TaskInstance: weather_pipeline.extract_api_payload manual__2026-06-09T13:26:26.897661+00:00 [running]> on host da89a81492ed
[2026-06-09T13:26:28.192+0000] {taskinstance.py:2648} INFO - Exporting env vars: AIRFLOW_CTX_DAG_OWNER='data-team' AIRFLOW_CTX_DAG_ID='weather_pipeline' AIRFLOW_CTX_TASK_ID='extract_api_payload' AIRFLOW_CTX_EXECUTION_DATE='2026-06-09T13:26:26.897661+00:00' AIRFLOW_CTX_TRY_NUMBER='1' AIRFLOW_CTX_DAG_RUN_ID='manual__2026-06-09T13:26:26.897661+00:00'
[2026-06-09T13:26:28.193+0000] {taskinstance.py:430} INFO - ::endgroup::
[2026-06-09T13:26:28.212+0000] {weather_pipeline.py:43} INFO - Extraction démarrée — 3 villes
[2026-06-09T13:26:28.213+0000] {weather_pipeline.py:52} INFO - Appel API Open-Meteo pour Paris
[2026-06-09T13:26:28.330+0000] {weather_pipeline.py:62} INFO - Payload reçu pour Paris
[2026-06-09T13:26:28.330+0000] {weather_pipeline.py:52} INFO - Appel API Open-Meteo pour Lyon
[2026-06-09T13:26:28.418+0000] {weather_pipeline.py:62} INFO - Payload reçu pour Lyon
[2026-06-09T13:26:28.418+0000] {weather_pipeline.py:52} INFO - Appel API Open-Meteo pour Marseille
[2026-06-09T13:26:28.503+0000] {weather_pipeline.py:62} INFO - Payload reçu pour Marseille
[2026-06-09T13:26:28.503+0000] {weather_pipeline.py:64} INFO - Extraction terminée — 3 payloads
[2026-06-09T13:26:28.517+0000] {python.py:237} INFO - Done. Returned value was: None
[2026-06-09T13:26:28.518+0000] {taskinstance.py:441} INFO - ::group::Post task execution logs
[2026-06-09T13:26:28.526+0000] {taskinstance.py:1206} INFO - Marking task as SUCCESS. dag_id=weather_pipeline, task_id=extract_api_payload, run_id=manual__2026-06-09T13:26:26.897661+00:00, execution_date=20260609T132626, start_date=20260609T132628, end_date=20260609T132628
[2026-06-09T13:26:28.568+0000] {local_task_job_runner.py:240} INFO - Task exited with return code 0
[2026-06-09T13:26:28.591+0000] {taskinstance.py:3498} INFO - 1 downstream tasks scheduled from follow-on schedule check
[2026-06-09T13:26:28.593+0000] {local_task_job_runner.py:222} INFO - ::endgroup::
