[2026-06-10T09:21:59.223+0000] {local_task_job_runner.py:120} INFO - ::group::Pre task execution logs
[2026-06-10T09:21:59.251+0000] {taskinstance.py:2076} INFO - Dependencies all met for dep_context=non-requeueable deps ti=<TaskInstance: weather_pipeline.decide_branch manual__2026-06-10T09:21:54.375089+00:00 [queued]>
[2026-06-10T09:21:59.258+0000] {taskinstance.py:2076} INFO - Dependencies all met for dep_context=requeueable deps ti=<TaskInstance: weather_pipeline.decide_branch manual__2026-06-10T09:21:54.375089+00:00 [queued]>
[2026-06-10T09:21:59.259+0000] {taskinstance.py:2306} INFO - Starting attempt 1 of 3
[2026-06-10T09:21:59.271+0000] {taskinstance.py:2330} INFO - Executing <Task(BranchPythonOperator): decide_branch> on 2026-06-10 09:21:54.375089+00:00
[2026-06-10T09:21:59.277+0000] {logging_mixin.py:188} WARNING - /home/***/.local/lib/python3.12/site-packages/***/task/task_runner/standard_task_runner.py:61 DeprecationWarning: This process (pid=1182) is multi-threaded, use of fork() may lead to deadlocks in the child.
[2026-06-10T09:21:59.277+0000] {standard_task_runner.py:90} INFO - Running: ['***', 'tasks', 'run', 'weather_pipeline', 'decide_branch', 'manual__2026-06-10T09:21:54.375089+00:00', '--job-id', '16', '--raw', '--subdir', 'DAGS_FOLDER/weather_pipeline.py', '--cfg-path', '/tmp/tmp69iwj0he']
[2026-06-10T09:21:59.278+0000] {standard_task_runner.py:63} INFO - Started process 1183 to run task
[2026-06-10T09:21:59.278+0000] {standard_task_runner.py:91} INFO - Job 16: Subtask decide_branch
[2026-06-10T09:21:59.313+0000] {task_command.py:426} INFO - Running <TaskInstance: weather_pipeline.decide_branch manual__2026-06-10T09:21:54.375089+00:00 [running]> on host 4c04ba30613b
[2026-06-10T09:21:59.389+0000] {taskinstance.py:2648} INFO - Exporting env vars: AIRFLOW_CTX_DAG_OWNER='data-team' AIRFLOW_CTX_DAG_ID='weather_pipeline' AIRFLOW_CTX_TASK_ID='decide_branch' AIRFLOW_CTX_EXECUTION_DATE='2026-06-10T09:21:54.375089+00:00' AIRFLOW_CTX_TRY_NUMBER='1' AIRFLOW_CTX_DAG_RUN_ID='manual__2026-06-10T09:21:54.375089+00:00'
[2026-06-10T09:21:59.390+0000] {taskinstance.py:430} INFO - ::endgroup::
[2026-06-10T09:21:59.400+0000] {baseoperator.py:399} WARNING - BranchPythonOperator.execute cannot be called outside TaskInstance!
[2026-06-10T09:21:59.409+0000] {weather_pipeline.py:102} WARNING - Qualité invalide — chemin d'alerte (aucun chargement)
[2026-06-10T09:21:59.409+0000] {python.py:237} INFO - Done. Returned value was: raise_quality_alert
[2026-06-10T09:21:59.410+0000] {branch.py:36} INFO - Branch into raise_quality_alert
[2026-06-10T09:21:59.410+0000] {skipmixin.py:178} INFO - Following branch raise_quality_alert
[2026-06-10T09:21:59.424+0000] {skipmixin.py:246} INFO - Skipping tasks [('load_silver', -1)]
[2026-06-10T09:21:59.445+0000] {taskinstance.py:441} INFO - ::group::Post task execution logs
[2026-06-10T09:21:59.462+0000] {taskinstance.py:1206} INFO - Marking task as SUCCESS. dag_id=weather_pipeline, task_id=decide_branch, run_id=manual__2026-06-10T09:21:54.375089+00:00, execution_date=20260610T092154, start_date=20260610T092159, end_date=20260610T092159
[2026-06-10T09:21:59.491+0000] {local_task_job_runner.py:240} INFO - Task exited with return code 0
[2026-06-10T09:21:59.519+0000] {taskinstance.py:3498} INFO - 1 downstream tasks scheduled from follow-on schedule check
[2026-06-10T09:21:59.522+0000] {local_task_job_runner.py:222} INFO - ::endgroup::
