[2026-06-09T07:57:07.194+0000] {local_task_job_runner.py:120} INFO - ::group::Pre task execution logs
[2026-06-09T07:57:07.221+0000] {taskinstance.py:2076} INFO - Dependencies all met for dep_context=non-requeueable deps ti=<TaskInstance: weather_pipeline.transform_weather scheduled__2026-06-08T06:00:00+00:00 [queued]>
[2026-06-09T07:57:07.230+0000] {taskinstance.py:2076} INFO - Dependencies all met for dep_context=requeueable deps ti=<TaskInstance: weather_pipeline.transform_weather scheduled__2026-06-08T06:00:00+00:00 [queued]>
[2026-06-09T07:57:07.232+0000] {taskinstance.py:2306} INFO - Starting attempt 1 of 2
[2026-06-09T07:57:07.245+0000] {taskinstance.py:2330} INFO - Executing <Task(PythonOperator): transform_weather> on 2026-06-08 06:00:00+00:00
[2026-06-09T07:57:07.252+0000] {logging_mixin.py:188} WARNING - /home/***/.local/lib/python3.12/site-packages/***/task/task_runner/standard_task_runner.py:61 DeprecationWarning: This process (pid=195) is multi-threaded, use of fork() may lead to deadlocks in the child.
[2026-06-09T07:57:07.251+0000] {standard_task_runner.py:90} INFO - Running: ['***', 'tasks', 'run', 'weather_pipeline', 'transform_weather', 'scheduled__2026-06-08T06:00:00+00:00', '--job-id', '16', '--raw', '--subdir', 'DAGS_FOLDER/weather_pipeline_dag.py', '--cfg-path', '/tmp/tmpwrumjnp2']
[2026-06-09T07:57:07.253+0000] {standard_task_runner.py:63} INFO - Started process 196 to run task
[2026-06-09T07:57:07.253+0000] {standard_task_runner.py:91} INFO - Job 16: Subtask transform_weather
[2026-06-09T07:57:07.294+0000] {task_command.py:426} INFO - Running <TaskInstance: weather_pipeline.transform_weather scheduled__2026-06-08T06:00:00+00:00 [running]> on host 32e6b748edf8
[2026-06-09T07:57:07.375+0000] {taskinstance.py:2648} INFO - Exporting env vars: AIRFLOW_CTX_DAG_OWNER='data-team' AIRFLOW_CTX_DAG_ID='weather_pipeline' AIRFLOW_CTX_TASK_ID='transform_weather' AIRFLOW_CTX_EXECUTION_DATE='2026-06-08T06:00:00+00:00' AIRFLOW_CTX_TRY_NUMBER='1' AIRFLOW_CTX_DAG_RUN_ID='scheduled__2026-06-08T06:00:00+00:00'
[2026-06-09T07:57:07.377+0000] {taskinstance.py:430} INFO - ::endgroup::
[2026-06-09T07:57:07.389+0000] {weather_pipeline_dag.py:115} INFO - Démarrage de la transformation
[2026-06-09T07:57:07.399+0000] {weather_pipeline_dag.py:149} INFO - Transformation OK — Paris : 13.8°C | 66% | 12.6 km/h | 0.0 mm
[2026-06-09T07:57:07.399+0000] {weather_pipeline_dag.py:149} INFO - Transformation OK — Lyon : 17.3°C | 65% | 12.6 km/h | 0.0 mm
[2026-06-09T07:57:07.400+0000] {weather_pipeline_dag.py:149} INFO - Transformation OK — Marseille : 23.5°C | 62% | 13.7 km/h | 0.0 mm
[2026-06-09T07:57:07.400+0000] {weather_pipeline_dag.py:160} INFO - Transformation terminée — 3 enregistrements prêts
[2026-06-09T07:57:07.418+0000] {python.py:237} INFO - Done. Returned value was: None
[2026-06-09T07:57:07.419+0000] {taskinstance.py:441} INFO - ::group::Post task execution logs
[2026-06-09T07:57:07.429+0000] {taskinstance.py:1206} INFO - Marking task as SUCCESS. dag_id=weather_pipeline, task_id=transform_weather, run_id=scheduled__2026-06-08T06:00:00+00:00, execution_date=20260608T060000, start_date=20260609T075707, end_date=20260609T075707
[2026-06-09T07:57:07.466+0000] {local_task_job_runner.py:240} INFO - Task exited with return code 0
[2026-06-09T07:57:07.483+0000] {taskinstance.py:3498} INFO - 1 downstream tasks scheduled from follow-on schedule check
[2026-06-09T07:57:07.485+0000] {local_task_job_runner.py:222} INFO - ::endgroup::
